#
# There is insufficient memory for the Java Runtime Environment to continue.
# Native memory allocation (malloc) failed to allocate 1553056 bytes for Chunk::new
# Possible reasons:
#   The system is out of physical RAM or swap space
#   The process is running with CompressedOops enabled, and the Java Heap may be blocking the growth of the native heap
# Possible solutions:
#   Reduce memory load on the system
#   Increase physical memory or swap space
#   Check if swap backing store is full
#   Decrease Java heap size (-Xmx/-Xms)
#   Decrease number of Java threads
#   Decrease Java thread stack sizes (-Xss)
#   Set larger code cache with -XX:ReservedCodeCacheSize=
#   JVM is running with Unscaled Compressed Oops mode in which the Java heap is
#     placed in the first 4GB address space. The Java Heap base address is the
#     maximum limit for the native heap growth. Please use -XX:HeapBaseMinAddress
#     to set the Java Heap base and to place the Java Heap above 4GB virtual address.
# This output file may be truncated or incomplete.
#
#  Out of Memory Error (./src/hotspot/share/memory/arena.cpp:197), pid=13804, tid=2248
#
# JRE version: OpenJDK Runtime Environment (11.0.12+7) (build 11.0.12+7-b1504.28-7817840)
# Java VM: OpenJDK 64-Bit Server VM (11.0.12+7-b1504.28-7817840, mixed mode, tiered, compressed oops, g1 gc, windows-amd64)
# No core dump will be written. Minidumps are not enabled by default on client versions of Windows
#

---------------  S U M M A R Y ------------

Command Line: --add-opens=java.base/java.util=ALL-UNNAMED --add-opens=java.base/java.lang=ALL-UNNAMED --add-opens=java.base/java.lang.invoke=ALL-UNNAMED --add-opens=java.base/java.util=ALL-UNNAMED --add-opens=java.prefs/java.util.prefs=ALL-UNNAMED --add-opens=java.prefs/java.util.prefs=ALL-UNNAMED --add-opens=java.base/java.nio.charset=ALL-UNNAMED --add-opens=java.base/java.net=ALL-UNNAMED --add-opens=java.base/java.util.concurrent.atomic=ALL-UNNAMED -Xmx2048m -Dfile.encoding=UTF-8 -Duser.country=US -Duser.language=en -Duser.variant org.gradle.launcher.daemon.bootstrap.GradleDaemon 7.4

Host: Intel(R) Core(TM) i7-6600U CPU @ 2.60GHz, 4 cores, 7G,  Windows 10 , 64 bit Build 18362 (10.0.18362.329)
Time: Sat Dec  2 02:18:24 2023 C????I?E - C?E???E C????? elapsed time: 49.130514 seconds (0d 0h 0m 49s)

---------------  T H R E A D  ---------------

Current thread (0x000001e0ba3fc800):  JavaThread "C2 CompilerThread0" daemon [_thread_in_native, id=2248, stack(0x00000080c8800000,0x00000080c8900000)]


Current CompileTask:
C2:  49130 21343 %     4       com.android.tools.r8.ir.regalloc.b::c @ 2064 (3963 bytes)

Stack: [0x00000080c8800000,0x00000080c8900000]
Native frames: (J=compiled Java code, j=interpreted, Vv=VM code, C=native code)
V  [jvm.dll+0x5fbcea]
V  [jvm.dll+0x731905]
V  [jvm.dll+0x732f1d]
V  [jvm.dll+0x7335d3]
V  [jvm.dll+0x247bf8]
V  [jvm.dll+0xc018c]
V  [jvm.dll+0xc06cc]
V  [jvm.dll+0x2bcc04]
V  [jvm.dll+0x5113a8]
V  [jvm.dll+0x208303]
V  [jvm.dll+0x201fe0]
V  [jvm.dll+0x1ff71f]
V  [jvm.dll+0x18868c]
V  [jvm.dll+0x20e0d7]
V  [jvm.dll+0x20c901]
V  [jvm.dll+0x6f9b7f]
V  [jvm.dll+0x6f26a5]
V  [jvm.dll+0x5fabf6]
C  [ucrtbase.dll+0x20e72]
C  [KERNEL32.DLL+0x17bd4]
C  [ntdll.dll+0x6ced1]


---------------  P R O C E S S  ---------------

Threads class SMR info:
_java_thread_list=0x000001e0c4b52730, length=97, elements={
0x000001e0a07e7000, 0x000001e0ba3e2800, 0x000001e0ba3ec800, 0x000001e0bad6c000,
0x000001e0bad6d000, 0x000001e0bad6e800, 0x000001e0ba3fc800, 0x000001e0ba403800,
0x000001e0ba405800, 0x000001e0baed8800, 0x000001e0bd18b800, 0x000001e0bdce1800,
0x000001e0bd37f000, 0x000001e0bd79a800, 0x000001e0bd79b000, 0x000001e0bd73f800,
0x000001e0bd9d9000, 0x000001e0bd9da000, 0x000001e0bc531800, 0x000001e0bd4dd800,
0x000001e0bd4e3000, 0x000001e0bd4de000, 0x000001e0bd4e0800, 0x000001e0bd4df000,
0x000001e0bd4e1800, 0x000001e0bd4e2800, 0x000001e0bd4e0000, 0x000001e0bd4e4000,
0x000001e0be886800, 0x000001e0be885000, 0x000001e0be881800, 0x000001e0be885800,
0x000001e0be882800, 0x000001e0c1d73000, 0x000001e0c1d6d800, 0x000001e0c1d74000,
0x000001e0c1d70000, 0x000001e0c1d72800, 0x000001e0c1d71800, 0x000001e0c1d6f000,
0x000001e0c1d75000, 0x000001e0c1d75800, 0x000001e0c1d76800, 0x000001e0c1d70800,
0x000001e0c1d7b800, 0x000001e0c1d78000, 0x000001e0c1d77800, 0x000001e0c1d7a800,
0x000001e0c1d79000, 0x000001e0c1d7c000, 0x000001e0c1d79800, 0x000001e0be4e9000,
0x000001e0be4ec800, 0x000001e0be4e6800, 0x000001e0be4ed000, 0x000001e0be4eb000,
0x000001e0be4e7800, 0x000001e0be4eb800, 0x000001e0be4ee000, 0x000001e0be4e8800,
0x000001e0be4ef000, 0x000001e0be4ef800, 0x000001e0be4ea000, 0x000001e0be4f4800,
0x000001e0be4f3000, 0x000001e0be4f2000, 0x000001e0be4f1800, 0x000001e0be4f4000,
0x000001e0be4f5800, 0x000001e0be4f0800, 0x000001e0bdce5000, 0x000001e0bdce5800,
0x000001e0bdce3000, 0x000001e0bdce2800, 0x000001e0bdce8000, 0x000001e0bdce7800,
0x000001e0bdce6800, 0x000001e0bdce9000, 0x000001e0bdcea000, 0x000001e0bdcee000,
0x000001e0bdceb800, 0x000001e0bdcec000, 0x000001e0bdcef800, 0x000001e0bdcf0800,
0x000001e0bdced000, 0x000001e0bdcee800, 0x000001e0bdcea800, 0x000001e0bdcf1000,
0x000001e0bda0f800, 0x000001e0bda0d000, 0x000001e0bda10800, 0x000001e0bda12000,
0x000001e0bda0e000, 0x000001e0bda0e800, 0x000001e0bda1a000, 0x000001e0bda16000,
0x000001e0bda15000
}

Java Threads: ( => current thread )
  0x000001e0a07e7000 JavaThread "main" [_thread_blocked, id=2944, stack(0x00000080c7c00000,0x00000080c7d00000)]
  0x000001e0ba3e2800 JavaThread "Reference Handler" daemon [_thread_blocked, id=4144, stack(0x00000080c8300000,0x00000080c8400000)]
  0x000001e0ba3ec800 JavaThread "Finalizer" daemon [_thread_blocked, id=20776, stack(0x00000080c8400000,0x00000080c8500000)]
  0x000001e0bad6c000 JavaThread "Signal Dispatcher" daemon [_thread_blocked, id=22128, stack(0x00000080c8500000,0x00000080c8600000)]
  0x000001e0bad6d000 JavaThread "Attach Listener" daemon [_thread_blocked, id=13696, stack(0x00000080c8600000,0x00000080c8700000)]
  0x000001e0bad6e800 JavaThread "Service Thread" daemon [_thread_blocked, id=1816, stack(0x00000080c8700000,0x00000080c8800000)]
=>0x000001e0ba3fc800 JavaThread "C2 CompilerThread0" daemon [_thread_in_native, id=2248, stack(0x00000080c8800000,0x00000080c8900000)]
  0x000001e0ba403800 JavaThread "C1 CompilerThread0" daemon [_thread_blocked, id=22424, stack(0x00000080c8900000,0x00000080c8a00000)]
  0x000001e0ba405800 JavaThread "Sweeper thread" daemon [_thread_blocked, id=664, stack(0x00000080c8a00000,0x00000080c8b00000)]
  0x000001e0baed8800 JavaThread "Common-Cleaner" daemon [_thread_blocked, id=7608, stack(0x00000080c8b00000,0x00000080c8c00000)]
  0x000001e0bd18b800 JavaThread "Daemon health stats" [_thread_blocked, id=7304, stack(0x00000080c9000000,0x00000080c9100000)]
  0x000001e0bdce1800 JavaThread "Incoming local TCP Connector on port 53752" [_thread_in_native, id=1236, stack(0x00000080c8d00000,0x00000080c8e00000)]
  0x000001e0bd37f000 JavaThread "Daemon periodic checks" [_thread_blocked, id=19984, stack(0x00000080c9100000,0x00000080c9200000)]
  0x000001e0bd79a800 JavaThread "Daemon" [_thread_blocked, id=16716, stack(0x00000080c9200000,0x00000080c9300000)]
  0x000001e0bd79b000 JavaThread "Handler for socket connection from /127.0.0.1:53752 to /127.0.0.1:53753" [_thread_in_native, id=21304, stack(0x00000080c9300000,0x00000080c9400000)]
  0x000001e0bd73f800 JavaThread "Cancel handler" [_thread_blocked, id=17732, stack(0x00000080c9400000,0x00000080c9500000)]
  0x000001e0bd9d9000 JavaThread "Daemon worker" [_thread_blocked, id=11416, stack(0x00000080c9500000,0x00000080c9600000)]
  0x000001e0bd9da000 JavaThread "Asynchronous log dispatcher for DefaultDaemonConnection: socket connection from /127.0.0.1:53752 to /127.0.0.1:53753" [_thread_blocked, id=21792, stack(0x00000080c9600000,0x00000080c9700000)]
  0x000001e0bc531800 JavaThread "Stdin handler" [_thread_blocked, id=504, stack(0x00000080c9700000,0x00000080c9800000)]
  0x000001e0bd4dd800 JavaThread "Daemon client event forwarder" [_thread_blocked, id=20788, stack(0x00000080c9800000,0x00000080c9900000)]
  0x000001e0bd4e3000 JavaThread "Cache worker for journal cache (C:\Users\pc\.gradle\caches\journal-1)" [_thread_blocked, id=9400, stack(0x00000080c9a00000,0x00000080c9b00000)]
  0x000001e0bd4de000 JavaThread "File lock request listener" [_thread_in_native, id=1944, stack(0x00000080c9b00000,0x00000080c9c00000)]
  0x000001e0bd4e0800 JavaThread "Cache worker for file hash cache (C:\Users\pc\.gradle\caches\7.4\fileHashes)" [_thread_blocked, id=8504, stack(0x00000080c9c00000,0x00000080c9d00000)]
  0x000001e0bd4df000 JavaThread "Cache worker for file hash cache (C:\Users\pc\AndroidStudioProjects\barcode_project\.gradle\7.4\fileHashes)" [_thread_blocked, id=8744, stack(0x00000080c9d00000,0x00000080c9e00000)]
  0x000001e0bd4e1800 JavaThread "Cache worker for checksums cache (C:\Users\pc\AndroidStudioProjects\barcode_project\.gradle\7.4\checksums)" [_thread_blocked, id=12248, stack(0x00000080c9f00000,0x00000080ca000000)]
  0x000001e0bd4e2800 JavaThread "File watcher server" daemon [_thread_in_native, id=20888, stack(0x00000080ca000000,0x00000080ca100000)]
  0x000001e0bd4e0000 JavaThread "File watcher consumer" daemon [_thread_blocked, id=12268, stack(0x00000080ca100000,0x00000080ca200000)]
  0x000001e0bd4e4000 JavaThread "Cache worker for cache directory md-rule (C:\Users\pc\.gradle\caches\7.4\md-rule)" [_thread_blocked, id=6880, stack(0x00000080ca200000,0x00000080ca300000)]
  0x000001e0be886800 JavaThread "Cache worker for cache directory md-supplier (C:\Users\pc\.gradle\caches\7.4\md-supplier)" [_thread_blocked, id=5656, stack(0x00000080ca300000,0x00000080ca400000)]
  0x000001e0be885000 JavaThread "Cache worker for execution history cache (C:\Users\pc\.gradle\caches\7.4\executionHistory)" [_thread_blocked, id=18948, stack(0x00000080ca400000,0x00000080ca500000)]
  0x000001e0be881800 JavaThread "jar transforms" [_thread_blocked, id=10572, stack(0x00000080ca500000,0x00000080ca600000)]
  0x000001e0be885800 JavaThread "Cache worker for file content cache (C:\Users\pc\.gradle\caches\7.4\fileContent)" [_thread_blocked, id=22144, stack(0x00000080ca600000,0x00000080ca700000)]
  0x000001e0be882800 JavaThread "jar transforms Thread 2" [_thread_blocked, id=10608, stack(0x00000080ca700000,0x00000080ca800000)]
  0x000001e0c1d73000 JavaThread "Cache worker for dependencies-accessors (C:\Users\pc\AndroidStudioProjects\barcode_project\.gradle\7.4\dependencies-accessors)" [_thread_blocked, id=7324, stack(0x00000080ca800000,0x00000080ca900000)]
  0x000001e0c1d6d800 JavaThread "jar transforms Thread 3" [_thread_blocked, id=876, stack(0x00000080ca900000,0x00000080caa00000)]
  0x000001e0c1d74000 JavaThread "Cache worker for Build Output Cleanup Cache (C:\Users\pc\AndroidStudioProjects\barcode_project\.gradle\buildOutputCleanup)" [_thread_blocked, id=19468, stack(0x00000080caa00000,0x00000080cab00000)]
  0x000001e0c1d70000 JavaThread "Unconstrained build operations" [_thread_blocked, id=20684, stack(0x00000080cab00000,0x00000080cac00000)]
  0x000001e0c1d72800 JavaThread "Unconstrained build operations Thread 2" [_thread_blocked, id=21648, stack(0x00000080cac00000,0x00000080cad00000)]
  0x000001e0c1d71800 JavaThread "Unconstrained build operations Thread 3" [_thread_blocked, id=8556, stack(0x00000080cad00000,0x00000080cae00000)]
  0x000001e0c1d6f000 JavaThread "Unconstrained build operations Thread 4" [_thread_blocked, id=6084, stack(0x00000080cae00000,0x00000080caf00000)]
  0x000001e0c1d75000 JavaThread "Unconstrained build operations Thread 5" [_thread_blocked, id=4804, stack(0x00000080caf00000,0x00000080cb000000)]
  0x000001e0c1d75800 JavaThread "Unconstrained build operations Thread 6" [_thread_blocked, id=22408, stack(0x00000080cb000000,0x00000080cb100000)]
  0x000001e0c1d76800 JavaThread "Unconstrained build operations Thread 7" [_thread_blocked, id=3112, stack(0x00000080cb100000,0x00000080cb200000)]
  0x000001e0c1d70800 JavaThread "Unconstrained build operations Thread 8" [_thread_blocked, id=2620, stack(0x00000080cb200000,0x00000080cb300000)]
  0x000001e0c1d7b800 JavaThread "Unconstrained build operations Thread 9" [_thread_blocked, id=21292, stack(0x00000080cb300000,0x00000080cb400000)]
  0x000001e0c1d78000 JavaThread "Unconstrained build operations Thread 10" [_thread_blocked, id=20676, stack(0x00000080cb400000,0x00000080cb500000)]
  0x000001e0c1d77800 JavaThread "Unconstrained build operations Thread 11" [_thread_blocked, id=17020, stack(0x00000080cb500000,0x00000080cb600000)]
  0x000001e0c1d7a800 JavaThread "Unconstrained build operations Thread 12" [_thread_blocked, id=10580, stack(0x00000080cb600000,0x00000080cb700000)]
  0x000001e0c1d79000 JavaThread "Unconstrained build operations Thread 13" [_thread_blocked, id=17088, stack(0x00000080cb700000,0x00000080cb800000)]
  0x000001e0c1d7c000 JavaThread "Unconstrained build operations Thread 14" [_thread_blocked, id=17660, stack(0x00000080cb800000,0x00000080cb900000)]
  0x000001e0c1d79800 JavaThread "Unconstrained build operations Thread 15" [_thread_blocked, id=9476, stack(0x00000080cb900000,0x00000080cba00000)]
  0x000001e0be4e9000 JavaThread "Unconstrained build operations Thread 16" [_thread_blocked, id=19784, stack(0x00000080cba00000,0x00000080cbb00000)]
  0x000001e0be4ec800 JavaThread "Unconstrained build operations Thread 17" [_thread_blocked, id=13972, stack(0x00000080cbb00000,0x00000080cbc00000)]
  0x000001e0be4e6800 JavaThread "Unconstrained build operations Thread 18" [_thread_blocked, id=6348, stack(0x00000080cbc00000,0x00000080cbd00000)]
  0x000001e0be4ed000 JavaThread "Unconstrained build operations Thread 19" [_thread_blocked, id=18576, stack(0x00000080cbd00000,0x00000080cbe00000)]
  0x000001e0be4eb000 JavaThread "Unconstrained build operations Thread 20" [_thread_blocked, id=7748, stack(0x00000080cbe00000,0x00000080cbf00000)]
  0x000001e0be4e7800 JavaThread "Unconstrained build operations Thread 21" [_thread_blocked, id=11992, stack(0x00000080cbf00000,0x00000080cc000000)]
  0x000001e0be4eb800 JavaThread "Unconstrained build operations Thread 22" [_thread_blocked, id=8164, stack(0x00000080cc000000,0x00000080cc100000)]
  0x000001e0be4ee000 JavaThread "Unconstrained build operations Thread 23" [_thread_blocked, id=21132, stack(0x00000080cc100000,0x00000080cc200000)]
  0x000001e0be4e8800 JavaThread "Unconstrained build operations Thread 24" [_thread_blocked, id=7208, stack(0x00000080cc200000,0x00000080cc300000)]
  0x000001e0be4ef000 JavaThread "Unconstrained build operations Thread 25" [_thread_blocked, id=9484, stack(0x00000080cc300000,0x00000080cc400000)]
  0x000001e0be4ef800 JavaThread "Unconstrained build operations Thread 26" [_thread_blocked, id=6920, stack(0x00000080cc400000,0x00000080cc500000)]
  0x000001e0be4ea000 JavaThread "Unconstrained build operations Thread 27" [_thread_blocked, id=6660, stack(0x00000080cc500000,0x00000080cc600000)]
  0x000001e0be4f4800 JavaThread "Unconstrained build operations Thread 28" [_thread_blocked, id=244, stack(0x00000080cc600000,0x00000080cc700000)]
  0x000001e0be4f3000 JavaThread "Unconstrained build operations Thread 29" [_thread_blocked, id=15616, stack(0x00000080cc700000,0x00000080cc800000)]
  0x000001e0be4f2000 JavaThread "Unconstrained build operations Thread 30" [_thread_blocked, id=15448, stack(0x00000080cc800000,0x00000080cc900000)]
  0x000001e0be4f1800 JavaThread "Unconstrained build operations Thread 31" [_thread_blocked, id=5596, stack(0x00000080cc900000,0x00000080cca00000)]
  0x000001e0be4f4000 JavaThread "Unconstrained build operations Thread 32" [_thread_blocked, id=17512, stack(0x00000080cca00000,0x00000080ccb00000)]
  0x000001e0be4f5800 JavaThread "Unconstrained build operations Thread 33" [_thread_blocked, id=22328, stack(0x00000080ccb00000,0x00000080ccc00000)]
  0x000001e0be4f0800 JavaThread "Unconstrained build operations Thread 34" [_thread_blocked, id=20296, stack(0x00000080ccc00000,0x00000080ccd00000)]
  0x000001e0bdce5000 JavaThread "Unconstrained build operations Thread 35" [_thread_blocked, id=5608, stack(0x00000080ccd00000,0x00000080cce00000)]
  0x000001e0bdce5800 JavaThread "Unconstrained build operations Thread 36" [_thread_blocked, id=20096, stack(0x00000080cce00000,0x00000080ccf00000)]
  0x000001e0bdce3000 JavaThread "Unconstrained build operations Thread 37" [_thread_blocked, id=19296, stack(0x00000080ccf00000,0x00000080cd000000)]
  0x000001e0bdce2800 JavaThread "Unconstrained build operations Thread 38" [_thread_blocked, id=13580, stack(0x00000080cd000000,0x00000080cd100000)]
  0x000001e0bdce8000 JavaThread "Unconstrained build operations Thread 39" [_thread_blocked, id=2232, stack(0x00000080cd100000,0x00000080cd200000)]
  0x000001e0bdce7800 JavaThread "Unconstrained build operations Thread 40" [_thread_blocked, id=7684, stack(0x00000080cd200000,0x00000080cd300000)]
  0x000001e0bdce6800 JavaThread "jar transforms Thread 4" [_thread_blocked, id=18100, stack(0x00000080cd300000,0x00000080cd400000)]
  0x000001e0bdce9000 JavaThread "Configuration cache report writer" [_thread_blocked, id=4788, stack(0x00000080cd400000,0x00000080cd500000)]
  0x000001e0bdcea000 JavaThread "Memory manager" [_thread_blocked, id=20668, stack(0x00000080cd500000,0x00000080cd600000)]
  0x000001e0bdcee000 JavaThread "build event listener" [_thread_blocked, id=21080, stack(0x00000080cd600000,0x00000080cd700000)]
  0x000001e0bdceb800 JavaThread "pool-3-thread-1" [_thread_blocked, id=7992, stack(0x00000080cd700000,0x00000080cd800000)]
  0x000001e0bdcec000 JavaThread "build event listener" [_thread_blocked, id=2476, stack(0x00000080cd800000,0x00000080cd900000)]
  0x000001e0bdcef800 JavaThread "included builds" [_thread_blocked, id=18240, stack(0x00000080cd900000,0x00000080cda00000)]
  0x000001e0bdcf0800 JavaThread "Execution worker for ':'" [_thread_blocked, id=21320, stack(0x00000080cda00000,0x00000080cdb00000)]
  0x000001e0bdced000 JavaThread "Execution worker for ':' Thread 2" [_thread_in_native, id=18228, stack(0x00000080cdb00000,0x00000080cdc00000)]
  0x000001e0bdcee800 JavaThread "Execution worker for ':' Thread 3" [_thread_blocked, id=18712, stack(0x00000080cdc00000,0x00000080cdd00000)]
  0x000001e0bdcea800 JavaThread "Cache worker for execution history cache (C:\Users\pc\AndroidStudioProjects\barcode_project\.gradle\7.4\executionHistory)" [_thread_blocked, id=8644, stack(0x00000080cdd00000,0x00000080cde00000)]
  0x000001e0bdcf1000 JavaThread "WorkerExecutor Queue" [_thread_blocked, id=8424, stack(0x00000080ce000000,0x00000080ce100000)]
  0x000001e0bda0f800 JavaThread "WorkerExecutor Queue Thread 2" [_thread_blocked, id=16376, stack(0x00000080ce100000,0x00000080ce200000)]
  0x000001e0bda0d000 JavaThread "WorkerExecutor Queue Thread 3" [_thread_in_Java, id=19624, stack(0x00000080ce200000,0x00000080ce300000)]
  0x000001e0bda10800 JavaThread "WorkerExecutor Queue Thread 4" [_thread_blocked, id=18244, stack(0x00000080ce300000,0x00000080ce400000)]
  0x000001e0bda12000 JavaThread "Java2D Disposer" daemon [_thread_blocked, id=8596, stack(0x00000080ce400000,0x00000080ce500000)]
  0x000001e0bda0e000 JavaThread "C2 CompilerThread1" daemon [_thread_in_native, id=10872, stack(0x00000080c9e00000,0x00000080c9f00000)]
  0x000001e0bda0e800 JavaThread "pool-4-thread-1" [_thread_blocked, id=21896, stack(0x00000080ce700000,0x00000080ce800000)]
  0x000001e0bda1a000 JavaThread "WorkerExecutor Queue Thread 5" [_thread_blocked, id=14788, stack(0x00000080ce800000,0x00000080ce900000)]
  0x000001e0bda16000 JavaThread "stderr" [_thread_in_native, id=21708, stack(0x00000080ce900000,0x00000080cea00000)]
  0x000001e0bda15000 JavaThread "stdout" [_thread_in_native, id=17108, stack(0x00000080cea00000,0x00000080ceb00000)]

Other Threads:
  0x000001e0ba3dd000 VMThread "VM Thread" [stack: 0x00000080c8200000,0x00000080c8300000] [id=13436]
  0x000001e0baefa800 WatcherThread [stack: 0x00000080c8c00000,0x00000080c8d00000] [id=22048]
  0x000001e0a07fb800 GCTaskThread "GC Thread#0" [stack: 0x00000080c7d00000,0x00000080c7e00000] [id=16148]
  0x000001e0bb696000 GCTaskThread "GC Thread#1" [stack: 0x00000080c8e00000,0x00000080c8f00000] [id=18392]
  0x000001e0bb52e800 GCTaskThread "GC Thread#2" [stack: 0x00000080c8f00000,0x00000080c9000000] [id=3628]
  0x000001e0bd65a000 GCTaskThread "GC Thread#3" [stack: 0x00000080c9900000,0x00000080c9a00000] [id=18368]
  0x000001e0a082b000 ConcurrentGCThread "G1 Main Marker" [stack: 0x00000080c7e00000,0x00000080c7f00000] [id=5056]
  0x000001e0a082c800 ConcurrentGCThread "G1 Conc#0" [stack: 0x00000080c7f00000,0x00000080c8000000] [id=17384]
  0x000001e0ba230800 ConcurrentGCThread "G1 Refine#0" [stack: 0x00000080c8000000,0x00000080c8100000] [id=3148]
  0x000001e0c2547800 ConcurrentGCThread "G1 Refine#1" [stack: 0x00000080cde00000,0x00000080cdf00000] [id=16864]
  0x000001e0c4fac000 ConcurrentGCThread "G1 Refine#2" [stack: 0x00000080cdf00000,0x00000080ce000000] [id=15304]
  0x000001e0ba231800 ConcurrentGCThread "G1 Young RemSet Sampling" [stack: 0x00000080c8100000,0x00000080c8200000] [id=18124]

Threads with active compile tasks:
C2 CompilerThread0  49187 21343 %     4       com.android.tools.r8.ir.regalloc.b::c @ 2064 (3963 bytes)
C2 CompilerThread1  49187 21432       4       com.android.tools.r8.internal.uJ::a (447 bytes)

VM state:not at safepoint (normal execution)

VM Mutex/Monitor currently owned by a thread: None

Heap address: 0x0000000080000000, size: 2048 MB, Compressed Oops mode: 32-bit
Narrow klass base: 0x0000000000000000, Narrow klass shift: 3
Compressed class space size: 1073741824 Address: 0x0000000100000000

Heap:
 garbage-first heap   total 330752K, used 185856K [0x0000000080000000, 0x0000000100000000)
  region size 1024K, 28 young (28672K), 5 survivors (5120K)
 Metaspace       used 128773K, capacity 131983K, committed 132040K, reserved 1165312K
  class space    used 16004K, capacity 17228K, committed 17280K, reserved 1048576K
Heap Regions: E=young(eden), S=young(survivor), O=old, HS=humongous(starts), HC=humongous(continues), CS=collection set, F=free, A=archive, TAMS=top-at-mark-start (previous, next)
|   0|0x0000000080000000, 0x0000000080100000, 0x0000000080100000|100%|HS|  |TAMS 0x0000000080100000, 0x0000000080000000| Complete 
|   1|0x0000000080100000, 0x0000000080200000, 0x0000000080200000|100%|HC|  |TAMS 0x0000000080200000, 0x0000000080100000| Complete 
|   2|0x0000000080200000, 0x0000000080300000, 0x0000000080300000|100%|HC|  |TAMS 0x0000000080300000, 0x0000000080200000| Complete 
|   3|0x0000000080300000, 0x0000000080400000, 0x0000000080400000|100%| O|  |TAMS 0x0000000080400000, 0x0000000080300000| Untracked 
|   4|0x0000000080400000, 0x0000000080500000, 0x0000000080500000|100%| O|  |TAMS 0x0000000080500000, 0x0000000080400000| Untracked 
|   5|0x0000000080500000, 0x0000000080600000, 0x0000000080600000|100%| O|  |TAMS 0x0000000080600000, 0x0000000080500000| Untracked 
|   6|0x0000000080600000, 0x0000000080700000, 0x0000000080700000|100%| O|  |TAMS 0x0000000080700000, 0x0000000080600000| Untracked 
|   7|0x0000000080700000, 0x0000000080800000, 0x0000000080800000|100%| O|  |TAMS 0x0000000080800000, 0x0000000080700000| Untracked 
|   8|0x0000000080800000, 0x0000000080900000, 0x0000000080900000|100%| O|  |TAMS 0x0000000080900000, 0x0000000080800000| Untracked 
|   9|0x0000000080900000, 0x0000000080a00000, 0x0000000080a00000|100%| O|  |TAMS 0x0000000080a00000, 0x0000000080900000| Untracked 
|  10|0x0000000080a00000, 0x0000000080b00000, 0x0000000080b00000|100%| O|  |TAMS 0x0000000080b00000, 0x0000000080a00000| Untracked 
|  11|0x0000000080b00000, 0x0000000080c00000, 0x0000000080c00000|100%| O|  |TAMS 0x0000000080c00000, 0x0000000080b00000| Untracked 
|  12|0x0000000080c00000, 0x0000000080d00000, 0x0000000080d00000|100%| O|  |TAMS 0x0000000080d00000, 0x0000000080c00000| Untracked 
|  13|0x0000000080d00000, 0x0000000080e00000, 0x0000000080e00000|100%| O|  |TAMS 0x0000000080e00000, 0x0000000080d00000| Untracked 
|  14|0x0000000080e00000, 0x0000000080f00000, 0x0000000080f00000|100%| O|  |TAMS 0x0000000080f00000, 0x0000000080e00000| Untracked 
|  15|0x0000000080f00000, 0x0000000081000000, 0x0000000081000000|100%| O|  |TAMS 0x0000000081000000, 0x0000000080f00000| Untracked 
|  16|0x0000000081000000, 0x0000000081100000, 0x0000000081100000|100%| O|  |TAMS 0x0000000081100000, 0x0000000081000000| Untracked 
|  17|0x0000000081100000, 0x0000000081200000, 0x0000000081200000|100%| O|  |TAMS 0x0000000081200000, 0x0000000081100000| Untracked 
|  18|0x0000000081200000, 0x0000000081300000, 0x0000000081300000|100%| O|  |TAMS 0x0000000081300000, 0x0000000081200000| Untracked 
|  19|0x0000000081300000, 0x0000000081400000, 0x0000000081400000|100%| O|  |TAMS 0x0000000081400000, 0x0000000081300000| Untracked 
|  20|0x0000000081400000, 0x0000000081500000, 0x0000000081500000|100%| O|  |TAMS 0x0000000081500000, 0x0000000081400000| Untracked 
|  21|0x0000000081500000, 0x0000000081600000, 0x0000000081600000|100%| O|  |TAMS 0x0000000081600000, 0x0000000081500000| Untracked 
|  22|0x0000000081600000, 0x0000000081700000, 0x0000000081700000|100%|HS|  |TAMS 0x0000000081700000, 0x0000000081600000| Complete 
|  23|0x0000000081700000, 0x0000000081800000, 0x0000000081800000|100%|HS|  |TAMS 0x0000000081800000, 0x0000000081700000| Complete 
|  24|0x0000000081800000, 0x0000000081900000, 0x0000000081900000|100%|HS|  |TAMS 0x0000000081900000, 0x0000000081800000| Complete 
|  25|0x0000000081900000, 0x0000000081a00000, 0x0000000081a00000|100%|HC|  |TAMS 0x0000000081a00000, 0x0000000081900000| Complete 
|  26|0x0000000081a00000, 0x0000000081b00000, 0x0000000081b00000|100%| O|  |TAMS 0x0000000081b00000, 0x0000000081a00000| Untracked 
|  27|0x0000000081b00000, 0x0000000081c00000, 0x0000000081c00000|100%| O|  |TAMS 0x0000000081c00000, 0x0000000081b00000| Untracked 
|  28|0x0000000081c00000, 0x0000000081d00000, 0x0000000081d00000|100%| O|  |TAMS 0x0000000081d00000, 0x0000000081c00000| Untracked 
|  29|0x0000000081d00000, 0x0000000081e00000, 0x0000000081e00000|100%| O|  |TAMS 0x0000000081e00000, 0x0000000081d00000| Untracked 
|  30|0x0000000081e00000, 0x0000000081f00000, 0x0000000081f00000|100%| O|  |TAMS 0x0000000081f00000, 0x0000000081e00000| Untracked 
|  31|0x0000000081f00000, 0x0000000082000000, 0x0000000082000000|100%| O|  |TAMS 0x0000000082000000, 0x0000000081f00000| Untracked 
|  32|0x0000000082000000, 0x0000000082100000, 0x0000000082100000|100%| O|  |TAMS 0x0000000082100000, 0x0000000082000000| Untracked 
|  33|0x0000000082100000, 0x0000000082200000, 0x0000000082200000|100%| O|  |TAMS 0x0000000082200000, 0x0000000082100000| Untracked 
|  34|0x0000000082200000, 0x0000000082300000, 0x0000000082300000|100%| O|  |TAMS 0x0000000082300000, 0x0000000082200000| Untracked 
|  35|0x0000000082300000, 0x0000000082400000, 0x0000000082400000|100%| O|  |TAMS 0x0000000082400000, 0x0000000082300000| Untracked 
|  36|0x0000000082400000, 0x0000000082500000, 0x0000000082500000|100%| O|  |TAMS 0x0000000082500000, 0x0000000082400000| Untracked 
|  37|0x0000000082500000, 0x0000000082600000, 0x0000000082600000|100%| O|  |TAMS 0x0000000082600000, 0x0000000082500000| Untracked 
|  38|0x0000000082600000, 0x0000000082700000, 0x0000000082700000|100%| O|  |TAMS 0x0000000082700000, 0x0000000082600000| Untracked 
|  39|0x0000000082700000, 0x0000000082800000, 0x0000000082800000|100%| O|  |TAMS 0x0000000082800000, 0x0000000082700000| Untracked 
|  40|0x0000000082800000, 0x0000000082900000, 0x0000000082900000|100%| O|  |TAMS 0x0000000082900000, 0x0000000082800000| Untracked 
|  41|0x0000000082900000, 0x0000000082a00000, 0x0000000082a00000|100%| O|  |TAMS 0x0000000082a00000, 0x0000000082900000| Untracked 
|  42|0x0000000082a00000, 0x0000000082b00000, 0x0000000082b00000|100%| O|  |TAMS 0x0000000082b00000, 0x0000000082a00000| Untracked 
|  43|0x0000000082b00000, 0x0000000082c00000, 0x0000000082c00000|100%| O|  |TAMS 0x0000000082c00000, 0x0000000082b00000| Untracked 
|  44|0x0000000082c00000, 0x0000000082d00000, 0x0000000082d00000|100%| O|  |TAMS 0x0000000082d00000, 0x0000000082c00000| Untracked 
|  45|0x0000000082d00000, 0x0000000082e00000, 0x0000000082e00000|100%| O|  |TAMS 0x0000000082e00000, 0x0000000082d00000| Untracked 
|  46|0x0000000082e00000, 0x0000000082f00000, 0x0000000082f00000|100%| O|  |TAMS 0x0000000082f00000, 0x0000000082e00000| Untracked 
|  47|0x0000000082f00000, 0x0000000083000000, 0x0000000083000000|100%| O|  |TAMS 0x0000000083000000, 0x0000000082f00000| Untracked 
|  48|0x0000000083000000, 0x0000000083100000, 0x0000000083100000|100%| O|  |TAMS 0x0000000083100000, 0x0000000083000000| Untracked 
|  49|0x0000000083100000, 0x0000000083200000, 0x0000000083200000|100%| O|  |TAMS 0x0000000083200000, 0x0000000083100000| Untracked 
|  50|0x0000000083200000, 0x0000000083300000, 0x0000000083300000|100%| O|  |TAMS 0x0000000083300000, 0x0000000083200000| Untracked 
|  51|0x0000000083300000, 0x0000000083400000, 0x0000000083400000|100%| O|  |TAMS 0x0000000083400000, 0x0000000083300000| Untracked 
|  52|0x0000000083400000, 0x0000000083500000, 0x0000000083500000|100%| O|  |TAMS 0x0000000083500000, 0x0000000083400000| Untracked 
|  53|0x0000000083500000, 0x0000000083600000, 0x0000000083600000|100%| O|  |TAMS 0x0000000083600000, 0x0000000083500000| Untracked 
|  54|0x0000000083600000, 0x0000000083700000, 0x0000000083700000|100%| O|  |TAMS 0x0000000083700000, 0x0000000083600000| Untracked 
|  55|0x0000000083700000, 0x0000000083800000, 0x0000000083800000|100%| O|  |TAMS 0x0000000083800000, 0x0000000083700000| Untracked 
|  56|0x0000000083800000, 0x0000000083900000, 0x0000000083900000|100%| O|  |TAMS 0x0000000083900000, 0x0000000083800000| Untracked 
|  57|0x0000000083900000, 0x0000000083a00000, 0x0000000083a00000|100%| O|  |TAMS 0x0000000083a00000, 0x0000000083900000| Untracked 
|  58|0x0000000083a00000, 0x0000000083b00000, 0x0000000083b00000|100%| O|  |TAMS 0x0000000083b00000, 0x0000000083a00000| Untracked 
|  59|0x0000000083b00000, 0x0000000083c00000, 0x0000000083c00000|100%| O|  |TAMS 0x0000000083c00000, 0x0000000083b00000| Untracked 
|  60|0x0000000083c00000, 0x0000000083d00000, 0x0000000083d00000|100%| O|  |TAMS 0x0000000083d00000, 0x0000000083c00000| Untracked 
|  61|0x0000000083d00000, 0x0000000083e00000, 0x0000000083e00000|100%| O|  |TAMS 0x0000000083e00000, 0x0000000083d00000| Untracked 
|  62|0x0000000083e00000, 0x0000000083f00000, 0x0000000083f00000|100%| O|  |TAMS 0x0000000083f00000, 0x0000000083e00000| Untracked 
|  63|0x0000000083f00000, 0x0000000084000000, 0x0000000084000000|100%| O|  |TAMS 0x0000000084000000, 0x0000000083f00000| Untracked 
|  64|0x0000000084000000, 0x0000000084100000, 0x0000000084100000|100%| O|  |TAMS 0x0000000084100000, 0x0000000084000000| Untracked 
|  65|0x0000000084100000, 0x0000000084200000, 0x0000000084200000|100%| O|  |TAMS 0x0000000084200000, 0x0000000084100000| Untracked 
|  66|0x0000000084200000, 0x0000000084300000, 0x0000000084300000|100%| O|  |TAMS 0x0000000084300000, 0x0000000084200000| Untracked 
|  67|0x0000000084300000, 0x0000000084400000, 0x0000000084400000|100%| O|  |TAMS 0x0000000084400000, 0x0000000084300000| Untracked 
|  68|0x0000000084400000, 0x0000000084500000, 0x0000000084500000|100%| O|  |TAMS 0x0000000084500000, 0x0000000084400000| Untracked 
|  69|0x0000000084500000, 0x0000000084600000, 0x0000000084600000|100%| O|  |TAMS 0x0000000084600000, 0x0000000084500000| Untracked 
|  70|0x0000000084600000, 0x0000000084700000, 0x0000000084700000|100%| O|  |TAMS 0x0000000084700000, 0x0000000084600000| Untracked 
|  71|0x0000000084700000, 0x0000000084800000, 0x0000000084800000|100%| O|  |TAMS 0x0000000084800000, 0x0000000084700000| Untracked 
|  72|0x0000000084800000, 0x0000000084900000, 0x0000000084900000|100%| O|  |TAMS 0x0000000084900000, 0x0000000084800000| Untracked 
|  73|0x0000000084900000, 0x0000000084a00000, 0x0000000084a00000|100%| O|  |TAMS 0x0000000084a00000, 0x0000000084900000| Untracked 
|  74|0x0000000084a00000, 0x0000000084b00000, 0x0000000084b00000|100%| O|  |TAMS 0x0000000084b00000, 0x0000000084a00000| Untracked 
|  75|0x0000000084b00000, 0x0000000084c00000, 0x0000000084c00000|100%| O|  |TAMS 0x0000000084c00000, 0x0000000084b00000| Untracked 
|  76|0x0000000084c00000, 0x0000000084d00000, 0x0000000084d00000|100%| O|  |TAMS 0x0000000084d00000, 0x0000000084c00000| Untracked 
|  77|0x0000000084d00000, 0x0000000084e00000, 0x0000000084e00000|100%| O|  |TAMS 0x0000000084d00000, 0x0000000084d00000| Untracked 
|  78|0x0000000084e00000, 0x0000000084f00000, 0x0000000084f00000|100%| O|  |TAMS 0x0000000084e00000, 0x0000000084e00000| Untracked 
|  79|0x0000000084f00000, 0x0000000085000000, 0x0000000085000000|100%| O|  |TAMS 0x0000000084f00000, 0x0000000084f00000| Untracked 
|  80|0x0000000085000000, 0x0000000085100000, 0x0000000085100000|100%| O|  |TAMS 0x0000000085000000, 0x0000000085000000| Untracked 
|  81|0x0000000085100000, 0x0000000085200000, 0x0000000085200000|100%|HS|  |TAMS 0x0000000085100000, 0x0000000085100000| Complete 
|  82|0x0000000085200000, 0x0000000085300000, 0x0000000085300000|100%|HC|  |TAMS 0x0000000085200000, 0x0000000085200000| Complete 
|  83|0x0000000085300000, 0x0000000085400000, 0x0000000085400000|100%| O|  |TAMS 0x0000000085400000, 0x0000000085300000| Untracked 
|  84|0x0000000085400000, 0x0000000085500000, 0x0000000085500000|100%| O|  |TAMS 0x0000000085500000, 0x0000000085400000| Untracked 
|  85|0x0000000085500000, 0x0000000085600000, 0x0000000085600000|100%| O|  |TAMS 0x0000000085600000, 0x0000000085500000| Untracked 
|  86|0x0000000085600000, 0x0000000085700000, 0x0000000085700000|100%| O|  |TAMS 0x0000000085700000, 0x0000000085600000| Untracked 
|  87|0x0000000085700000, 0x0000000085800000, 0x0000000085800000|100%| O|  |TAMS 0x0000000085800000, 0x0000000085700000| Untracked 
|  88|0x0000000085800000, 0x0000000085900000, 0x0000000085900000|100%| O|  |TAMS 0x0000000085900000, 0x0000000085800000| Untracked 
|  89|0x0000000085900000, 0x0000000085a00000, 0x0000000085a00000|100%| O|  |TAMS 0x0000000085a00000, 0x0000000085900000| Untracked 
|  90|0x0000000085a00000, 0x0000000085b00000, 0x0000000085b00000|100%| O|  |TAMS 0x0000000085b00000, 0x0000000085a00000| Untracked 
|  91|0x0000000085b00000, 0x0000000085c00000, 0x0000000085c00000|100%| O|  |TAMS 0x0000000085c00000, 0x0000000085b00000| Untracked 
|  92|0x0000000085c00000, 0x0000000085d00000, 0x0000000085d00000|100%| O|  |TAMS 0x0000000085c00000, 0x0000000085c00000| Untracked 
|  93|0x0000000085d00000, 0x0000000085e00000, 0x0000000085e00000|100%| O|  |TAMS 0x0000000085d00000, 0x0000000085d00000| Untracked 
|  94|0x0000000085e00000, 0x0000000085f00000, 0x0000000085f00000|100%| O|  |TAMS 0x0000000085e00000, 0x0000000085e00000| Untracked 
|  95|0x0000000085f00000, 0x0000000086000000, 0x0000000086000000|100%| O|  |TAMS 0x0000000085f00000, 0x0000000085f00000| Untracked 
|  96|0x0000000086000000, 0x0000000086100000, 0x0000000086100000|100%| O|  |TAMS 0x0000000086000000, 0x0000000086000000| Untracked 
|  97|0x0000000086100000, 0x0000000086200000, 0x0000000086200000|100%| O|  |TAMS 0x0000000086100000, 0x0000000086100000| Untracked 
|  98|0x0000000086200000, 0x0000000086300000, 0x0000000086300000|100%| O|  |TAMS 0x0000000086200000, 0x0000000086200000| Untracked 
|  99|0x0000000086300000, 0x0000000086400000, 0x0000000086400000|100%| O|  |TAMS 0x0000000086300000, 0x0000000086300000| Untracked 
| 100|0x0000000086400000, 0x0000000086500000, 0x0000000086500000|100%| O|  |TAMS 0x0000000086400000, 0x0000000086400000| Untracked 
| 101|0x0000000086500000, 0x0000000086600000, 0x0000000086600000|100%| O|  |TAMS 0x0000000086500000, 0x0000000086500000| Untracked 
| 102|0x0000000086600000, 0x0000000086700000, 0x0000000086700000|100%| O|  |TAMS 0x0000000086600000, 0x0000000086600000| Untracked 
| 103|0x0000000086700000, 0x0000000086800000, 0x0000000086800000|100%| O|  |TAMS 0x0000000086700000, 0x0000000086700000| Untracked 
| 104|0x0000000086800000, 0x0000000086900000, 0x0000000086900000|100%| O|  |TAMS 0x0000000086800000, 0x0000000086800000| Untracked 
| 105|0x0000000086900000, 0x0000000086a00000, 0x0000000086a00000|100%| O|  |TAMS 0x0000000086900000, 0x0000000086900000| Untracked 
| 106|0x0000000086a00000, 0x0000000086b00000, 0x0000000086b00000|100%| O|  |TAMS 0x0000000086a00000, 0x0000000086a00000| Untracked 
| 107|0x0000000086b00000, 0x0000000086c00000, 0x0000000086c00000|100%| O|  |TAMS 0x0000000086b00000, 0x0000000086b00000| Untracked 
| 108|0x0000000086c00000, 0x0000000086d00000, 0x0000000086d00000|100%| O|  |TAMS 0x0000000086c00000, 0x0000000086c00000| Untracked 
| 109|0x0000000086d00000, 0x0000000086e00000, 0x0000000086e00000|100%| O|  |TAMS 0x0000000086d00000, 0x0000000086d00000| Untracked 
| 110|0x0000000086e00000, 0x0000000086f00000, 0x0000000086f00000|100%| O|  |TAMS 0x0000000086e00000, 0x0000000086e00000| Untracked 
| 111|0x0000000086f00000, 0x0000000087000000, 0x0000000087000000|100%| O|  |TAMS 0x0000000086f00000, 0x0000000086f00000| Untracked 
| 112|0x0000000087000000, 0x0000000087100000, 0x0000000087100000|100%| O|  |TAMS 0x0000000087000000, 0x0000000087000000| Untracked 
| 113|0x0000000087100000, 0x0000000087200000, 0x0000000087200000|100%| O|  |TAMS 0x0000000087100000, 0x0000000087100000| Untracked 
| 114|0x0000000087200000, 0x0000000087300000, 0x0000000087300000|100%| O|  |TAMS 0x0000000087200000, 0x0000000087200000| Untracked 
| 115|0x0000000087300000, 0x0000000087400000, 0x0000000087400000|100%| O|  |TAMS 0x0000000087400000, 0x0000000087300000| Untracked 
| 116|0x0000000087400000, 0x0000000087500000, 0x0000000087500000|100%| O|  |TAMS 0x0000000087500000, 0x0000000087400000| Untracked 
| 117|0x0000000087500000, 0x0000000087600000, 0x0000000087600000|100%| O|  |TAMS 0x0000000087500000, 0x0000000087500000| Untracked 
| 118|0x0000000087600000, 0x0000000087700000, 0x0000000087700000|100%| O|  |TAMS 0x0000000087600000, 0x0000000087600000| Untracked 
| 119|0x0000000087700000, 0x0000000087800000, 0x0000000087800000|100%| O|  |TAMS 0x0000000087700000, 0x0000000087700000| Untracked 
| 120|0x0000000087800000, 0x0000000087900000, 0x0000000087900000|100%| O|  |TAMS 0x0000000087800000, 0x0000000087800000| Untracked 
| 121|0x0000000087900000, 0x0000000087a00000, 0x0000000087a00000|100%| O|  |TAMS 0x0000000087900000, 0x0000000087900000| Untracked 
| 122|0x0000000087a00000, 0x0000000087b00000, 0x0000000087b00000|100%| O|  |TAMS 0x0000000087a00000, 0x0000000087a00000| Untracked 
| 123|0x0000000087b00000, 0x0000000087c00000, 0x0000000087c00000|100%| O|  |TAMS 0x0000000087b00000, 0x0000000087b00000| Untracked 
| 124|0x0000000087c00000, 0x0000000087d00000, 0x0000000087d00000|100%| O|  |TAMS 0x0000000087c00000, 0x0000000087c00000| Untracked 
| 125|0x0000000087d00000, 0x0000000087e00000, 0x0000000087e00000|100%| O|  |TAMS 0x0000000087d00000, 0x0000000087d00000| Untracked 
| 126|0x0000000087e00000, 0x0000000087f00000, 0x0000000087f00000|100%| O|  |TAMS 0x0000000087e00000, 0x0000000087e00000| Untracked 
| 127|0x0000000087f00000, 0x0000000088000000, 0x0000000088000000|100%| O|  |TAMS 0x0000000087f00000, 0x0000000087f00000| Untracked 
| 128|0x0000000088000000, 0x0000000088100000, 0x0000000088100000|100%| O|  |TAMS 0x0000000088000000, 0x0000000088000000| Untracked 
| 129|0x0000000088100000, 0x0000000088200000, 0x0000000088200000|100%| O|  |TAMS 0x0000000088100000, 0x0000000088100000| Untracked 
| 130|0x0000000088200000, 0x0000000088300000, 0x0000000088300000|100%| O|  |TAMS 0x0000000088200000, 0x0000000088200000| Untracked 
| 131|0x0000000088300000, 0x0000000088400000, 0x0000000088400000|100%| O|  |TAMS 0x0000000088300000, 0x0000000088300000| Untracked 
| 132|0x0000000088400000, 0x0000000088500000, 0x0000000088500000|100%| O|  |TAMS 0x0000000088400000, 0x0000000088400000| Untracked 
| 133|0x0000000088500000, 0x0000000088580000, 0x0000000088600000| 50%| O|  |TAMS 0x0000000088500000, 0x0000000088500000| Untracked 
| 134|0x0000000088600000, 0x0000000088600000, 0x0000000088700000|  0%| F|  |TAMS 0x0000000088600000, 0x0000000088600000| Untracked 
| 135|0x0000000088700000, 0x0000000088700000, 0x0000000088800000|  0%| F|  |TAMS 0x0000000088700000, 0x0000000088700000| Untracked 
| 136|0x0000000088800000, 0x0000000088800000, 0x0000000088900000|  0%| F|  |TAMS 0x0000000088800000, 0x0000000088800000| Untracked 
| 137|0x0000000088900000, 0x0000000088900000, 0x0000000088a00000|  0%| F|  |TAMS 0x0000000088900000, 0x0000000088900000| Untracked 
| 138|0x0000000088a00000, 0x0000000088a00000, 0x0000000088b00000|  0%| F|  |TAMS 0x0000000088a00000, 0x0000000088a00000| Untracked 
| 139|0x0000000088b00000, 0x0000000088b00000, 0x0000000088c00000|  0%| F|  |TAMS 0x0000000088b00000, 0x0000000088b00000| Untracked 
| 140|0x0000000088c00000, 0x0000000088c00000, 0x0000000088d00000|  0%| F|  |TAMS 0x0000000088c00000, 0x0000000088c00000| Untracked 
| 141|0x0000000088d00000, 0x0000000088e00000, 0x0000000088e00000|100%| O|  |TAMS 0x0000000088e00000, 0x0000000088d00000| Untracked 
| 142|0x0000000088e00000, 0x0000000088e00000, 0x0000000088f00000|  0%| F|  |TAMS 0x0000000088e00000, 0x0000000088e00000| Untracked 
| 143|0x0000000088f00000, 0x0000000088f00000, 0x0000000089000000|  0%| F|  |TAMS 0x0000000088f00000, 0x0000000088f00000| Untracked 
| 144|0x0000000089000000, 0x0000000089000000, 0x0000000089100000|  0%| F|  |TAMS 0x0000000089000000, 0x0000000089000000| Untracked 
| 145|0x0000000089100000, 0x0000000089200000, 0x0000000089200000|100%| O|  |TAMS 0x0000000089200000, 0x0000000089100000| Untracked 
| 146|0x0000000089200000, 0x0000000089300000, 0x0000000089300000|100%| O|  |TAMS 0x0000000089300000, 0x0000000089200000| Untracked 
| 147|0x0000000089300000, 0x0000000089300000, 0x0000000089400000|  0%| F|  |TAMS 0x0000000089300000, 0x0000000089300000| Untracked 
| 148|0x0000000089400000, 0x0000000089400000, 0x0000000089500000|  0%| F|  |TAMS 0x0000000089400000, 0x0000000089400000| Untracked 
| 149|0x0000000089500000, 0x0000000089500000, 0x0000000089600000|  0%| F|  |TAMS 0x0000000089500000, 0x0000000089500000| Untracked 
| 150|0x0000000089600000, 0x0000000089600000, 0x0000000089700000|  0%| F|  |TAMS 0x0000000089600000, 0x0000000089600000| Untracked 
| 151|0x0000000089700000, 0x0000000089700000, 0x0000000089800000|  0%| F|  |TAMS 0x0000000089700000, 0x0000000089700000| Untracked 
| 152|0x0000000089800000, 0x0000000089800000, 0x0000000089900000|  0%| F|  |TAMS 0x0000000089800000, 0x0000000089800000| Untracked 
| 153|0x0000000089900000, 0x0000000089900000, 0x0000000089a00000|  0%| F|  |TAMS 0x0000000089900000, 0x0000000089900000| Untracked 
| 154|0x0000000089a00000, 0x0000000089a00000, 0x0000000089b00000|  0%| F|  |TAMS 0x0000000089a00000, 0x0000000089a00000| Untracked 
| 155|0x0000000089b00000, 0x0000000089b00000, 0x0000000089c00000|  0%| F|  |TAMS 0x0000000089b00000, 0x0000000089b00000| Untracked 
| 156|0x0000000089c00000, 0x0000000089c00000, 0x0000000089d00000|  0%| F|  |TAMS 0x0000000089c00000, 0x0000000089c00000| Untracked 
| 157|0x0000000089d00000, 0x0000000089d00000, 0x0000000089e00000|  0%| F|  |TAMS 0x0000000089d00000, 0x0000000089d00000| Untracked 
| 158|0x0000000089e00000, 0x0000000089e00000, 0x0000000089f00000|  0%| F|  |TAMS 0x0000000089e00000, 0x0000000089e00000| Untracked 
| 159|0x0000000089f00000, 0x0000000089f00000, 0x000000008a000000|  0%| F|  |TAMS 0x0000000089f00000, 0x0000000089f00000| Untracked 
| 160|0x000000008a000000, 0x000000008a000000, 0x000000008a100000|  0%| F|  |TAMS 0x000000008a000000, 0x000000008a000000| Untracked 
| 161|0x000000008a100000, 0x000000008a100000, 0x000000008a200000|  0%| F|  |TAMS 0x000000008a100000, 0x000000008a100000| Untracked 
| 162|0x000000008a200000, 0x000000008a200000, 0x000000008a300000|  0%| F|  |TAMS 0x000000008a200000, 0x000000008a200000| Untracked 
| 163|0x000000008a300000, 0x000000008a300000, 0x000000008a400000|  0%| F|  |TAMS 0x000000008a300000, 0x000000008a300000| Untracked 
| 164|0x000000008a400000, 0x000000008a400000, 0x000000008a500000|  0%| F|  |TAMS 0x000000008a400000, 0x000000008a400000| Untracked 
| 165|0x000000008a500000, 0x000000008a500000, 0x000000008a600000|  0%| F|  |TAMS 0x000000008a500000, 0x000000008a500000| Untracked 
| 166|0x000000008a600000, 0x000000008a600000, 0x000000008a700000|  0%| F|  |TAMS 0x000000008a600000, 0x000000008a600000| Untracked 
| 167|0x000000008a700000, 0x000000008a700000, 0x000000008a800000|  0%| F|  |TAMS 0x000000008a700000, 0x000000008a700000| Untracked 
| 168|0x000000008a800000, 0x000000008a800000, 0x000000008a900000|  0%| F|  |TAMS 0x000000008a800000, 0x000000008a800000| Untracked 
| 169|0x000000008a900000, 0x000000008a900000, 0x000000008aa00000|  0%| F|  |TAMS 0x000000008a900000, 0x000000008a900000| Untracked 
| 170|0x000000008aa00000, 0x000000008aa00000, 0x000000008ab00000|  0%| F|  |TAMS 0x000000008aa00000, 0x000000008aa00000| Untracked 
| 171|0x000000008ab00000, 0x000000008ab00000, 0x000000008ac00000|  0%| F|  |TAMS 0x000000008ab00000, 0x000000008ab00000| Untracked 
| 172|0x000000008ac00000, 0x000000008ac00000, 0x000000008ad00000|  0%| F|  |TAMS 0x000000008ac00000, 0x000000008ac00000| Untracked 
| 173|0x000000008ad00000, 0x000000008ae00000, 0x000000008ae00000|100%| O|  |TAMS 0x000000008ae00000, 0x000000008ad00000| Untracked 
| 174|0x000000008ae00000, 0x000000008ae00000, 0x000000008af00000|  0%| F|  |TAMS 0x000000008ae00000, 0x000000008ae00000| Untracked 
| 175|0x000000008af00000, 0x000000008b000000, 0x000000008b000000|100%| O|  |TAMS 0x000000008b000000, 0x000000008af00000| Untracked 
| 176|0x000000008b000000, 0x000000008b000000, 0x000000008b100000|  0%| F|  |TAMS 0x000000008b000000, 0x000000008b000000| Untracked 
| 177|0x000000008b100000, 0x000000008b100000, 0x000000008b200000|  0%| F|  |TAMS 0x000000008b100000, 0x000000008b100000| Untracked 
| 178|0x000000008b200000, 0x000000008b200000, 0x000000008b300000|  0%| F|  |TAMS 0x000000008b200000, 0x000000008b200000| Untracked 
| 179|0x000000008b300000, 0x000000008b300000, 0x000000008b400000|  0%| F|  |TAMS 0x000000008b300000, 0x000000008b300000| Untracked 
| 180|0x000000008b400000, 0x000000008b400000, 0x000000008b500000|  0%| F|  |TAMS 0x000000008b400000, 0x000000008b400000| Untracked 
| 181|0x000000008b500000, 0x000000008b500000, 0x000000008b600000|  0%| F|  |TAMS 0x000000008b500000, 0x000000008b500000| Untracked 
| 182|0x000000008b600000, 0x000000008b600000, 0x000000008b700000|  0%| F|  |TAMS 0x000000008b600000, 0x000000008b600000| Untracked 
| 183|0x000000008b700000, 0x000000008b800000, 0x000000008b800000|100%| O|  |TAMS 0x000000008b800000, 0x000000008b700000| Untracked 
| 184|0x000000008b800000, 0x000000008b900000, 0x000000008b900000|100%| O|  |TAMS 0x000000008b900000, 0x000000008b800000| Untracked 
| 185|0x000000008b900000, 0x000000008ba00000, 0x000000008ba00000|100%| O|  |TAMS 0x000000008ba00000, 0x000000008b900000| Untracked 
| 186|0x000000008ba00000, 0x000000008ba00000, 0x000000008bb00000|  0%| F|  |TAMS 0x000000008ba00000, 0x000000008ba00000| Untracked 
| 187|0x000000008bb00000, 0x000000008bb00000, 0x000000008bc00000|  0%| F|  |TAMS 0x000000008bb00000, 0x000000008bb00000| Untracked 
| 188|0x000000008bc00000, 0x000000008bc00000, 0x000000008bd00000|  0%| F|  |TAMS 0x000000008bc00000, 0x000000008bc00000| Untracked 
| 189|0x000000008bd00000, 0x000000008bd00000, 0x000000008be00000|  0%| F|  |TAMS 0x000000008bd00000, 0x000000008bd00000| Untracked 
| 190|0x000000008be00000, 0x000000008be00000, 0x000000008bf00000|  0%| F|  |TAMS 0x000000008be00000, 0x000000008be00000| Untracked 
| 191|0x000000008bf00000, 0x000000008bf00000, 0x000000008c000000|  0%| F|  |TAMS 0x000000008bf00000, 0x000000008bf00000| Untracked 
| 192|0x000000008c000000, 0x000000008c000000, 0x000000008c100000|  0%| F|  |TAMS 0x000000008c000000, 0x000000008c000000| Untracked 
| 193|0x000000008c100000, 0x000000008c100000, 0x000000008c200000|  0%| F|  |TAMS 0x000000008c100000, 0x000000008c100000| Untracked 
| 194|0x000000008c200000, 0x000000008c200000, 0x000000008c300000|  0%| F|  |TAMS 0x000000008c200000, 0x000000008c200000| Untracked 
| 195|0x000000008c300000, 0x000000008c400000, 0x000000008c400000|100%| O|  |TAMS 0x000000008c400000, 0x000000008c300000| Untracked 
| 196|0x000000008c400000, 0x000000008c500000, 0x000000008c500000|100%| O|  |TAMS 0x000000008c500000, 0x000000008c400000| Untracked 
| 197|0x000000008c500000, 0x000000008c600000, 0x000000008c600000|100%| O|  |TAMS 0x000000008c600000, 0x000000008c500000| Untracked 
| 198|0x000000008c600000, 0x000000008c700000, 0x000000008c700000|100%| O|  |TAMS 0x000000008c700000, 0x000000008c600000| Untracked 
| 199|0x000000008c700000, 0x000000008c800000, 0x000000008c800000|100%| O|  |TAMS 0x000000008c800000, 0x000000008c700000| Untracked 
| 200|0x000000008c800000, 0x000000008c900000, 0x000000008c900000|100%| O|  |TAMS 0x000000008c900000, 0x000000008c800000| Untracked 
| 201|0x000000008c900000, 0x000000008ca00000, 0x000000008ca00000|100%| O|  |TAMS 0x000000008ca00000, 0x000000008c900000| Untracked 
| 202|0x000000008ca00000, 0x000000008cb00000, 0x000000008cb00000|100%| O|  |TAMS 0x000000008cb00000, 0x000000008ca00000| Untracked 
| 203|0x000000008cb00000, 0x000000008cc00000, 0x000000008cc00000|100%| O|  |TAMS 0x000000008cc00000, 0x000000008cb00000| Untracked 
| 204|0x000000008cc00000, 0x000000008cd00000, 0x000000008cd00000|100%| O|  |TAMS 0x000000008cd00000, 0x000000008cc00000| Untracked 
| 205|0x000000008cd00000, 0x000000008ce00000, 0x000000008ce00000|100%| O|  |TAMS 0x000000008ce00000, 0x000000008cd00000| Untracked 
| 206|0x000000008ce00000, 0x000000008cf00000, 0x000000008cf00000|100%| O|  |TAMS 0x000000008cf00000, 0x000000008ce00000| Untracked 
| 207|0x000000008cf00000, 0x000000008d000000, 0x000000008d000000|100%| O|  |TAMS 0x000000008cf10e00, 0x000000008cf00000| Untracked 
| 208|0x000000008d000000, 0x000000008d000000, 0x000000008d100000|  0%| F|  |TAMS 0x000000008d000000, 0x000000008d000000| Untracked 
| 209|0x000000008d100000, 0x000000008d100000, 0x000000008d200000|  0%| F|  |TAMS 0x000000008d100000, 0x000000008d100000| Untracked 
| 210|0x000000008d200000, 0x000000008d200000, 0x000000008d300000|  0%| F|  |TAMS 0x000000008d200000, 0x000000008d200000| Untracked 
| 211|0x000000008d300000, 0x000000008d300000, 0x000000008d400000|  0%| F|  |TAMS 0x000000008d300000, 0x000000008d300000| Untracked 
| 212|0x000000008d400000, 0x000000008d400000, 0x000000008d500000|  0%| F|  |TAMS 0x000000008d400000, 0x000000008d400000| Untracked 
| 213|0x000000008d500000, 0x000000008d500000, 0x000000008d600000|  0%| F|  |TAMS 0x000000008d500000, 0x000000008d500000| Untracked 
| 214|0x000000008d600000, 0x000000008d600000, 0x000000008d700000|  0%| F|  |TAMS 0x000000008d600000, 0x000000008d600000| Untracked 
| 215|0x000000008d700000, 0x000000008d700000, 0x000000008d800000|  0%| F|  |TAMS 0x000000008d700000, 0x000000008d700000| Untracked 
| 216|0x000000008d800000, 0x000000008d800000, 0x000000008d900000|  0%| F|  |TAMS 0x000000008d800000, 0x000000008d800000| Untracked 
| 217|0x000000008d900000, 0x000000008da00000, 0x000000008da00000|100%| S|CS|TAMS 0x000000008d900000, 0x000000008d900000| Complete 
| 218|0x000000008da00000, 0x000000008db00000, 0x000000008db00000|100%| S|CS|TAMS 0x000000008da00000, 0x000000008da00000| Complete 
| 219|0x000000008db00000, 0x000000008dc00000, 0x000000008dc00000|100%| S|CS|TAMS 0x000000008db00000, 0x000000008db00000| Complete 
| 220|0x000000008dc00000, 0x000000008dd00000, 0x000000008dd00000|100%| S|CS|TAMS 0x000000008dc00000, 0x000000008dc00000| Complete 
| 221|0x000000008dd00000, 0x000000008de00000, 0x000000008de00000|100%| S|CS|TAMS 0x000000008dd00000, 0x000000008dd00000| Complete 
| 222|0x000000008de00000, 0x000000008de00000, 0x000000008df00000|  0%| F|  |TAMS 0x000000008de00000, 0x000000008de00000| Untracked 
| 223|0x000000008df00000, 0x000000008e000000, 0x000000008e000000|100%| O|  |TAMS 0x000000008e000000, 0x000000008df00000| Untracked 
| 224|0x000000008e000000, 0x000000008e000000, 0x000000008e100000|  0%| F|  |TAMS 0x000000008e000000, 0x000000008e000000| Untracked 
| 225|0x000000008e100000, 0x000000008e100000, 0x000000008e200000|  0%| F|  |TAMS 0x000000008e100000, 0x000000008e100000| Untracked 
| 226|0x000000008e200000, 0x000000008e200000, 0x000000008e300000|  0%| F|  |TAMS 0x000000008e200000, 0x000000008e200000| Untracked 
| 227|0x000000008e300000, 0x000000008e300000, 0x000000008e400000|  0%| F|  |TAMS 0x000000008e300000, 0x000000008e300000| Untracked 
| 228|0x000000008e400000, 0x000000008e400000, 0x000000008e500000|  0%| F|  |TAMS 0x000000008e400000, 0x000000008e400000| Untracked 
| 229|0x000000008e500000, 0x000000008e500000, 0x000000008e600000|  0%| F|  |TAMS 0x000000008e500000, 0x000000008e500000| Untracked 
| 230|0x000000008e600000, 0x000000008e600000, 0x000000008e700000|  0%| F|  |TAMS 0x000000008e600000, 0x000000008e600000| Untracked 
| 231|0x000000008e700000, 0x000000008e700000, 0x000000008e800000|  0%| F|  |TAMS 0x000000008e700000, 0x000000008e700000| Untracked 
| 232|0x000000008e800000, 0x000000008e800000, 0x000000008e900000|  0%| F|  |TAMS 0x000000008e800000, 0x000000008e800000| Untracked 
| 233|0x000000008e900000, 0x000000008e900000, 0x000000008ea00000|  0%| F|  |TAMS 0x000000008e900000, 0x000000008e900000| Untracked 
| 234|0x000000008ea00000, 0x000000008ea00000, 0x000000008eb00000|  0%| F|  |TAMS 0x000000008ea00000, 0x000000008ea00000| Untracked 
| 235|0x000000008eb00000, 0x000000008eb00000, 0x000000008ec00000|  0%| F|  |TAMS 0x000000008eb00000, 0x000000008eb00000| Untracked 
| 236|0x000000008ec00000, 0x000000008ec00000, 0x000000008ed00000|  0%| F|  |TAMS 0x000000008ec00000, 0x000000008ec00000| Untracked 
| 237|0x000000008ed00000, 0x000000008ed00000, 0x000000008ee00000|  0%| F|  |TAMS 0x000000008ed00000, 0x000000008ed00000| Untracked 
| 238|0x000000008ee00000, 0x000000008ee00000, 0x000000008ef00000|  0%| F|  |TAMS 0x000000008ee00000, 0x000000008ee00000| Untracked 
| 239|0x000000008ef00000, 0x000000008ef00000, 0x000000008f000000|  0%| F|  |TAMS 0x000000008ef00000, 0x000000008ef00000| Untracked 
| 240|0x000000008f000000, 0x000000008f000000, 0x000000008f100000|  0%| F|  |TAMS 0x000000008f000000, 0x000000008f000000| Untracked 
| 241|0x000000008f100000, 0x000000008f100000, 0x000000008f200000|  0%| F|  |TAMS 0x000000008f100000, 0x000000008f100000| Untracked 
| 242|0x000000008f200000, 0x000000008f200000, 0x000000008f300000|  0%| F|  |TAMS 0x000000008f200000, 0x000000008f200000| Untracked 
| 243|0x000000008f300000, 0x000000008f300000, 0x000000008f400000|  0%| F|  |TAMS 0x000000008f300000, 0x000000008f300000| Untracked 
| 244|0x000000008f400000, 0x000000008f400000, 0x000000008f500000|  0%| F|  |TAMS 0x000000008f400000, 0x000000008f400000| Untracked 
| 245|0x000000008f500000, 0x000000008f500000, 0x000000008f600000|  0%| F|  |TAMS 0x000000008f500000, 0x000000008f500000| Untracked 
| 246|0x000000008f600000, 0x000000008f600000, 0x000000008f700000|  0%| F|  |TAMS 0x000000008f600000, 0x000000008f600000| Untracked 
| 247|0x000000008f700000, 0x000000008f700000, 0x000000008f800000|  0%| F|  |TAMS 0x000000008f700000, 0x000000008f700000| Untracked 
| 248|0x000000008f800000, 0x000000008f800000, 0x000000008f900000|  0%| F|  |TAMS 0x000000008f800000, 0x000000008f800000| Untracked 
| 249|0x000000008f900000, 0x000000008f900000, 0x000000008fa00000|  0%| F|  |TAMS 0x000000008f900000, 0x000000008f900000| Untracked 
| 250|0x000000008fa00000, 0x000000008fa00000, 0x000000008fb00000|  0%| F|  |TAMS 0x000000008fa00000, 0x000000008fa00000| Untracked 
| 251|0x000000008fb00000, 0x000000008fb00000, 0x000000008fc00000|  0%| F|  |TAMS 0x000000008fb00000, 0x000000008fb00000| Untracked 
| 252|0x000000008fc00000, 0x000000008fc00000, 0x000000008fd00000|  0%| F|  |TAMS 0x000000008fc00000, 0x000000008fc00000| Untracked 
| 253|0x000000008fd00000, 0x000000008fd00000, 0x000000008fe00000|  0%| F|  |TAMS 0x000000008fd00000, 0x000000008fd00000| Untracked 
| 254|0x000000008fe00000, 0x000000008fe00000, 0x000000008ff00000|  0%| F|  |TAMS 0x000000008fe00000, 0x000000008fe00000| Untracked 
| 255|0x000000008ff00000, 0x000000008ff00000, 0x0000000090000000|  0%| F|  |TAMS 0x000000008ff00000, 0x000000008ff00000| Untracked 
| 256|0x0000000090000000, 0x0000000090000000, 0x0000000090100000|  0%| F|  |TAMS 0x0000000090000000, 0x0000000090000000| Untracked 
| 257|0x0000000090100000, 0x0000000090100000, 0x0000000090200000|  0%| F|  |TAMS 0x0000000090100000, 0x0000000090100000| Untracked 
| 258|0x0000000090200000, 0x0000000090200000, 0x0000000090300000|  0%| F|  |TAMS 0x0000000090200000, 0x0000000090200000| Untracked 
| 259|0x0000000090300000, 0x0000000090300000, 0x0000000090400000|  0%| F|  |TAMS 0x0000000090300000, 0x0000000090300000| Untracked 
| 260|0x0000000090400000, 0x0000000090400000, 0x0000000090500000|  0%| F|  |TAMS 0x0000000090400000, 0x0000000090400000| Untracked 
| 261|0x0000000090500000, 0x0000000090500000, 0x0000000090600000|  0%| F|  |TAMS 0x0000000090500000, 0x0000000090500000| Untracked 
| 262|0x0000000090600000, 0x0000000090600000, 0x0000000090700000|  0%| F|  |TAMS 0x0000000090600000, 0x0000000090600000| Untracked 
| 263|0x0000000090700000, 0x0000000090700000, 0x0000000090800000|  0%| F|  |TAMS 0x0000000090700000, 0x0000000090700000| Untracked 
| 264|0x0000000090800000, 0x0000000090800000, 0x0000000090900000|  0%| F|  |TAMS 0x0000000090800000, 0x0000000090800000| Untracked 
| 265|0x0000000090900000, 0x0000000090900000, 0x0000000090a00000|  0%| F|  |TAMS 0x0000000090900000, 0x0000000090900000| Untracked 
| 266|0x0000000090a00000, 0x0000000090a00000, 0x0000000090b00000|  0%| F|  |TAMS 0x0000000090a00000, 0x0000000090a00000| Untracked 
| 267|0x0000000090b00000, 0x0000000090b00000, 0x0000000090c00000|  0%| F|  |TAMS 0x0000000090b00000, 0x0000000090b00000| Untracked 
| 268|0x0000000090c00000, 0x0000000090c00000, 0x0000000090d00000|  0%| F|  |TAMS 0x0000000090c00000, 0x0000000090c00000| Untracked 
| 269|0x0000000090d00000, 0x0000000090d00000, 0x0000000090e00000|  0%| F|  |TAMS 0x0000000090d00000, 0x0000000090d00000| Untracked 
| 270|0x0000000090e00000, 0x0000000090e00000, 0x0000000090f00000|  0%| F|  |TAMS 0x0000000090e00000, 0x0000000090e00000| Untracked 
| 271|0x0000000090f00000, 0x0000000090f00000, 0x0000000091000000|  0%| F|  |TAMS 0x0000000090f00000, 0x0000000090f00000| Untracked 
| 272|0x0000000091000000, 0x0000000091000000, 0x0000000091100000|  0%| F|  |TAMS 0x0000000091000000, 0x0000000091000000| Untracked 
| 273|0x0000000091100000, 0x0000000091100000, 0x0000000091200000|  0%| F|  |TAMS 0x0000000091100000, 0x0000000091100000| Untracked 
| 274|0x0000000091200000, 0x0000000091200000, 0x0000000091300000|  0%| F|  |TAMS 0x0000000091200000, 0x0000000091200000| Untracked 
| 275|0x0000000091300000, 0x0000000091300000, 0x0000000091400000|  0%| F|  |TAMS 0x0000000091300000, 0x0000000091300000| Untracked 
| 276|0x0000000091400000, 0x0000000091400000, 0x0000000091500000|  0%| F|  |TAMS 0x0000000091400000, 0x0000000091400000| Untracked 
| 277|0x0000000091500000, 0x0000000091500000, 0x0000000091600000|  0%| F|  |TAMS 0x0000000091500000, 0x0000000091500000| Untracked 
| 278|0x0000000091600000, 0x0000000091600000, 0x0000000091700000|  0%| F|  |TAMS 0x0000000091600000, 0x0000000091600000| Untracked 
| 279|0x0000000091700000, 0x0000000091700000, 0x0000000091800000|  0%| F|  |TAMS 0x0000000091700000, 0x0000000091700000| Untracked 
| 280|0x0000000091800000, 0x0000000091800000, 0x0000000091900000|  0%| F|  |TAMS 0x0000000091800000, 0x0000000091800000| Untracked 
| 281|0x0000000091900000, 0x0000000091900000, 0x0000000091a00000|  0%| F|  |TAMS 0x0000000091900000, 0x0000000091900000| Untracked 
| 282|0x0000000091a00000, 0x0000000091a00000, 0x0000000091b00000|  0%| F|  |TAMS 0x0000000091a00000, 0x0000000091a00000| Untracked 
| 283|0x0000000091b00000, 0x0000000091b00000, 0x0000000091c00000|  0%| F|  |TAMS 0x0000000091b00000, 0x0000000091b00000| Untracked 
| 284|0x0000000091c00000, 0x0000000091c00000, 0x0000000091d00000|  0%| F|  |TAMS 0x0000000091c00000, 0x0000000091c00000| Untracked 
| 285|0x0000000091d00000, 0x0000000091d00000, 0x0000000091e00000|  0%| F|  |TAMS 0x0000000091d00000, 0x0000000091d00000| Untracked 
| 286|0x0000000091e00000, 0x0000000091e00000, 0x0000000091f00000|  0%| F|  |TAMS 0x0000000091e00000, 0x0000000091e00000| Untracked 
| 287|0x0000000091f00000, 0x0000000091f00000, 0x0000000092000000|  0%| F|  |TAMS 0x0000000091f00000, 0x0000000091f00000| Untracked 
| 288|0x0000000092000000, 0x0000000092000000, 0x0000000092100000|  0%| F|  |TAMS 0x0000000092000000, 0x0000000092000000| Untracked 
| 289|0x0000000092100000, 0x0000000092100000, 0x0000000092200000|  0%| F|  |TAMS 0x0000000092100000, 0x0000000092100000| Untracked 
| 290|0x0000000092200000, 0x0000000092200000, 0x0000000092300000|  0%| F|  |TAMS 0x0000000092200000, 0x0000000092200000| Untracked 
| 291|0x0000000092300000, 0x0000000092300000, 0x0000000092400000|  0%| F|  |TAMS 0x0000000092300000, 0x0000000092300000| Untracked 
| 292|0x0000000092400000, 0x0000000092400000, 0x0000000092500000|  0%| F|  |TAMS 0x0000000092400000, 0x0000000092400000| Untracked 
| 293|0x0000000092500000, 0x0000000092500000, 0x0000000092600000|  0%| F|  |TAMS 0x0000000092500000, 0x0000000092500000| Untracked 
| 294|0x0000000092600000, 0x0000000092600000, 0x0000000092700000|  0%| F|  |TAMS 0x0000000092600000, 0x0000000092600000| Untracked 
| 295|0x0000000092700000, 0x0000000092700000, 0x0000000092800000|  0%| F|  |TAMS 0x0000000092700000, 0x0000000092700000| Untracked 
| 296|0x0000000092800000, 0x0000000092800000, 0x0000000092900000|  0%| F|  |TAMS 0x0000000092800000, 0x0000000092800000| Untracked 
| 297|0x0000000092900000, 0x0000000092900000, 0x0000000092a00000|  0%| F|  |TAMS 0x0000000092900000, 0x0000000092900000| Untracked 
| 298|0x0000000092a00000, 0x0000000092a00000, 0x0000000092b00000|  0%| F|  |TAMS 0x0000000092a00000, 0x0000000092a00000| Untracked 
| 299|0x0000000092b00000, 0x0000000092b00000, 0x0000000092c00000|  0%| F|  |TAMS 0x0000000092b00000, 0x0000000092b00000| Untracked 
| 300|0x0000000092c00000, 0x0000000092ceb7c0, 0x0000000092d00000| 91%| E|  |TAMS 0x0000000092c00000, 0x0000000092c00000| Complete 
| 301|0x0000000092d00000, 0x0000000092e00000, 0x0000000092e00000|100%| E|CS|TAMS 0x0000000092d00000, 0x0000000092d00000| Complete 
| 302|0x0000000092e00000, 0x0000000092f00000, 0x0000000092f00000|100%| E|CS|TAMS 0x0000000092e00000, 0x0000000092e00000| Complete 
| 303|0x0000000092f00000, 0x0000000093000000, 0x0000000093000000|100%| E|CS|TAMS 0x0000000092f00000, 0x0000000092f00000| Complete 
| 304|0x0000000093000000, 0x0000000093100000, 0x0000000093100000|100%| E|  |TAMS 0x0000000093000000, 0x0000000093000000| Complete 
| 305|0x0000000093100000, 0x0000000093200000, 0x0000000093200000|100%| E|CS|TAMS 0x0000000093100000, 0x0000000093100000| Complete 
| 306|0x0000000093200000, 0x0000000093300000, 0x0000000093300000|100%| E|CS|TAMS 0x0000000093200000, 0x0000000093200000| Complete 
| 307|0x0000000093300000, 0x0000000093400000, 0x0000000093400000|100%| E|CS|TAMS 0x0000000093300000, 0x0000000093300000| Complete 
| 308|0x0000000093400000, 0x0000000093500000, 0x0000000093500000|100%| E|CS|TAMS 0x0000000093400000, 0x0000000093400000| Complete 
| 309|0x0000000093500000, 0x0000000093600000, 0x0000000093600000|100%| E|CS|TAMS 0x0000000093500000, 0x0000000093500000| Complete 
| 310|0x0000000093600000, 0x0000000093700000, 0x0000000093700000|100%| E|CS|TAMS 0x0000000093600000, 0x0000000093600000| Complete 
| 311|0x0000000093700000, 0x0000000093800000, 0x0000000093800000|100%| E|CS|TAMS 0x0000000093700000, 0x0000000093700000| Complete 
| 312|0x0000000093800000, 0x0000000093900000, 0x0000000093900000|100%| E|CS|TAMS 0x0000000093800000, 0x0000000093800000| Complete 
| 313|0x0000000093900000, 0x0000000093a00000, 0x0000000093a00000|100%| E|CS|TAMS 0x0000000093900000, 0x0000000093900000| Complete 
| 314|0x0000000093a00000, 0x0000000093b00000, 0x0000000093b00000|100%| E|CS|TAMS 0x0000000093a00000, 0x0000000093a00000| Complete 
| 315|0x0000000093b00000, 0x0000000093c00000, 0x0000000093c00000|100%| E|CS|TAMS 0x0000000093b00000, 0x0000000093b00000| Complete 
| 316|0x0000000093c00000, 0x0000000093d00000, 0x0000000093d00000|100%| E|CS|TAMS 0x0000000093c00000, 0x0000000093c00000| Complete 
| 317|0x0000000093d00000, 0x0000000093e00000, 0x0000000093e00000|100%| E|CS|TAMS 0x0000000093d00000, 0x0000000093d00000| Complete 
| 318|0x0000000093e00000, 0x0000000093f00000, 0x0000000093f00000|100%| E|CS|TAMS 0x0000000093e00000, 0x0000000093e00000| Complete 
| 319|0x0000000093f00000, 0x0000000094000000, 0x0000000094000000|100%| E|CS|TAMS 0x0000000093f00000, 0x0000000093f00000| Complete 
| 320|0x0000000094000000, 0x0000000094100000, 0x0000000094100000|100%| E|CS|TAMS 0x0000000094000000, 0x0000000094000000| Complete 
| 321|0x0000000094100000, 0x0000000094200000, 0x0000000094200000|100%| E|CS|TAMS 0x0000000094100000, 0x0000000094100000| Complete 
| 322|0x0000000094200000, 0x0000000094300000, 0x0000000094300000|100%| E|CS|TAMS 0x0000000094200000, 0x0000000094200000| Complete 

Card table byte_map: [0x000001e0b36e0000,0x000001e0b3ae0000] _byte_map_base: 0x000001e0b32e0000

Marking Bits (Prev, Next): (CMBitMap*) 0x000001e0a0822488, (CMBitMap*) 0x000001e0a08224c0
 Prev Bits: [0x000001e0b3ee0000, 0x000001e0b5ee0000)
 Next Bits: [0x000001e0b5ee0000, 0x000001e0b7ee0000)

Polling page: 0x000001e09ffb0000

Metaspace:

Usage:
  Non-class:    112.07 MB capacity,   110.13 MB ( 98%) used,     1.55 MB (  1%) free+waste,   399.00 KB ( <1%) overhead. 
      Class:     16.82 MB capacity,    15.63 MB ( 93%) used,     1.02 MB (  6%) free+waste,   175.44 KB (  1%) overhead. 
       Both:    128.89 MB capacity,   125.76 MB ( 98%) used,     2.57 MB (  2%) free+waste,   574.44 KB ( <1%) overhead. 

Virtual space:
  Non-class space:      114.00 MB reserved,     112.07 MB ( 98%) committed 
      Class space:        1.00 GB reserved,      16.88 MB (  2%) committed 
             Both:        1.11 GB reserved,     128.95 MB ( 11%) committed 

Chunk freelists:
   Non-Class:  5.00 KB
       Class:  20.00 KB
        Both:  25.00 KB

MaxMetaspaceSize: 17179869184.00 GB
CompressedClassSpaceSize: 1.00 GB
Initial GC threshold: 20.80 MB
Current GC threshold: 193.87 MB
CDS: off

CodeHeap 'non-profiled nmethods': size=120064Kb used=12810Kb max_used=13226Kb free=107253Kb
 bounds [0x000001e0abda0000, 0x000001e0aca90000, 0x000001e0b32e0000]
CodeHeap 'profiled nmethods': size=120000Kb used=43904Kb max_used=46008Kb free=76095Kb
 bounds [0x000001e0a4870000, 0x000001e0a7560000, 0x000001e0abda0000]
CodeHeap 'non-nmethods': size=5696Kb used=2524Kb max_used=2594Kb free=3171Kb
 bounds [0x000001e0a42e0000, 0x000001e0a4580000, 0x000001e0a4870000]
 total_blobs=19990 nmethods=18913 adapters=986
 compilation: enabled
              stopped_count=0, restarted_count=0
 full_count=0

Compilation events (20 events):
Event: 49.071 Thread 0x000001e0ba403800 21617       2       com.android.tools.r8.internal.kj::a (55 bytes)
Event: 49.072 Thread 0x000001e0ba403800 nmethod 21617 0x000001e0a4939390 code [0x000001e0a49395c0, 0x000001e0a4939948]
Event: 49.072 Thread 0x000001e0ba403800 21618       2       com.android.tools.r8.internal.kj$$Lambda$1587/0x0000000100e58040::accept (12 bytes)
Event: 49.072 Thread 0x000001e0ba403800 nmethod 21618 0x000001e0a599de90 code [0x000001e0a599e040, 0x000001e0a599e188]
Event: 49.072 Thread 0x000001e0ba403800 21619       2       com.android.tools.r8.internal.kj::a (119 bytes)
Event: 49.073 Thread 0x000001e0ba403800 nmethod 21619 0x000001e0a4b5a590 code [0x000001e0a4b5a7c0, 0x000001e0a4b5ab18]
Event: 49.074 Thread 0x000001e0ba403800 21620       2       com.android.tools.r8.graph.Z0::J1 (37 bytes)
Event: 49.074 Thread 0x000001e0ba403800 nmethod 21620 0x000001e0a5d42090 code [0x000001e0a5d42240, 0x000001e0a5d423e8]
Event: 49.074 Thread 0x000001e0ba403800 21621       2       com.android.tools.r8.graph.K2::g (12 bytes)
Event: 49.074 Thread 0x000001e0ba403800 nmethod 21621 0x000001e0a49d8990 code [0x000001e0a49d8b40, 0x000001e0a49d8c58]
Event: 49.079 Thread 0x000001e0ba403800 21622       2       java.security.CodeSource::<init> (52 bytes)
Event: 49.079 Thread 0x000001e0ba403800 nmethod 21622 0x000001e0a5e2b910 code [0x000001e0a5e2bae0, 0x000001e0a5e2be18]
Event: 49.081 Thread 0x000001e0ba403800 21623       1       org.gradle.internal.work.DefaultConditionalExecutionQueue::access$100 (5 bytes)
Event: 49.081 Thread 0x000001e0ba403800 nmethod 21623 0x000001e0ac341e10 code [0x000001e0ac341fc0, 0x000001e0ac342058]
Event: 49.108 Thread 0x000001e0ba403800 21625   !   2       org.gradle.internal.execution.history.impl.FileSystemSnapshotSerializer$1::enterDirectory (33 bytes)
Event: 49.109 Thread 0x000001e0ba403800 nmethod 21625 0x000001e0a6310590 code [0x000001e0a6310780, 0x000001e0a6310a08]
Event: 49.109 Thread 0x000001e0ba403800 21626   !   2       org.gradle.internal.execution.history.impl.FileSystemSnapshotSerializer$1::leaveDirectory (46 bytes)
Event: 49.109 Thread 0x000001e0ba403800 nmethod 21626 0x000001e0a6046e90 code [0x000001e0a60470a0, 0x000001e0a60473a8]
Event: 49.110 Thread 0x000001e0ba403800 21627       2       java.time.Instant::create (49 bytes)
Event: 49.110 Thread 0x000001e0ba403800 nmethod 21627 0x000001e0a66c2c10 code [0x000001e0a66c2de0, 0x000001e0a66c3048]

GC Heap History (20 events):
Event: 35.554 GC heap before
{Heap before GC invocations=47 (full 0):
 garbage-first heap   total 330752K, used 188483K [0x0000000080000000, 0x0000000100000000)
  region size 1024K, 44 young (45056K), 6 survivors (6144K)
 Metaspace       used 116099K, capacity 119187K, committed 119368K, reserved 1153024K
  class space    used 14705K, capacity 15871K, committed 15872K, reserved 1048576K
}
Event: 35.561 GC heap after
{Heap after GC invocations=48 (full 0):
 garbage-first heap   total 330752K, used 147699K [0x0000000080000000, 0x0000000100000000)
  region size 1024K, 3 young (3072K), 3 survivors (3072K)
 Metaspace       used 116099K, capacity 119187K, committed 119368K, reserved 1153024K
  class space    used 14705K, capacity 15871K, committed 15872K, reserved 1048576K
}
Event: 36.288 GC heap before
{Heap before GC invocations=48 (full 0):
 garbage-first heap   total 330752K, used 161011K [0x0000000080000000, 0x0000000100000000)
  region size 1024K, 16 young (16384K), 3 survivors (3072K)
 Metaspace       used 116114K, capacity 119187K, committed 119368K, reserved 1153024K
  class space    used 14705K, capacity 15871K, committed 15872K, reserved 1048576K
}
Event: 36.293 GC heap after
{Heap after GC invocations=49 (full 0):
 garbage-first heap   total 330752K, used 116739K [0x0000000080000000, 0x0000000100000000)
  region size 1024K, 1 young (1024K), 1 survivors (1024K)
 Metaspace       used 116114K, capacity 119187K, committed 119368K, reserved 1153024K
  class space    used 14705K, capacity 15871K, committed 15872K, reserved 1048576K
}
Event: 37.883 GC heap before
{Heap before GC invocations=49 (full 0):
 garbage-first heap   total 330752K, used 202755K [0x0000000080000000, 0x0000000100000000)
  region size 1024K, 86 young (88064K), 1 survivors (1024K)
 Metaspace       used 116381K, capacity 119475K, committed 119752K, reserved 1153024K
  class space    used 14720K, capacity 15903K, committed 16000K, reserved 1048576K
}
Event: 37.886 GC heap after
{Heap after GC invocations=50 (full 0):
 garbage-first heap   total 330752K, used 116338K [0x0000000080000000, 0x0000000100000000)
  region size 1024K, 1 young (1024K), 1 survivors (1024K)
 Metaspace       used 116381K, capacity 119475K, committed 119752K, reserved 1153024K
  class space    used 14720K, capacity 15903K, committed 16000K, reserved 1048576K
}
Event: 40.788 GC heap before
{Heap before GC invocations=50 (full 0):
 garbage-first heap   total 330752K, used 212594K [0x0000000080000000, 0x0000000100000000)
  region size 1024K, 96 young (98304K), 1 survivors (1024K)
 Metaspace       used 118952K, capacity 121982K, committed 122312K, reserved 1155072K
  class space    used 15006K, capacity 16176K, committed 16256K, reserved 1048576K
}
Event: 40.794 GC heap after
{Heap after GC invocations=51 (full 0):
 garbage-first heap   total 330752K, used 118154K [0x0000000080000000, 0x0000000100000000)
  region size 1024K, 3 young (3072K), 3 survivors (3072K)
 Metaspace       used 118952K, capacity 121982K, committed 122312K, reserved 1155072K
  class space    used 15006K, capacity 16176K, committed 16256K, reserved 1048576K
}
Event: 42.740 GC heap before
{Heap before GC invocations=51 (full 0):
 garbage-first heap   total 330752K, used 228746K [0x0000000080000000, 0x0000000100000000)
  region size 1024K, 112 young (114688K), 3 survivors (3072K)
 Metaspace       used 123377K, capacity 126403K, committed 126664K, reserved 1159168K
  class space    used 15525K, capacity 16677K, committed 16768K, reserved 1048576K
}
Event: 42.757 GC heap after
{Heap after GC invocations=52 (full 0):
 garbage-first heap   total 330752K, used 126280K [0x0000000080000000, 0x0000000100000000)
  region size 1024K, 10 young (10240K), 10 survivors (10240K)
 Metaspace       used 123377K, capacity 126403K, committed 126664K, reserved 1159168K
  class space    used 15525K, capacity 16677K, committed 16768K, reserved 1048576K
}
Event: 44.295 GC heap before
{Heap before GC invocations=52 (full 0):
 garbage-first heap   total 330752K, used 244040K [0x0000000080000000, 0x0000000100000000)
  region size 1024K, 122 young (124928K), 10 survivors (10240K)
 Metaspace       used 123799K, capacity 126867K, committed 126920K, reserved 1159168K
  class space    used 15554K, capacity 16717K, committed 16768K, reserved 1048576K
}
Event: 44.315 GC heap after
{Heap after GC invocations=53 (full 0):
 garbage-first heap   total 330752K, used 130779K [0x0000000080000000, 0x0000000100000000)
  region size 1024K, 11 young (11264K), 11 survivors (11264K)
 Metaspace       used 123799K, capacity 126867K, committed 126920K, reserved 1159168K
  class space    used 15554K, capacity 16717K, committed 16768K, reserved 1048576K
}
Event: 45.132 GC heap before
{Heap before GC invocations=53 (full 0):
 garbage-first heap   total 330752K, used 245467K [0x0000000080000000, 0x0000000100000000)
  region size 1024K, 124 young (126976K), 11 survivors (11264K)
 Metaspace       used 124910K, capacity 128044K, committed 128328K, reserved 1161216K
  class space    used 15664K, capacity 16835K, committed 16896K, reserved 1048576K
}
Event: 45.161 GC heap after
{Heap after GC invocations=54 (full 0):
 garbage-first heap   total 330752K, used 144898K [0x0000000080000000, 0x0000000100000000)
  region size 1024K, 16 young (16384K), 16 survivors (16384K)
 Metaspace       used 124910K, capacity 128044K, committed 128328K, reserved 1161216K
  class space    used 15664K, capacity 16835K, committed 16896K, reserved 1048576K
}
Event: 46.267 GC heap before
{Heap before GC invocations=54 (full 0):
 garbage-first heap   total 330752K, used 251394K [0x0000000080000000, 0x0000000100000000)
  region size 1024K, 121 young (123904K), 16 survivors (16384K)
 Metaspace       used 126228K, capacity 129418K, committed 129480K, reserved 1161216K
  class space    used 15826K, capacity 17003K, committed 17024K, reserved 1048576K
}
Event: 46.301 GC heap after
{Heap after GC invocations=55 (full 0):
 garbage-first heap   total 330752K, used 160393K [0x0000000080000000, 0x0000000100000000)
  region size 1024K, 16 young (16384K), 16 survivors (16384K)
 Metaspace       used 126228K, capacity 129418K, committed 129480K, reserved 1161216K
  class space    used 15826K, capacity 17003K, committed 17024K, reserved 1048576K
}
Event: 47.435 GC heap before
{Heap before GC invocations=55 (full 0):
 garbage-first heap   total 330752K, used 255625K [0x0000000080000000, 0x0000000100000000)
  region size 1024K, 109 young (111616K), 16 survivors (16384K)
 Metaspace       used 127057K, capacity 130190K, committed 130376K, reserved 1163264K
  class space    used 15853K, capacity 17040K, committed 17152K, reserved 1048576K
}
Event: 47.462 GC heap after
{Heap after GC invocations=56 (full 0):
 garbage-first heap   total 330752K, used 164352K [0x0000000080000000, 0x0000000100000000)
  region size 1024K, 5 young (5120K), 5 survivors (5120K)
 Metaspace       used 127057K, capacity 130190K, committed 130376K, reserved 1163264K
  class space    used 15853K, capacity 17040K, committed 17152K, reserved 1048576K
}
Event: 48.679 GC heap before
{Heap before GC invocations=56 (full 0):
 garbage-first heap   total 330752K, used 261632K [0x0000000080000000, 0x0000000100000000)
  region size 1024K, 100 young (102400K), 5 survivors (5120K)
 Metaspace       used 128217K, capacity 131414K, committed 131656K, reserved 1163264K
  class space    used 15933K, capacity 17132K, committed 17152K, reserved 1048576K
}
Event: 48.690 GC heap after
{Heap after GC invocations=57 (full 0):
 garbage-first heap   total 330752K, used 164352K [0x0000000080000000, 0x0000000100000000)
  region size 1024K, 5 young (5120K), 5 survivors (5120K)
 Metaspace       used 128217K, capacity 131414K, committed 131656K, reserved 1163264K
  class space    used 15933K, capacity 17132K, committed 17152K, reserved 1048576K
}

Deoptimization events (20 events):
Event: 48.932 Thread 0x000001e0bda0d000 DEOPT PACKING pc=0x000001e0a710be5e sp=0x00000080ce2fbba0
Event: 48.933 Thread 0x000001e0bda0d000 DEOPT UNPACKING pc=0x000001e0a432a95e sp=0x00000080ce2fb428 mode 0
Event: 48.935 Thread 0x000001e0bda0d000 DEOPT PACKING pc=0x000001e0a72b017e sp=0x00000080ce2fc7b0
Event: 48.935 Thread 0x000001e0bda0d000 DEOPT UNPACKING pc=0x000001e0a432a95e sp=0x00000080ce2fbc28 mode 0
Event: 48.938 Thread 0x000001e0bda0d000 DEOPT PACKING pc=0x000001e0a6f314ec sp=0x00000080ce2fb7d0
Event: 48.938 Thread 0x000001e0bda0d000 DEOPT UNPACKING pc=0x000001e0a432a95e sp=0x00000080ce2fad68 mode 0
Event: 48.949 Thread 0x000001e0bdcf1000 Uncommon trap: trap_request=0xffffff4d fr.pc=0x000001e0ac9f29fc relative=0x000000000000005c
Event: 48.949 Thread 0x000001e0bdcf1000 Uncommon trap: reason=unstable_if action=reinterpret pc=0x000001e0ac9f29fc method=com.android.tools.r8.internal.ec.a(Lcom/android/tools/r8/graph/e1;Lcom/android/tools/r8/graph/e1;)I @ 2 c2
Event: 48.949 Thread 0x000001e0bdcf1000 DEOPT PACKING pc=0x000001e0ac9f29fc sp=0x00000080ce0fc7c0
Event: 48.949 Thread 0x000001e0bdcf1000 DEOPT UNPACKING pc=0x000001e0a432a1af sp=0x00000080ce0fc750 mode 2
Event: 48.954 Thread 0x000001e0bda0d000 DEOPT PACKING pc=0x000001e0a6fd8fdd sp=0x00000080ce2fb960
Event: 48.954 Thread 0x000001e0bda0d000 DEOPT UNPACKING pc=0x000001e0a432a95e sp=0x00000080ce2faf98 mode 0
Event: 48.968 Thread 0x000001e0bdcf1000 DEOPT PACKING pc=0x000001e0a72b017e sp=0x00000080ce0fd710
Event: 48.968 Thread 0x000001e0bdcf1000 DEOPT UNPACKING pc=0x000001e0a432a95e sp=0x00000080ce0fcb88 mode 0
Event: 48.971 Thread 0x000001e0bdcf1000 DEOPT PACKING pc=0x000001e0a57a0212 sp=0x00000080ce0fd690
Event: 48.971 Thread 0x000001e0bdcf1000 DEOPT UNPACKING pc=0x000001e0a432a95e sp=0x00000080ce0fcb48 mode 0
Event: 49.035 Thread 0x000001e0bdcf1000 DEOPT PACKING pc=0x000001e0a72b017e sp=0x00000080ce0fca30
Event: 49.035 Thread 0x000001e0bdcf1000 DEOPT UNPACKING pc=0x000001e0a432a95e sp=0x00000080ce0fbea8 mode 0
Event: 49.047 Thread 0x000001e0bda0d000 DEOPT PACKING pc=0x000001e0a6f73319 sp=0x00000080ce2fbd30
Event: 49.047 Thread 0x000001e0bda0d000 DEOPT UNPACKING pc=0x000001e0a432a95e sp=0x00000080ce2fb3d0 mode 0

Classes redefined (0 events):
No events

Internal exceptions (20 events):
Event: 44.359 Thread 0x000001e0bda10800 Exception <a 'sun/nio/fs/WindowsException'{0x00000000935fb938}> (0x00000000935fb938) thrown at [./src/hotspot/share/prims/jni.cpp, line 615]
Event: 44.373 Thread 0x000001e0bdcf0800 Exception <a 'java/lang/NoSuchMethodError'{0x0000000093245408}: <clinit>> (0x0000000093245408) thrown at [./src/hotspot/share/prims/jni.cpp, line 1365]
Event: 44.376 Thread 0x000001e0bdcf0800 Exception <a 'java/lang/NoSuchMethodError'{0x00000000932469e8}: <clinit>> (0x00000000932469e8) thrown at [./src/hotspot/share/prims/jni.cpp, line 1365]
Event: 44.376 Thread 0x000001e0bdcf0800 Exception <a 'java/lang/NoSuchMethodError'{0x00000000932495d8}: <clinit>> (0x00000000932495d8) thrown at [./src/hotspot/share/prims/jni.cpp, line 1365]
Event: 44.377 Thread 0x000001e0bdcf0800 Exception <a 'java/lang/NoSuchMethodError'{0x000000009325ff30}: <clinit>> (0x000000009325ff30) thrown at [./src/hotspot/share/prims/jni.cpp, line 1365]
Event: 44.377 Thread 0x000001e0bdcf0800 Exception <a 'java/lang/NoSuchMethodError'{0x0000000093261150}: <clinit>> (0x0000000093261150) thrown at [./src/hotspot/share/prims/jni.cpp, line 1365]
Event: 44.821 Thread 0x000001e0bdcf0800 Exception <a 'java/lang/NoSuchMethodError'{0x000000008fd51228}: <clinit>> (0x000000008fd51228) thrown at [./src/hotspot/share/prims/jni.cpp, line 1365]
Event: 44.824 Thread 0x000001e0bdcf0800 Exception <a 'java/lang/NoSuchMethodError'{0x000000008f3b3f78}: <clinit>> (0x000000008f3b3f78) thrown at [./src/hotspot/share/prims/jni.cpp, line 1365]
Event: 44.825 Thread 0x000001e0bdcf0800 Exception <a 'java/lang/NoSuchMethodError'{0x000000008f3c6470}: <clinit>> (0x000000008f3c6470) thrown at [./src/hotspot/share/prims/jni.cpp, line 1365]
Event: 45.656 Thread 0x000001e0bdcef800 Exception <a 'sun/nio/fs/WindowsException'{0x0000000090f86318}> (0x0000000090f86318) thrown at [./src/hotspot/share/prims/jni.cpp, line 615]
Event: 45.983 Thread 0x000001e0bdcef800 Exception <a 'java/lang/NoSuchMethodError'{0x000000008f10d180}: 'java.lang.Object java.lang.invoke.DirectMethodHandle$Holder.invokeInterface(java.lang.Object, java.lang.Object, int)'> (0x000000008f10d180) thrown at [./src/hotspot/share/interpreter/linkResolver.cpp, line 773]
Event: 48.015 Thread 0x000001e0bdcef800 Implicit null exception at 0x000001e0ac5ed622 to 0x000001e0ac5edacc
Event: 48.016 Thread 0x000001e0bdcef800 Implicit null exception at 0x000001e0ac68a620 to 0x000001e0ac68a88c
Event: 48.159 Thread 0x000001e0bdcef800 Exception <a 'sun/nio/fs/WindowsException'{0x00000000905215b8}> (0x00000000905215b8) thrown at [./src/hotspot/share/prims/jni.cpp, line 615]
Event: 48.623 Thread 0x000001e0bdcf1000 Exception <a 'sun/nio/fs/WindowsException'{0x000000008e9dc750}> (0x000000008e9dc750) thrown at [./src/hotspot/share/prims/jni.cpp, line 615]
Event: 48.988 Thread 0x000001e0bda0f800 Exception <a 'java/lang/NoSuchMethodError'{0x0000000093802e68}: 'void java.lang.invoke.DirectMethodHandle$Holder.invokeStatic(java.lang.Object, long)'> (0x0000000093802e68) thrown at [./src/hotspot/share/interpreter/linkResolver.cpp, line 773]
Event: 48.993 Thread 0x000001e0bda0f800 Exception <a 'java/lang/NoSuchMethodError'{0x000000009380ddc0}: 'java.lang.Object java.lang.invoke.DirectMethodHandle$Holder.invokeStaticInit(java.lang.Object, java.lang.Object, long, java.lang.Object)'> (0x000000009380ddc0) thrown at [./src/hotspot/share/interpreter/linkResolver.cpp, line 773]
Event: 48.994 Thread 0x000001e0bda0f800 Exception <a 'java/lang/NoSuchMethodError'{0x0000000093814000}: 'java.lang.Object java.lang.invoke.DirectMethodHandle$Holder.invokeStatic(java.lang.Object, java.lang.Object, long)'> (0x0000000093814000) thrown at [./src/hotspot/share/interpreter/linkResolver.cpp, line 773]
Event: 48.995 Thread 0x000001e0bda0f800 Exception <a 'java/lang/NoSuchMethodError'{0x000000009381a578}: 'java.lang.Object java.lang.invoke.Invokers$Holder.linkToTargetMethod(java.lang.Object, long, java.lang.Object)'> (0x000000009381a578) thrown at [./src/hotspot/share/interpreter/linkResolver.cpp, line 773]
Event: 49.075 Thread 0x000001e0bdcf1000 Exception <a 'sun/nio/fs/WindowsException'{0x00000000932965c8}> (0x00000000932965c8) thrown at [./src/hotspot/share/prims/jni.cpp, line 615]

Events (20 events):
Event: 48.991 loading class java/lang/ProcessHandleImpl
Event: 48.991 loading class java/lang/ProcessHandleImpl done
Event: 48.996 loading class java/lang/ProcessImpl$2
Event: 48.998 loading class java/lang/ProcessImpl$2 done
Event: 48.998 loading class java/lang/Process$PipeInputStream
Event: 48.998 loading class java/lang/Process$PipeInputStream done
Event: 48.998 Executing VM operation: Deoptimize
Event: 49.006 Executing VM operation: Deoptimize done
Event: 49.006 loading class com/android/utils/GrabProcessOutput$Wait
Event: 49.006 loading class com/android/utils/GrabProcessOutput$Wait done
Event: 49.007 loading class com/android/utils/GrabProcessOutput
Event: 49.007 loading class com/android/utils/GrabProcessOutput done
Event: 49.019 loading class com/android/utils/GrabProcessOutput$1
Event: 49.019 loading class com/android/utils/GrabProcessOutput$1 done
Event: 49.019 loading class com/android/utils/GrabProcessOutput$2
Event: 49.019 loading class com/android/utils/GrabProcessOutput$2 done
Event: 49.020 Thread 0x000001e0bda16000 Thread added: 0x000001e0bda16000
Event: 49.020 Thread 0x000001e0bda15000 Thread added: 0x000001e0bda15000
Event: 49.020 loading class com/google/common/util/concurrent/OverflowAvoidingLockSupport
Event: 49.020 loading class com/google/common/util/concurrent/OverflowAvoidingLockSupport done


Dynamic libraries:
0x00007ff609f40000 - 0x00007ff609f4a000 	C:\Program Files\Android\Android Studio\jre\bin\java.exe
0x00007ffb13b60000 - 0x00007ffb13d50000 	C:\Windows\SYSTEM32\ntdll.dll
0x00007ffb124d0000 - 0x00007ffb12582000 	C:\Windows\System32\KERNEL32.DLL
0x00007ffb10f40000 - 0x00007ffb111e3000 	C:\Windows\System32\KERNELBASE.dll
0x00007ffb10e10000 - 0x00007ffb10f0a000 	C:\Windows\System32\ucrtbase.dll
0x00007ffb0cd20000 - 0x00007ffb0cd37000 	C:\Program Files\Android\Android Studio\jre\bin\VCRUNTIME140.dll
0x00007ffb00f90000 - 0x00007ffb00fa9000 	C:\Program Files\Android\Android Studio\jre\bin\jli.dll
0x00007ffb125d0000 - 0x00007ffb12763000 	C:\Windows\System32\USER32.dll
0x00007ffb11270000 - 0x00007ffb11291000 	C:\Windows\System32\win32u.dll
0x00007ffb12590000 - 0x00007ffb125b6000 	C:\Windows\System32\GDI32.dll
0x00007ffaff8e0000 - 0x00007ffaffb65000 	C:\Windows\WinSxS\amd64_microsoft.windows.common-controls_6595b64144ccf1df_6.0.18362.388_none_e6c6afa5130d5b6d\COMCTL32.dll
0x00007ffb112a0000 - 0x00007ffb11434000 	C:\Windows\System32\gdi32full.dll
0x00007ffb127f0000 - 0x00007ffb1288e000 	C:\Windows\System32\msvcrt.dll
0x00007ffb10d70000 - 0x00007ffb10e0e000 	C:\Windows\System32\msvcp_win.dll
0x00007ffb12e90000 - 0x00007ffb131c6000 	C:\Windows\System32\combase.dll
0x00007ffb139b0000 - 0x00007ffb13ad0000 	C:\Windows\System32\RPCRT4.dll
0x00007ffb10cf0000 - 0x00007ffb10d70000 	C:\Windows\System32\bcryptPrimitives.dll
0x00007ffb13ad0000 - 0x00007ffb13afe000 	C:\Windows\System32\IMM32.DLL
0x00007ffac6640000 - 0x00007ffac66dd000 	C:\Program Files\Android\Android Studio\jre\bin\msvcp140.dll
0x00007ffaaf280000 - 0x00007ffaafd65000 	C:\Program Files\Android\Android Studio\jre\bin\server\jvm.dll
0x00007ffb128a0000 - 0x00007ffb12943000 	C:\Windows\System32\ADVAPI32.dll
0x00007ffb12df0000 - 0x00007ffb12e87000 	C:\Windows\System32\sechost.dll
0x00007ffb12890000 - 0x00007ffb12898000 	C:\Windows\System32\PSAPI.DLL
0x00007ffaf17f0000 - 0x00007ffaf17f9000 	C:\Windows\SYSTEM32\WSOCK32.dll
0x00007ffb13940000 - 0x00007ffb139af000 	C:\Windows\System32\WS2_32.dll
0x00007ffb0e6c0000 - 0x00007ffb0e6e4000 	C:\Windows\SYSTEM32\WINMM.dll
0x00007ffb09fe0000 - 0x00007ffb09fea000 	C:\Windows\SYSTEM32\VERSION.dll
0x00007ffb0e660000 - 0x00007ffb0e68d000 	C:\Windows\SYSTEM32\winmmbase.dll
0x00007ffb11bc0000 - 0x00007ffb11c0a000 	C:\Windows\System32\cfgmgr32.dll
0x00007ffb10ad0000 - 0x00007ffb10ae1000 	C:\Windows\System32\kernel.appcore.dll
0x00007ffb0b9f0000 - 0x00007ffb0ba01000 	C:\Program Files\Android\Android Studio\jre\bin\verify.dll
0x00007ffb0f3e0000 - 0x00007ffb0f5d4000 	C:\Windows\SYSTEM32\DBGHELP.DLL
0x00007ffae6710000 - 0x00007ffae673a000 	C:\Windows\SYSTEM32\dbgcore.DLL
0x00007ffb00310000 - 0x00007ffb00339000 	C:\Program Files\Android\Android Studio\jre\bin\java.dll
0x00007ffb09030000 - 0x00007ffb0903b000 	C:\Program Files\Android\Android Studio\jre\bin\jimage.dll
0x00007ffb002f0000 - 0x00007ffb00308000 	C:\Program Files\Android\Android Studio\jre\bin\zip.dll
0x00007ffb131d0000 - 0x00007ffb138b5000 	C:\Windows\System32\SHELL32.dll
0x00007ffb12a20000 - 0x00007ffb12ac9000 	C:\Windows\System32\shcore.dll
0x00007ffb11440000 - 0x00007ffb11bbf000 	C:\Windows\System32\windows.storage.dll
0x00007ffb10a40000 - 0x00007ffb10a5f000 	C:\Windows\System32\profapi.dll
0x00007ffb10a80000 - 0x00007ffb10aca000 	C:\Windows\System32\powrprof.dll
0x00007ffb10a30000 - 0x00007ffb10a40000 	C:\Windows\System32\UMPDC.dll
0x00007ffb12ba0000 - 0x00007ffb12bf2000 	C:\Windows\System32\shlwapi.dll
0x00007ffb111f0000 - 0x00007ffb11207000 	C:\Windows\System32\cryptsp.dll
0x00007ffb002d0000 - 0x00007ffb002ea000 	C:\Program Files\Android\Android Studio\jre\bin\net.dll
0x00007ffafec30000 - 0x00007ffafed20000 	C:\Windows\SYSTEM32\WINHTTP.dll
0x00007ffb101f0000 - 0x00007ffb10257000 	C:\Windows\system32\mswsock.dll
0x00007ffaf7940000 - 0x00007ffaf7954000 	C:\Program Files\Android\Android Studio\jre\bin\nio.dll
0x00007ffad7450000 - 0x00007ffad7477000 	C:\Users\pc\.gradle\native\e1d6ef7f7dcc3fd88c89a11ec53ec762bb8ba0a96d01ffa2cd45eb1d1d8dd5c5\windows-amd64\native-platform.dll
0x00007ffac2f80000 - 0x00007ffac30c4000 	C:\Users\pc\.gradle\native\0d407fdbe67a94daf76414ababcb853783967236a71b16ec16e742cd7a986fd3\windows-amd64\native-platform-file-events.dll
0x00007ffb00670000 - 0x00007ffb0067a000 	C:\Program Files\Android\Android Studio\jre\bin\management.dll
0x00007ffb00140000 - 0x00007ffb0014d000 	C:\Program Files\Android\Android Studio\jre\bin\management_ext.dll
0x00007ffb0fd70000 - 0x00007ffb0fda3000 	C:\Windows\system32\rsaenh.dll
0x00007ffb10f10000 - 0x00007ffb10f36000 	C:\Windows\System32\bcrypt.dll
0x00007ffb10920000 - 0x00007ffb10945000 	C:\Windows\SYSTEM32\USERENV.dll
0x00007ffb10370000 - 0x00007ffb1037c000 	C:\Windows\SYSTEM32\CRYPTBASE.dll
0x00007ffb0ff10000 - 0x00007ffb0ff4a000 	C:\Windows\SYSTEM32\IPHLPAPI.DLL
0x00007ffb125c0000 - 0x00007ffb125c8000 	C:\Windows\System32\NSI.dll
0x00007ffafa3a0000 - 0x00007ffafa3b6000 	C:\Windows\SYSTEM32\dhcpcsvc6.DLL
0x00007ffafa860000 - 0x00007ffafa87c000 	C:\Windows\SYSTEM32\dhcpcsvc.DLL
0x00007ffb0ff50000 - 0x00007ffb1001a000 	C:\Windows\SYSTEM32\DNSAPI.dll
0x00007ffac57b0000 - 0x00007ffac5955000 	C:\Program Files\Android\Android Studio\jre\bin\awt.dll
0x00007ffb12ad0000 - 0x00007ffb12b94000 	C:\Windows\System32\OLEAUT32.dll
0x00007ffb0ed90000 - 0x00007ffb0edbd000 	C:\Windows\SYSTEM32\dwmapi.dll
0x00007ffb0e860000 - 0x00007ffb0e8ef000 	C:\Windows\SYSTEM32\apphelp.dll
0x00007ffb0e970000 - 0x00007ffb0ea09000 	C:\Windows\system32\uxtheme.dll
0x00007ffb0fa50000 - 0x00007ffb0fa81000 	C:\Windows\SYSTEM32\ntmarta.dll

dbghelp: loaded successfully - version: 4.0.5 - missing functions: none
symbol engine: initialized successfully - sym options: 0x614 - pdb path: .;C:\Program Files\Android\Android Studio\jre\bin;C:\Windows\SYSTEM32;C:\Windows\WinSxS\amd64_microsoft.windows.common-controls_6595b64144ccf1df_6.0.18362.388_none_e6c6afa5130d5b6d;C:\Program Files\Android\Android Studio\jre\bin\server;C:\Users\pc\.gradle\native\e1d6ef7f7dcc3fd88c89a11ec53ec762bb8ba0a96d01ffa2cd45eb1d1d8dd5c5\windows-amd64;C:\Users\pc\.gradle\native\0d407fdbe67a94daf76414ababcb853783967236a71b16ec16e742cd7a986fd3\windows-amd64

VM Arguments:
jvm_args: --add-opens=java.base/java.util=ALL-UNNAMED --add-opens=java.base/java.lang=ALL-UNNAMED --add-opens=java.base/java.lang.invoke=ALL-UNNAMED --add-opens=java.base/java.util=ALL-UNNAMED --add-opens=java.prefs/java.util.prefs=ALL-UNNAMED --add-opens=java.prefs/java.util.prefs=ALL-UNNAMED --add-opens=java.base/java.nio.charset=ALL-UNNAMED --add-opens=java.base/java.net=ALL-UNNAMED --add-opens=java.base/java.util.concurrent.atomic=ALL-UNNAMED -Xmx2048m -Dfile.encoding=UTF-8 -Duser.country=US -Duser.language=en -Duser.variant 
java_command: org.gradle.launcher.daemon.bootstrap.GradleDaemon 7.4
java_class_path (initial): C:\Users\pc\.gradle\wrapper\dists\gradle-7.4-bin\c0gwcg53nkjbqw7r0h0umtfvt\gradle-7.4\lib\gradle-launcher-7.4.jar
Launcher Type: SUN_STANDARD

[Global flags]
     intx CICompilerCount                          = 3                                         {product} {ergonomic}
     uint ConcGCThreads                            = 1                                         {product} {ergonomic}
     uint G1ConcRefinementThreads                  = 4                                         {product} {ergonomic}
   size_t G1HeapRegionSize                         = 1048576                                   {product} {ergonomic}
    uintx GCDrainStackTargetSize                   = 64                                        {product} {ergonomic}
   size_t InitialHeapSize                          = 134217728                                 {product} {ergonomic}
   size_t MarkStackSize                            = 4194304                                   {product} {ergonomic}
   size_t MaxHeapSize                              = 2147483648                                {product} {command line}
   size_t MaxNewSize                               = 1287651328                                {product} {ergonomic}
   size_t MinHeapDeltaBytes                        = 1048576                                   {product} {ergonomic}
    uintx NonNMethodCodeHeapSize                   = 5830732                                {pd product} {ergonomic}
    uintx NonProfiledCodeHeapSize                  = 122913754                              {pd product} {ergonomic}
    uintx ProfiledCodeHeapSize                     = 122913754                              {pd product} {ergonomic}
    uintx ReservedCodeCacheSize                    = 251658240                              {pd product} {ergonomic}
     bool SegmentedCodeCache                       = true                                      {product} {ergonomic}
     bool UseCompressedClassPointers               = true                                 {lp64_product} {ergonomic}
     bool UseCompressedOops                        = true                                 {lp64_product} {ergonomic}
     bool UseG1GC                                  = true                                      {product} {ergonomic}
     bool UseLargePagesIndividualAllocation        = false                                  {pd product} {ergonomic}

Logging:
Log output configuration:
 #0: stdout all=warning uptime,level,tags
 #1: stderr all=off uptime,level,tags

Environment Variables:
JAVA_HOME=C:\Program Files\Java\jdk-17.0.4.1
PATH=C:\Python311\Scripts\;C:\Python311\;C:\Program Files\Java\jdk-17.0.4.1\bin;C:\Program Files\Java\jdk1.8.0_241\bin;C:\Program Files\Common Files\Oracle\Java\javapath;C:\Program Files (x86)\Common Files\Oracle\Java\javapath;C:\Program Files\Microsoft MPI\Bin\;C:\Windows\system32;C:\Windows;C:\Windows\System32\Wbem;C:\Windows\System32\WindowsPowerShell\v1.0\;C:\Windows\System32\OpenSSH\;C:\Program Files (x86)\Microsoft SQL Server\150\Tools\Binn\;C:\Program Files\Microsoft SQL Server\150\Tools\Binn\;C:\Program Files\Microsoft SQL Server\150\DTS\Binn\;C:\Program Files\Microsoft SQL Server\Client SDK\ODBC\170\Tools\Binn\;C:\Program Files\Microsoft SQL Server\Client SDK\ODBC\110\Tools\Binn\;C:\Program Files\Microsoft SQL Server\120\DTS\Binn\;C:\Program Files (x86)\Microsoft SQL Server\120\Tools\Binn\;C:\Program Files\Microsoft SQL Server\120\Tools\Binn\;C:\Program Files (x86)\Microsoft SQL Server\120\Tools\Binn\ManagementStudio\;C:\Program Files (x86)\Microsoft SQL Server\120\DTS\Binn\;C:\Program Files\Git\cmd;C:\src\flutter\bin;C:\Program Files\Microsoft SQL Server\130\Tools\Binn\;C:\Program Files\dotnet\;C:\Program Files (x86)\nodejs\;C:\ProgramData\chocolatey\bin;C:\ProgramData\ComposerSetup\bin;C:\Program Files (x86)\dotnet\;C:\Users\pc\anaconda3;C:\Users\pc\anaconda3\Library\mingw-w64\bin;C:\Users\pc\anaconda3\Library\usr\bin;C:\Users\pc\anaconda3\Library\bin;C:\Users\pc\anaconda3\Scripts;C:\Users\pc\AppData\Local\Programs\Python\Python310\Scripts\;C:\Users\pc\AppData\Local\Programs\Python\Python310\;C:\Users\pc\AppData\Local\Microsoft\WindowsApps;C:\Users\pc\AppData\Local\Programs\Microsoft VS Code\bin;C:\src\dart\bin;C:\src\flutter\bin;C:\Program Files\Java\jdk-17.0.4.1\bin;C:\Program Files\Java\jdk1.8.0_241\bin;C:\Program Files\JetBrains\IntelliJ IDEA Community Edition 2022.3.1\bin;C:\Users\pc\.dotnet\tools;C:\xampp\php;C:\Users\pc\AppData\Roaming\npm;C:\Users\pc\AppData\Local\GitHubDesktop\bin;C:\Users\pc\AppData\Roaming\Composer\vendor\bin;C:\Program Files\JetB
USERNAME=pc
OS=Windows_NT
PROCESSOR_IDENTIFIER=Intel64 Family 6 Model 78 Stepping 3, GenuineIntel



---------------  S Y S T E M  ---------------

OS: Windows 10 , 64 bit Build 18362 (10.0.18362.329)
OS uptime: 15 days 5:34 hours
Hyper-V role detected

CPU:total 4 (initial active 4) (2 cores per cpu, 2 threads per core) family 6 model 78 stepping 3 microcode 0xc6, cmov, cx8, fxsr, mmx, sse, sse2, sse3, ssse3, sse4.1, sse4.2, popcnt, avx, avx2, aes, clmul, erms, rtm, 3dnowpref, lzcnt, ht, tsc, tscinvbit, bmi1, bmi2, adx, fma

Memory: 4k page, system-wide physical 8072M (406M free)
TotalPageFile size 13072M (AvailPageFile size 7M)
current process WorkingSet (physical memory assigned to process): 703M, peak: 704M
current process commit charge ("private bytes"): 732M, peak: 734M

vm_info: OpenJDK 64-Bit Server VM (11.0.12+7-b1504.28-7817840) for windows-amd64 JRE (11.0.12+7-b1504.28-7817840), built on Oct 13 2021 22:12:33 by "builder" with MS VC++ 14.0 (VS2015)

END.
