#
# There is insufficient memory for the Java Runtime Environment to continue.
# Native memory allocation (malloc) failed to allocate 65552 bytes for Chunk::new
# Possible reasons:
#   The system is out of physical RAM or swap space
#   The process is running with CompressedOops enabled, and the Java Heap may be blocking the growth of the native heap
# Possible solutions:
#   Reduce memory load on the system
#   Increase physical memory or swap space
#   Check if swap backing store is full
#   Decrease Java heap size (-Xmx/-Xms)
#   Decrease number of Java threads
#   Decrease Java thread stack sizes (-Xss)
#   Set larger code cache with -XX:ReservedCodeCacheSize=
#   JVM is running with Unscaled Compressed Oops mode in which the Java heap is
#     placed in the first 4GB address space. The Java Heap base address is the
#     maximum limit for the native heap growth. Please use -XX:HeapBaseMinAddress
#     to set the Java Heap base and to place the Java Heap above 4GB virtual address.
# This output file may be truncated or incomplete.
#
#  Out of Memory Error (./src/hotspot/share/memory/arena.cpp:197), pid=22020, tid=12652
#
# JRE version: OpenJDK Runtime Environment (11.0.12+7) (build 11.0.12+7-b1504.28-7817840)
# Java VM: OpenJDK 64-Bit Server VM (11.0.12+7-b1504.28-7817840, mixed mode, tiered, compressed oops, g1 gc, windows-amd64)
# No core dump will be written. Minidumps are not enabled by default on client versions of Windows
#

---------------  S U M M A R Y ------------

Command Line: --add-opens=java.base/java.util=ALL-UNNAMED --add-opens=java.base/java.lang=ALL-UNNAMED --add-opens=java.base/java.lang.invoke=ALL-UNNAMED --add-opens=java.base/java.util=ALL-UNNAMED --add-opens=java.prefs/java.util.prefs=ALL-UNNAMED --add-opens=java.prefs/java.util.prefs=ALL-UNNAMED --add-opens=java.base/java.nio.charset=ALL-UNNAMED --add-opens=java.base/java.net=ALL-UNNAMED --add-opens=java.base/java.util.concurrent.atomic=ALL-UNNAMED -Xmx2048m -Dfile.encoding=UTF-8 -Duser.country=US -Duser.language=en -Duser.variant org.gradle.launcher.daemon.bootstrap.GradleDaemon 7.4

Host: Intel(R) Core(TM) i7-6600U CPU @ 2.60GHz, 4 cores, 7G,  Windows 10 , 64 bit Build 18362 (10.0.18362.329)
Time: Sat Dec  2 02:19:34 2023 C????I?E - C?E???E C????? elapsed time: 36.510321 seconds (0d 0h 0m 36s)

---------------  T H R E A D  ---------------

Current thread (0x000001d7b307a800):  JavaThread "C2 CompilerThread0" daemon [_thread_in_native, id=12652, stack(0x0000007159900000,0x0000007159a00000)]


Current CompileTask:
C2:  36510 16194       4       com.android.tools.r8.internal.uJ::a (447 bytes)

Stack: [0x0000007159900000,0x0000007159a00000]
Native frames: (J=compiled Java code, j=interpreted, Vv=VM code, C=native code)
V  [jvm.dll+0x5fbcea]
V  [jvm.dll+0x731905]
V  [jvm.dll+0x732f1d]
V  [jvm.dll+0x7335d3]
V  [jvm.dll+0x247bf8]
V  [jvm.dll+0xc018c]
V  [jvm.dll+0xc06cc]
V  [jvm.dll+0x5002e4]
V  [jvm.dll+0x50297e]
V  [jvm.dll+0x5013dd]
V  [jvm.dll+0x500b1f]
V  [jvm.dll+0x500b33]
V  [jvm.dll+0x500b33]
V  [jvm.dll+0x500b33]
V  [jvm.dll+0x500b33]
V  [jvm.dll+0x500b33]
V  [jvm.dll+0x500b33]
V  [jvm.dll+0x500b33]
V  [jvm.dll+0x500b33]
V  [jvm.dll+0x511906]
V  [jvm.dll+0x208303]
V  [jvm.dll+0x201fe0]
V  [jvm.dll+0x1ff71f]
V  [jvm.dll+0x18868c]
V  [jvm.dll+0x20e0d7]
V  [jvm.dll+0x20c901]
V  [jvm.dll+0x6f9b7f]
V  [jvm.dll+0x6f26a5]
V  [jvm.dll+0x5fabf6]
C  [ucrtbase.dll+0x20e72]
C  [KERNEL32.DLL+0x17bd4]
C  [ntdll.dll+0x6ced1]


---------------  P R O C E S S  ---------------

Threads class SMR info:
_java_thread_list=0x000001d7b94cc6a0, length=94, elements={
0x000001d799463000, 0x000001d7b3058800, 0x000001d7b3066800, 0x000001d7b3075800,
0x000001d7b3078800, 0x000001d7b3079800, 0x000001d7b307a800, 0x000001d7b3083000,
0x000001d7b3084000, 0x000001d7b3b33800, 0x000001d7b53a6800, 0x000001d7b3bb7000,
0x000001d7b63ed000, 0x000001d7b4b71800, 0x000001d7b5b7c800, 0x000001d7b5f3f800,
0x000001d7b4f5b000, 0x000001d7b4bef000, 0x000001d7b4bef800, 0x000001d7b5ca0800,
0x000001d7b5c9f000, 0x000001d7b5ca4800, 0x000001d7b5ca1800, 0x000001d7b5ca5800,
0x000001d7b5ca3800, 0x000001d7b5c9f800, 0x000001d7b5ca3000, 0x000001d7b5ca2000,
0x000001d7b75da800, 0x000001d7b75de000, 0x000001d7b75d9000, 0x000001d7b75dc000,
0x000001d7b75db800, 0x000001d7b75e1000, 0x000001d7b75e5000, 0x000001d7b75df800,
0x000001d7b75e0000, 0x000001d7b75e2000, 0x000001d7b75e3800, 0x000001d7b75e2800,
0x000001d7b75e4800, 0x000001d7b75e7000, 0x000001d7b75e6000, 0x000001d7b7056000,
0x000001d7b7053000, 0x000001d7b7054000, 0x000001d7b7057000, 0x000001d7b7052000,
0x000001d7b7054800, 0x000001d7b7055800, 0x000001d7b7051800, 0x000001d7b705c000,
0x000001d7b7058800, 0x000001d7b705c800, 0x000001d7b705b000, 0x000001d7b705d800,
0x000001d7b7058000, 0x000001d7b705e800, 0x000001d7b705f000, 0x000001d7b7059800,
0x000001d7b7060000, 0x000001d7b705a800, 0x000001d7b6b4a800, 0x000001d7b6b49800,
0x000001d7b6b4b800, 0x000001d7b6b4e000, 0x000001d7b6b49000, 0x000001d7b6b4f800,
0x000001d7b6b4e800, 0x000001d7b6b50000, 0x000001d7b6b51000, 0x000001d7b6b52000,
0x000001d7b6b4c000, 0x000001d7b6b52800, 0x000001d7b6b4d000, 0x000001d7b6b57800,
0x000001d7b6b57000, 0x000001d7b6b53800, 0x000001d7b6b54800, 0x000001d7b6b56000,
0x000001d7baf82000, 0x000001d7baf85800, 0x000001d7baf87000, 0x000001d7baf86000,
0x000001d7baf81000, 0x000001d7baf84800, 0x000001d7baf87800, 0x000001d7baf83800,
0x000001d7baf83000, 0x000001d7baf8a000, 0x000001d7baf8c800, 0x000001d7b6cc8800,
0x000001d7baf8b000, 0x000001d7baf8d800
}

Java Threads: ( => current thread )
  0x000001d799463000 JavaThread "main" [_thread_blocked, id=17012, stack(0x0000007158d00000,0x0000007158e00000)]
  0x000001d7b3058800 JavaThread "Reference Handler" daemon [_thread_blocked, id=20192, stack(0x0000007159400000,0x0000007159500000)]
  0x000001d7b3066800 JavaThread "Finalizer" daemon [_thread_blocked, id=11912, stack(0x0000007159500000,0x0000007159600000)]
  0x000001d7b3075800 JavaThread "Signal Dispatcher" daemon [_thread_blocked, id=1100, stack(0x0000007159600000,0x0000007159700000)]
  0x000001d7b3078800 JavaThread "Attach Listener" daemon [_thread_blocked, id=21532, stack(0x0000007159700000,0x0000007159800000)]
  0x000001d7b3079800 JavaThread "Service Thread" daemon [_thread_blocked, id=13224, stack(0x0000007159800000,0x0000007159900000)]
=>0x000001d7b307a800 JavaThread "C2 CompilerThread0" daemon [_thread_in_native, id=12652, stack(0x0000007159900000,0x0000007159a00000)]
  0x000001d7b3083000 JavaThread "C1 CompilerThread0" daemon [_thread_blocked, id=1592, stack(0x0000007159a00000,0x0000007159b00000)]
  0x000001d7b3084000 JavaThread "Sweeper thread" daemon [_thread_blocked, id=13996, stack(0x0000007159b00000,0x0000007159c00000)]
  0x000001d7b3b33800 JavaThread "Common-Cleaner" daemon [_thread_blocked, id=12344, stack(0x0000007159c00000,0x0000007159d00000)]
  0x000001d7b53a6800 JavaThread "Daemon health stats" [_thread_blocked, id=1892, stack(0x000000715a100000,0x000000715a200000)]
  0x000001d7b3bb7000 JavaThread "Incoming local TCP Connector on port 53767" [_thread_in_native, id=20376, stack(0x0000007159e00000,0x0000007159f00000)]
  0x000001d7b63ed000 JavaThread "Daemon periodic checks" [_thread_blocked, id=9352, stack(0x000000715a200000,0x000000715a300000)]
  0x000001d7b4b71800 JavaThread "Daemon" [_thread_blocked, id=17868, stack(0x000000715a300000,0x000000715a400000)]
  0x000001d7b5b7c800 JavaThread "Handler for socket connection from /127.0.0.1:53767 to /127.0.0.1:53768" [_thread_in_native, id=10304, stack(0x000000715a400000,0x000000715a500000)]
  0x000001d7b5f3f800 JavaThread "Cancel handler" [_thread_blocked, id=2068, stack(0x000000715a500000,0x000000715a600000)]
  0x000001d7b4f5b000 JavaThread "Daemon worker" [_thread_blocked, id=19652, stack(0x000000715a600000,0x000000715a700000)]
  0x000001d7b4bef000 JavaThread "Asynchronous log dispatcher for DefaultDaemonConnection: socket connection from /127.0.0.1:53767 to /127.0.0.1:53768" [_thread_blocked, id=11200, stack(0x000000715a700000,0x000000715a800000)]
  0x000001d7b4bef800 JavaThread "Stdin handler" [_thread_blocked, id=8852, stack(0x000000715a800000,0x000000715a900000)]
  0x000001d7b5ca0800 JavaThread "Daemon client event forwarder" [_thread_blocked, id=12236, stack(0x000000715a900000,0x000000715aa00000)]
  0x000001d7b5c9f000 JavaThread "Cache worker for journal cache (C:\Users\pc\.gradle\caches\journal-1)" [_thread_blocked, id=18440, stack(0x000000715ab00000,0x000000715ac00000)]
  0x000001d7b5ca4800 JavaThread "File lock request listener" [_thread_in_native, id=15264, stack(0x000000715ac00000,0x000000715ad00000)]
  0x000001d7b5ca1800 JavaThread "Cache worker for file hash cache (C:\Users\pc\.gradle\caches\7.4\fileHashes)" [_thread_blocked, id=16424, stack(0x000000715ad00000,0x000000715ae00000)]
  0x000001d7b5ca5800 JavaThread "Cache worker for file hash cache (C:\Users\pc\AndroidStudioProjects\barcode_project\.gradle\7.4\fileHashes)" [_thread_blocked, id=860, stack(0x000000715ae00000,0x000000715af00000)]
  0x000001d7b5ca3800 JavaThread "Cache worker for checksums cache (C:\Users\pc\AndroidStudioProjects\barcode_project\.gradle\7.4\checksums)" [_thread_blocked, id=19380, stack(0x000000715b000000,0x000000715b100000)]
  0x000001d7b5c9f800 JavaThread "File watcher server" daemon [_thread_in_native, id=20904, stack(0x000000715b100000,0x000000715b200000)]
  0x000001d7b5ca3000 JavaThread "File watcher consumer" daemon [_thread_blocked, id=20356, stack(0x000000715b200000,0x000000715b300000)]
  0x000001d7b5ca2000 JavaThread "Cache worker for cache directory md-rule (C:\Users\pc\.gradle\caches\7.4\md-rule)" [_thread_blocked, id=11084, stack(0x000000715b300000,0x000000715b400000)]
  0x000001d7b75da800 JavaThread "Cache worker for cache directory md-supplier (C:\Users\pc\.gradle\caches\7.4\md-supplier)" [_thread_blocked, id=15584, stack(0x000000715b400000,0x000000715b500000)]
  0x000001d7b75de000 JavaThread "Cache worker for execution history cache (C:\Users\pc\.gradle\caches\7.4\executionHistory)" [_thread_blocked, id=18088, stack(0x000000715b500000,0x000000715b600000)]
  0x000001d7b75d9000 JavaThread "jar transforms" [_thread_blocked, id=12200, stack(0x000000715b600000,0x000000715b700000)]
  0x000001d7b75dc000 JavaThread "Cache worker for file content cache (C:\Users\pc\.gradle\caches\7.4\fileContent)" [_thread_blocked, id=21728, stack(0x000000715b700000,0x000000715b800000)]
  0x000001d7b75db800 JavaThread "jar transforms Thread 2" [_thread_blocked, id=4472, stack(0x000000715b800000,0x000000715b900000)]
  0x000001d7b75e1000 JavaThread "Cache worker for dependencies-accessors (C:\Users\pc\AndroidStudioProjects\barcode_project\.gradle\7.4\dependencies-accessors)" [_thread_blocked, id=7900, stack(0x000000715b900000,0x000000715ba00000)]
  0x000001d7b75e5000 JavaThread "jar transforms Thread 3" [_thread_blocked, id=16632, stack(0x000000715ba00000,0x000000715bb00000)]
  0x000001d7b75df800 JavaThread "Cache worker for Build Output Cleanup Cache (C:\Users\pc\AndroidStudioProjects\barcode_project\.gradle\buildOutputCleanup)" [_thread_blocked, id=7344, stack(0x000000715bb00000,0x000000715bc00000)]
  0x000001d7b75e0000 JavaThread "Unconstrained build operations" [_thread_blocked, id=9232, stack(0x000000715bc00000,0x000000715bd00000)]
  0x000001d7b75e2000 JavaThread "Unconstrained build operations Thread 2" [_thread_blocked, id=2388, stack(0x000000715bd00000,0x000000715be00000)]
  0x000001d7b75e3800 JavaThread "Unconstrained build operations Thread 3" [_thread_blocked, id=12720, stack(0x000000715be00000,0x000000715bf00000)]
  0x000001d7b75e2800 JavaThread "Unconstrained build operations Thread 4" [_thread_blocked, id=17756, stack(0x000000715bf00000,0x000000715c000000)]
  0x000001d7b75e4800 JavaThread "Unconstrained build operations Thread 5" [_thread_blocked, id=21280, stack(0x000000715c000000,0x000000715c100000)]
  0x000001d7b75e7000 JavaThread "Unconstrained build operations Thread 6" [_thread_blocked, id=10488, stack(0x000000715c100000,0x000000715c200000)]
  0x000001d7b75e6000 JavaThread "Unconstrained build operations Thread 7" [_thread_blocked, id=22376, stack(0x000000715c200000,0x000000715c300000)]
  0x000001d7b7056000 JavaThread "Unconstrained build operations Thread 8" [_thread_blocked, id=17916, stack(0x000000715c300000,0x000000715c400000)]
  0x000001d7b7053000 JavaThread "Unconstrained build operations Thread 9" [_thread_blocked, id=21076, stack(0x000000715c400000,0x000000715c500000)]
  0x000001d7b7054000 JavaThread "Unconstrained build operations Thread 10" [_thread_blocked, id=19224, stack(0x000000715c500000,0x000000715c600000)]
  0x000001d7b7057000 JavaThread "Unconstrained build operations Thread 11" [_thread_blocked, id=15892, stack(0x000000715c600000,0x000000715c700000)]
  0x000001d7b7052000 JavaThread "Unconstrained build operations Thread 12" [_thread_blocked, id=21040, stack(0x000000715c700000,0x000000715c800000)]
  0x000001d7b7054800 JavaThread "Unconstrained build operations Thread 13" [_thread_blocked, id=22440, stack(0x000000715c800000,0x000000715c900000)]
  0x000001d7b7055800 JavaThread "Unconstrained build operations Thread 14" [_thread_blocked, id=16332, stack(0x000000715c900000,0x000000715ca00000)]
  0x000001d7b7051800 JavaThread "Unconstrained build operations Thread 15" [_thread_blocked, id=13532, stack(0x000000715ca00000,0x000000715cb00000)]
  0x000001d7b705c000 JavaThread "Unconstrained build operations Thread 16" [_thread_blocked, id=8184, stack(0x000000715cb00000,0x000000715cc00000)]
  0x000001d7b7058800 JavaThread "Unconstrained build operations Thread 17" [_thread_blocked, id=18388, stack(0x000000715cc00000,0x000000715cd00000)]
  0x000001d7b705c800 JavaThread "Unconstrained build operations Thread 18" [_thread_blocked, id=20368, stack(0x000000715cd00000,0x000000715ce00000)]
  0x000001d7b705b000 JavaThread "Unconstrained build operations Thread 19" [_thread_blocked, id=13720, stack(0x000000715ce00000,0x000000715cf00000)]
  0x000001d7b705d800 JavaThread "Unconstrained build operations Thread 20" [_thread_blocked, id=13688, stack(0x000000715cf00000,0x000000715d000000)]
  0x000001d7b7058000 JavaThread "Unconstrained build operations Thread 21" [_thread_blocked, id=19596, stack(0x000000715d000000,0x000000715d100000)]
  0x000001d7b705e800 JavaThread "Unconstrained build operations Thread 22" [_thread_blocked, id=3748, stack(0x000000715d100000,0x000000715d200000)]
  0x000001d7b705f000 JavaThread "Unconstrained build operations Thread 23" [_thread_blocked, id=1472, stack(0x000000715d200000,0x000000715d300000)]
  0x000001d7b7059800 JavaThread "Unconstrained build operations Thread 24" [_thread_blocked, id=21192, stack(0x000000715d300000,0x000000715d400000)]
  0x000001d7b7060000 JavaThread "Unconstrained build operations Thread 25" [_thread_blocked, id=14296, stack(0x000000715d400000,0x000000715d500000)]
  0x000001d7b705a800 JavaThread "Unconstrained build operations Thread 26" [_thread_blocked, id=15412, stack(0x000000715d500000,0x000000715d600000)]
  0x000001d7b6b4a800 JavaThread "Unconstrained build operations Thread 27" [_thread_blocked, id=5832, stack(0x000000715d600000,0x000000715d700000)]
  0x000001d7b6b49800 JavaThread "Unconstrained build operations Thread 28" [_thread_blocked, id=2012, stack(0x000000715d700000,0x000000715d800000)]
  0x000001d7b6b4b800 JavaThread "Unconstrained build operations Thread 29" [_thread_blocked, id=14704, stack(0x000000715d800000,0x000000715d900000)]
  0x000001d7b6b4e000 JavaThread "Unconstrained build operations Thread 30" [_thread_blocked, id=7080, stack(0x000000715d900000,0x000000715da00000)]
  0x000001d7b6b49000 JavaThread "Unconstrained build operations Thread 31" [_thread_blocked, id=21420, stack(0x000000715da00000,0x000000715db00000)]
  0x000001d7b6b4f800 JavaThread "Unconstrained build operations Thread 32" [_thread_blocked, id=20644, stack(0x000000715db00000,0x000000715dc00000)]
  0x000001d7b6b4e800 JavaThread "Unconstrained build operations Thread 33" [_thread_blocked, id=19772, stack(0x000000715dc00000,0x000000715dd00000)]
  0x000001d7b6b50000 JavaThread "Unconstrained build operations Thread 34" [_thread_blocked, id=5520, stack(0x000000715dd00000,0x000000715de00000)]
  0x000001d7b6b51000 JavaThread "Unconstrained build operations Thread 35" [_thread_blocked, id=10772, stack(0x000000715de00000,0x000000715df00000)]
  0x000001d7b6b52000 JavaThread "Unconstrained build operations Thread 36" [_thread_blocked, id=10588, stack(0x000000715df00000,0x000000715e000000)]
  0x000001d7b6b4c000 JavaThread "Unconstrained build operations Thread 37" [_thread_blocked, id=12776, stack(0x000000715e000000,0x000000715e100000)]
  0x000001d7b6b52800 JavaThread "Unconstrained build operations Thread 38" [_thread_blocked, id=17252, stack(0x000000715e100000,0x000000715e200000)]
  0x000001d7b6b4d000 JavaThread "Unconstrained build operations Thread 39" [_thread_blocked, id=14956, stack(0x000000715e200000,0x000000715e300000)]
  0x000001d7b6b57800 JavaThread "Unconstrained build operations Thread 40" [_thread_blocked, id=16616, stack(0x000000715e300000,0x000000715e400000)]
  0x000001d7b6b57000 JavaThread "jar transforms Thread 4" [_thread_blocked, id=4132, stack(0x000000715e400000,0x000000715e500000)]
  0x000001d7b6b53800 JavaThread "Configuration cache report writer" [_thread_blocked, id=3228, stack(0x000000715e500000,0x000000715e600000)]
  0x000001d7b6b54800 JavaThread "Memory manager" [_thread_blocked, id=3644, stack(0x000000715e600000,0x000000715e700000)]
  0x000001d7b6b56000 JavaThread "build event listener" [_thread_blocked, id=14156, stack(0x000000715e700000,0x000000715e800000)]
  0x000001d7baf82000 JavaThread "pool-3-thread-1" [_thread_blocked, id=21724, stack(0x000000715e800000,0x000000715e900000)]
  0x000001d7baf85800 JavaThread "build event listener" [_thread_blocked, id=8688, stack(0x000000715e900000,0x000000715ea00000)]
  0x000001d7baf87000 JavaThread "included builds" [_thread_blocked, id=1248, stack(0x000000715ea00000,0x000000715eb00000)]
  0x000001d7baf86000 JavaThread "Execution worker for ':'" [_thread_blocked, id=13148, stack(0x000000715eb00000,0x000000715ec00000)]
  0x000001d7baf81000 JavaThread "Execution worker for ':' Thread 2" [_thread_blocked, id=13892, stack(0x000000715ec00000,0x000000715ed00000)]
  0x000001d7baf84800 JavaThread "Execution worker for ':' Thread 3" [_thread_blocked, id=22248, stack(0x000000715ed00000,0x000000715ee00000)]
  0x000001d7baf87800 JavaThread "Cache worker for execution history cache (C:\Users\pc\AndroidStudioProjects\barcode_project\.gradle\7.4\executionHistory)" [_thread_blocked, id=19972, stack(0x000000715ee00000,0x000000715ef00000)]
  0x000001d7baf83800 JavaThread "WorkerExecutor Queue" [_thread_blocked, id=1816, stack(0x000000715ef00000,0x000000715f000000)]
  0x000001d7baf83000 JavaThread "WorkerExecutor Queue Thread 2" [_thread_in_Java, id=7608, stack(0x000000715f000000,0x000000715f100000)]
  0x000001d7baf8a000 JavaThread "WorkerExecutor Queue Thread 3" [_thread_blocked, id=22048, stack(0x000000715f100000,0x000000715f200000)]
  0x000001d7baf8c800 JavaThread "pool-4-thread-1" [_thread_blocked, id=2248, stack(0x000000715f200000,0x000000715f300000)]
  0x000001d7b6cc8800 JavaThread "C2 CompilerThread1" daemon [_thread_in_native, id=1944, stack(0x000000715af00000,0x000000715b000000)]
  0x000001d7baf8b000 JavaThread "stderr" [_thread_in_native, id=18948, stack(0x000000715f300000,0x000000715f400000)]
  0x000001d7baf8d800 JavaThread "stdout" [_thread_in_native, id=10572, stack(0x000000715f400000,0x000000715f500000)]

Other Threads:
  0x000001d7b304f800 VMThread "VM Thread" [stack: 0x0000007159300000,0x0000007159400000] [id=15444]
  0x000001d7b3b38000 WatcherThread [stack: 0x0000007159d00000,0x0000007159e00000] [id=4428]
  0x000001d79947c000 GCTaskThread "GC Thread#0" [stack: 0x0000007158e00000,0x0000007158f00000] [id=19612]
  0x000001d7b45d1000 GCTaskThread "GC Thread#1" [stack: 0x0000007159f00000,0x000000715a000000] [id=3836]
  0x000001d7b4409800 GCTaskThread "GC Thread#2" [stack: 0x000000715a000000,0x000000715a100000] [id=22008]
  0x000001d7b4f5c000 GCTaskThread "GC Thread#3" [stack: 0x000000715aa00000,0x000000715ab00000] [id=10420]
  0x000001d7994ad000 ConcurrentGCThread "G1 Main Marker" [stack: 0x0000007158f00000,0x0000007159000000] [id=21836]
  0x000001d7994ae000 ConcurrentGCThread "G1 Conc#0" [stack: 0x0000007159000000,0x0000007159100000] [id=9180]
  0x000001d7b2ea0800 ConcurrentGCThread "G1 Refine#0" [stack: 0x0000007159100000,0x0000007159200000] [id=19320]
  0x000001d7b2ea1000 ConcurrentGCThread "G1 Young RemSet Sampling" [stack: 0x0000007159200000,0x0000007159300000] [id=19892]

Threads with active compile tasks:
C2 CompilerThread0  36580 16194       4       com.android.tools.r8.internal.uJ::a (447 bytes)
C2 CompilerThread1  36580 16270       4       com.android.tools.r8.graph.c0::a (1050 bytes)

VM state:not at safepoint (normal execution)

VM Mutex/Monitor currently owned by a thread: None

Heap address: 0x0000000080000000, size: 2048 MB, Compressed Oops mode: 32-bit
Narrow klass base: 0x0000000000000000, Narrow klass shift: 3
Compressed class space size: 1073741824 Address: 0x0000000100000000

Heap:
 garbage-first heap   total 273408K, used 161675K [0x0000000080000000, 0x0000000100000000)
  region size 1024K, 39 young (39936K), 2 survivors (2048K)
 Metaspace       used 111349K, capacity 114403K, committed 114560K, reserved 1148928K
  class space    used 14333K, capacity 15486K, committed 15488K, reserved 1048576K
Heap Regions: E=young(eden), S=young(survivor), O=old, HS=humongous(starts), HC=humongous(continues), CS=collection set, F=free, A=archive, TAMS=top-at-mark-start (previous, next)
|   0|0x0000000080000000, 0x0000000080100000, 0x0000000080100000|100%|HS|  |TAMS 0x0000000080100000, 0x0000000080000000| Complete 
|   1|0x0000000080100000, 0x0000000080200000, 0x0000000080200000|100%|HC|  |TAMS 0x0000000080200000, 0x0000000080100000| Complete 
|   2|0x0000000080200000, 0x0000000080300000, 0x0000000080300000|100%|HC|  |TAMS 0x0000000080300000, 0x0000000080200000| Complete 
|   3|0x0000000080300000, 0x0000000080400000, 0x0000000080400000|100%| O|  |TAMS 0x0000000080400000, 0x0000000080300000| Untracked 
|   4|0x0000000080400000, 0x0000000080500000, 0x0000000080500000|100%| O|  |TAMS 0x0000000080500000, 0x0000000080400000| Untracked 
|   5|0x0000000080500000, 0x0000000080600000, 0x0000000080600000|100%| O|  |TAMS 0x0000000080600000, 0x0000000080500000| Untracked 
|   6|0x0000000080600000, 0x0000000080700000, 0x0000000080700000|100%| O|  |TAMS 0x0000000080700000, 0x0000000080600000| Untracked 
|   7|0x0000000080700000, 0x0000000080800000, 0x0000000080800000|100%| O|  |TAMS 0x0000000080800000, 0x0000000080700000| Untracked 
|   8|0x0000000080800000, 0x0000000080900000, 0x0000000080900000|100%| O|  |TAMS 0x0000000080900000, 0x0000000080800000| Untracked 
|   9|0x0000000080900000, 0x0000000080a00000, 0x0000000080a00000|100%| O|  |TAMS 0x0000000080a00000, 0x0000000080900000| Untracked 
|  10|0x0000000080a00000, 0x0000000080b00000, 0x0000000080b00000|100%| O|  |TAMS 0x0000000080b00000, 0x0000000080a00000| Untracked 
|  11|0x0000000080b00000, 0x0000000080c00000, 0x0000000080c00000|100%| O|  |TAMS 0x0000000080c00000, 0x0000000080b00000| Untracked 
|  12|0x0000000080c00000, 0x0000000080d00000, 0x0000000080d00000|100%| O|  |TAMS 0x0000000080d00000, 0x0000000080c00000| Untracked 
|  13|0x0000000080d00000, 0x0000000080e00000, 0x0000000080e00000|100%| O|  |TAMS 0x0000000080e00000, 0x0000000080d00000| Untracked 
|  14|0x0000000080e00000, 0x0000000080f00000, 0x0000000080f00000|100%| O|  |TAMS 0x0000000080f00000, 0x0000000080e00000| Untracked 
|  15|0x0000000080f00000, 0x0000000081000000, 0x0000000081000000|100%| O|  |TAMS 0x0000000081000000, 0x0000000080f00000| Untracked 
|  16|0x0000000081000000, 0x0000000081100000, 0x0000000081100000|100%| O|  |TAMS 0x0000000081100000, 0x0000000081000000| Untracked 
|  17|0x0000000081100000, 0x0000000081200000, 0x0000000081200000|100%| O|  |TAMS 0x0000000081200000, 0x0000000081100000| Untracked 
|  18|0x0000000081200000, 0x0000000081300000, 0x0000000081300000|100%| O|  |TAMS 0x0000000081300000, 0x0000000081200000| Untracked 
|  19|0x0000000081300000, 0x0000000081400000, 0x0000000081400000|100%| O|  |TAMS 0x0000000081400000, 0x0000000081300000| Untracked 
|  20|0x0000000081400000, 0x0000000081500000, 0x0000000081500000|100%| O|  |TAMS 0x0000000081500000, 0x0000000081400000| Untracked 
|  21|0x0000000081500000, 0x0000000081600000, 0x0000000081600000|100%| O|  |TAMS 0x0000000081600000, 0x0000000081500000| Untracked 
|  22|0x0000000081600000, 0x0000000081700000, 0x0000000081700000|100%|HS|  |TAMS 0x0000000081700000, 0x0000000081600000| Complete 
|  23|0x0000000081700000, 0x0000000081800000, 0x0000000081800000|100%|HS|  |TAMS 0x0000000081800000, 0x0000000081700000| Complete 
|  24|0x0000000081800000, 0x0000000081900000, 0x0000000081900000|100%|HS|  |TAMS 0x0000000081900000, 0x0000000081800000| Complete 
|  25|0x0000000081900000, 0x0000000081a00000, 0x0000000081a00000|100%|HC|  |TAMS 0x0000000081a00000, 0x0000000081900000| Complete 
|  26|0x0000000081a00000, 0x0000000081b00000, 0x0000000081b00000|100%| O|  |TAMS 0x0000000081b00000, 0x0000000081a00000| Untracked 
|  27|0x0000000081b00000, 0x0000000081c00000, 0x0000000081c00000|100%| O|  |TAMS 0x0000000081c00000, 0x0000000081b00000| Untracked 
|  28|0x0000000081c00000, 0x0000000081d00000, 0x0000000081d00000|100%| O|  |TAMS 0x0000000081d00000, 0x0000000081c00000| Untracked 
|  29|0x0000000081d00000, 0x0000000081e00000, 0x0000000081e00000|100%| O|  |TAMS 0x0000000081e00000, 0x0000000081d00000| Untracked 
|  30|0x0000000081e00000, 0x0000000081f00000, 0x0000000081f00000|100%| O|  |TAMS 0x0000000081f00000, 0x0000000081e00000| Untracked 
|  31|0x0000000081f00000, 0x0000000082000000, 0x0000000082000000|100%| O|  |TAMS 0x0000000082000000, 0x0000000081f00000| Untracked 
|  32|0x0000000082000000, 0x0000000082100000, 0x0000000082100000|100%| O|  |TAMS 0x0000000082100000, 0x0000000082000000| Untracked 
|  33|0x0000000082100000, 0x0000000082200000, 0x0000000082200000|100%| O|  |TAMS 0x0000000082200000, 0x0000000082100000| Untracked 
|  34|0x0000000082200000, 0x0000000082300000, 0x0000000082300000|100%| O|  |TAMS 0x0000000082300000, 0x0000000082200000| Untracked 
|  35|0x0000000082300000, 0x0000000082400000, 0x0000000082400000|100%| O|  |TAMS 0x0000000082400000, 0x0000000082300000| Untracked 
|  36|0x0000000082400000, 0x0000000082500000, 0x0000000082500000|100%| O|  |TAMS 0x0000000082500000, 0x0000000082400000| Untracked 
|  37|0x0000000082500000, 0x0000000082600000, 0x0000000082600000|100%| O|  |TAMS 0x0000000082600000, 0x0000000082500000| Untracked 
|  38|0x0000000082600000, 0x0000000082700000, 0x0000000082700000|100%| O|  |TAMS 0x0000000082700000, 0x0000000082600000| Untracked 
|  39|0x0000000082700000, 0x0000000082800000, 0x0000000082800000|100%| O|  |TAMS 0x0000000082800000, 0x0000000082700000| Untracked 
|  40|0x0000000082800000, 0x0000000082900000, 0x0000000082900000|100%| O|  |TAMS 0x0000000082900000, 0x0000000082800000| Untracked 
|  41|0x0000000082900000, 0x0000000082a00000, 0x0000000082a00000|100%| O|  |TAMS 0x0000000082a00000, 0x0000000082900000| Untracked 
|  42|0x0000000082a00000, 0x0000000082b00000, 0x0000000082b00000|100%| O|  |TAMS 0x0000000082b00000, 0x0000000082a00000| Untracked 
|  43|0x0000000082b00000, 0x0000000082c00000, 0x0000000082c00000|100%| O|  |TAMS 0x0000000082c00000, 0x0000000082b00000| Untracked 
|  44|0x0000000082c00000, 0x0000000082d00000, 0x0000000082d00000|100%| O|  |TAMS 0x0000000082d00000, 0x0000000082c00000| Untracked 
|  45|0x0000000082d00000, 0x0000000082e00000, 0x0000000082e00000|100%| O|  |TAMS 0x0000000082e00000, 0x0000000082d00000| Untracked 
|  46|0x0000000082e00000, 0x0000000082f00000, 0x0000000082f00000|100%| O|  |TAMS 0x0000000082f00000, 0x0000000082e00000| Untracked 
|  47|0x0000000082f00000, 0x0000000083000000, 0x0000000083000000|100%| O|  |TAMS 0x0000000083000000, 0x0000000082f00000| Untracked 
|  48|0x0000000083000000, 0x0000000083100000, 0x0000000083100000|100%| O|  |TAMS 0x0000000083100000, 0x0000000083000000| Untracked 
|  49|0x0000000083100000, 0x0000000083200000, 0x0000000083200000|100%| O|  |TAMS 0x0000000083200000, 0x0000000083100000| Untracked 
|  50|0x0000000083200000, 0x0000000083300000, 0x0000000083300000|100%| O|  |TAMS 0x0000000083300000, 0x0000000083200000| Untracked 
|  51|0x0000000083300000, 0x0000000083400000, 0x0000000083400000|100%| O|  |TAMS 0x0000000083400000, 0x0000000083300000| Untracked 
|  52|0x0000000083400000, 0x0000000083500000, 0x0000000083500000|100%| O|  |TAMS 0x0000000083500000, 0x0000000083400000| Untracked 
|  53|0x0000000083500000, 0x0000000083600000, 0x0000000083600000|100%| O|  |TAMS 0x0000000083600000, 0x0000000083500000| Untracked 
|  54|0x0000000083600000, 0x0000000083700000, 0x0000000083700000|100%| O|  |TAMS 0x0000000083700000, 0x0000000083600000| Untracked 
|  55|0x0000000083700000, 0x0000000083800000, 0x0000000083800000|100%| O|  |TAMS 0x0000000083800000, 0x0000000083700000| Untracked 
|  56|0x0000000083800000, 0x0000000083900000, 0x0000000083900000|100%| O|  |TAMS 0x0000000083900000, 0x0000000083800000| Untracked 
|  57|0x0000000083900000, 0x0000000083a00000, 0x0000000083a00000|100%| O|  |TAMS 0x0000000083a00000, 0x0000000083900000| Untracked 
|  58|0x0000000083a00000, 0x0000000083b00000, 0x0000000083b00000|100%| O|  |TAMS 0x0000000083b00000, 0x0000000083a00000| Untracked 
|  59|0x0000000083b00000, 0x0000000083c00000, 0x0000000083c00000|100%| O|  |TAMS 0x0000000083c00000, 0x0000000083b00000| Untracked 
|  60|0x0000000083c00000, 0x0000000083d00000, 0x0000000083d00000|100%| O|  |TAMS 0x0000000083d00000, 0x0000000083c00000| Untracked 
|  61|0x0000000083d00000, 0x0000000083e00000, 0x0000000083e00000|100%| O|  |TAMS 0x0000000083e00000, 0x0000000083d00000| Untracked 
|  62|0x0000000083e00000, 0x0000000083f00000, 0x0000000083f00000|100%| O|  |TAMS 0x0000000083f00000, 0x0000000083e00000| Untracked 
|  63|0x0000000083f00000, 0x0000000084000000, 0x0000000084000000|100%| O|  |TAMS 0x0000000084000000, 0x0000000083f00000| Untracked 
|  64|0x0000000084000000, 0x0000000084100000, 0x0000000084100000|100%| O|  |TAMS 0x0000000084100000, 0x0000000084000000| Untracked 
|  65|0x0000000084100000, 0x0000000084200000, 0x0000000084200000|100%| O|  |TAMS 0x0000000084200000, 0x0000000084100000| Untracked 
|  66|0x0000000084200000, 0x0000000084300000, 0x0000000084300000|100%| O|  |TAMS 0x0000000084300000, 0x0000000084200000| Untracked 
|  67|0x0000000084300000, 0x0000000084400000, 0x0000000084400000|100%| O|  |TAMS 0x0000000084400000, 0x0000000084300000| Untracked 
|  68|0x0000000084400000, 0x0000000084500000, 0x0000000084500000|100%| O|  |TAMS 0x0000000084500000, 0x0000000084400000| Untracked 
|  69|0x0000000084500000, 0x0000000084600000, 0x0000000084600000|100%| O|  |TAMS 0x0000000084600000, 0x0000000084500000| Untracked 
|  70|0x0000000084600000, 0x0000000084700000, 0x0000000084700000|100%| O|  |TAMS 0x0000000084700000, 0x0000000084600000| Untracked 
|  71|0x0000000084700000, 0x0000000084800000, 0x0000000084800000|100%| O|  |TAMS 0x0000000084800000, 0x0000000084700000| Untracked 
|  72|0x0000000084800000, 0x0000000084900000, 0x0000000084900000|100%| O|  |TAMS 0x0000000084900000, 0x0000000084800000| Untracked 
|  73|0x0000000084900000, 0x0000000084a00000, 0x0000000084a00000|100%| O|  |TAMS 0x0000000084a00000, 0x0000000084900000| Untracked 
|  74|0x0000000084a00000, 0x0000000084b00000, 0x0000000084b00000|100%| O|  |TAMS 0x0000000084b00000, 0x0000000084a00000| Untracked 
|  75|0x0000000084b00000, 0x0000000084c00000, 0x0000000084c00000|100%| O|  |TAMS 0x0000000084c00000, 0x0000000084b00000| Untracked 
|  76|0x0000000084c00000, 0x0000000084d00000, 0x0000000084d00000|100%| O|  |TAMS 0x0000000084d00000, 0x0000000084c00000| Untracked 
|  77|0x0000000084d00000, 0x0000000084e00000, 0x0000000084e00000|100%| O|  |TAMS 0x0000000084e00000, 0x0000000084d00000| Untracked 
|  78|0x0000000084e00000, 0x0000000084f00000, 0x0000000084f00000|100%| O|  |TAMS 0x0000000084f00000, 0x0000000084e00000| Untracked 
|  79|0x0000000084f00000, 0x0000000085000000, 0x0000000085000000|100%| O|  |TAMS 0x0000000085000000, 0x0000000084f00000| Untracked 
|  80|0x0000000085000000, 0x0000000085100000, 0x0000000085100000|100%| O|  |TAMS 0x0000000085100000, 0x0000000085000000| Untracked 
|  81|0x0000000085100000, 0x0000000085200000, 0x0000000085200000|100%| O|  |TAMS 0x0000000085200000, 0x0000000085100000| Untracked 
|  82|0x0000000085200000, 0x0000000085300000, 0x0000000085300000|100%| O|  |TAMS 0x0000000085300000, 0x0000000085200000| Untracked 
|  83|0x0000000085300000, 0x0000000085400000, 0x0000000085400000|100%|HS|  |TAMS 0x0000000085400000, 0x0000000085300000| Complete 
|  84|0x0000000085400000, 0x0000000085500000, 0x0000000085500000|100%|HC|  |TAMS 0x0000000085500000, 0x0000000085400000| Complete 
|  85|0x0000000085500000, 0x0000000085600000, 0x0000000085600000|100%| O|  |TAMS 0x0000000085600000, 0x0000000085500000| Untracked 
|  86|0x0000000085600000, 0x0000000085700000, 0x0000000085700000|100%| O|  |TAMS 0x0000000085700000, 0x0000000085600000| Untracked 
|  87|0x0000000085700000, 0x0000000085800000, 0x0000000085800000|100%| O|  |TAMS 0x0000000085800000, 0x0000000085700000| Untracked 
|  88|0x0000000085800000, 0x0000000085900000, 0x0000000085900000|100%| O|  |TAMS 0x0000000085900000, 0x0000000085800000| Untracked 
|  89|0x0000000085900000, 0x0000000085a00000, 0x0000000085a00000|100%| O|  |TAMS 0x0000000085a00000, 0x0000000085900000| Untracked 
|  90|0x0000000085a00000, 0x0000000085b00000, 0x0000000085b00000|100%| O|  |TAMS 0x0000000085b00000, 0x0000000085a00000| Untracked 
|  91|0x0000000085b00000, 0x0000000085c00000, 0x0000000085c00000|100%| O|  |TAMS 0x0000000085c00000, 0x0000000085b00000| Untracked 
|  92|0x0000000085c00000, 0x0000000085d00000, 0x0000000085d00000|100%| O|  |TAMS 0x0000000085d00000, 0x0000000085c00000| Untracked 
|  93|0x0000000085d00000, 0x0000000085e00000, 0x0000000085e00000|100%| O|  |TAMS 0x0000000085e00000, 0x0000000085d00000| Untracked 
|  94|0x0000000085e00000, 0x0000000085f00000, 0x0000000085f00000|100%| O|  |TAMS 0x0000000085f00000, 0x0000000085e00000| Untracked 
|  95|0x0000000085f00000, 0x0000000086000000, 0x0000000086000000|100%| O|  |TAMS 0x0000000086000000, 0x0000000085f00000| Untracked 
|  96|0x0000000086000000, 0x0000000086100000, 0x0000000086100000|100%| O|  |TAMS 0x0000000086100000, 0x0000000086000000| Untracked 
|  97|0x0000000086100000, 0x0000000086200000, 0x0000000086200000|100%| O|  |TAMS 0x0000000086200000, 0x0000000086100000| Untracked 
|  98|0x0000000086200000, 0x0000000086300000, 0x0000000086300000|100%| O|  |TAMS 0x0000000086300000, 0x0000000086200000| Untracked 
|  99|0x0000000086300000, 0x0000000086400000, 0x0000000086400000|100%| O|  |TAMS 0x0000000086400000, 0x0000000086300000| Untracked 
| 100|0x0000000086400000, 0x0000000086500000, 0x0000000086500000|100%| O|  |TAMS 0x0000000086500000, 0x0000000086400000| Untracked 
| 101|0x0000000086500000, 0x0000000086600000, 0x0000000086600000|100%| O|  |TAMS 0x0000000086600000, 0x0000000086500000| Untracked 
| 102|0x0000000086600000, 0x0000000086700000, 0x0000000086700000|100%| O|  |TAMS 0x0000000086700000, 0x0000000086600000| Untracked 
| 103|0x0000000086700000, 0x0000000086800000, 0x0000000086800000|100%| O|  |TAMS 0x0000000086800000, 0x0000000086700000| Untracked 
| 104|0x0000000086800000, 0x0000000086900000, 0x0000000086900000|100%| O|  |TAMS 0x0000000086900000, 0x0000000086800000| Untracked 
| 105|0x0000000086900000, 0x0000000086a00000, 0x0000000086a00000|100%| O|  |TAMS 0x0000000086a00000, 0x0000000086900000| Untracked 
| 106|0x0000000086a00000, 0x0000000086b00000, 0x0000000086b00000|100%| O|  |TAMS 0x0000000086b00000, 0x0000000086a00000| Untracked 
| 107|0x0000000086b00000, 0x0000000086c00000, 0x0000000086c00000|100%| O|  |TAMS 0x0000000086c00000, 0x0000000086b00000| Untracked 
| 108|0x0000000086c00000, 0x0000000086d00000, 0x0000000086d00000|100%| O|  |TAMS 0x0000000086d00000, 0x0000000086c00000| Untracked 
| 109|0x0000000086d00000, 0x0000000086e00000, 0x0000000086e00000|100%| O|  |TAMS 0x0000000086e00000, 0x0000000086d00000| Untracked 
| 110|0x0000000086e00000, 0x0000000086f00000, 0x0000000086f00000|100%| O|  |TAMS 0x0000000086f00000, 0x0000000086e00000| Untracked 
| 111|0x0000000086f00000, 0x0000000087000000, 0x0000000087000000|100%| O|  |TAMS 0x0000000087000000, 0x0000000086f00000| Untracked 
| 112|0x0000000087000000, 0x0000000087100000, 0x0000000087100000|100%| O|  |TAMS 0x0000000087100000, 0x0000000087000000| Untracked 
| 113|0x0000000087100000, 0x0000000087200000, 0x0000000087200000|100%| O|  |TAMS 0x0000000087200000, 0x0000000087100000| Untracked 
| 114|0x0000000087200000, 0x0000000087300000, 0x0000000087300000|100%| O|  |TAMS 0x0000000087300000, 0x0000000087200000| Untracked 
| 115|0x0000000087300000, 0x0000000087400000, 0x0000000087400000|100%| O|  |TAMS 0x0000000087400000, 0x0000000087300000| Untracked 
| 116|0x0000000087400000, 0x0000000087500000, 0x0000000087500000|100%| O|  |TAMS 0x0000000087500000, 0x0000000087400000| Untracked 
| 117|0x0000000087500000, 0x0000000087600000, 0x0000000087600000|100%| O|  |TAMS 0x0000000087600000, 0x0000000087500000| Untracked 
| 118|0x0000000087600000, 0x0000000087700000, 0x0000000087700000|100%| O|  |TAMS 0x0000000087700000, 0x0000000087600000| Untracked 
| 119|0x0000000087700000, 0x0000000087800000, 0x0000000087800000|100%| O|  |TAMS 0x0000000087800000, 0x0000000087700000| Untracked 
| 120|0x0000000087800000, 0x0000000087800000, 0x0000000087900000|  0%| F|  |TAMS 0x0000000087800000, 0x0000000087800000| Untracked 
| 121|0x0000000087900000, 0x0000000087900000, 0x0000000087a00000|  0%| F|  |TAMS 0x0000000087900000, 0x0000000087900000| Untracked 
| 122|0x0000000087a00000, 0x0000000087a00000, 0x0000000087b00000|  0%| F|  |TAMS 0x0000000087a00000, 0x0000000087a00000| Untracked 
| 123|0x0000000087b00000, 0x0000000087b00000, 0x0000000087c00000|  0%| F|  |TAMS 0x0000000087b00000, 0x0000000087b00000| Untracked 
| 124|0x0000000087c00000, 0x0000000087c00000, 0x0000000087d00000|  0%| F|  |TAMS 0x0000000087c00000, 0x0000000087c00000| Untracked 
| 125|0x0000000087d00000, 0x0000000087d00000, 0x0000000087e00000|  0%| F|  |TAMS 0x0000000087d00000, 0x0000000087d00000| Untracked 
| 126|0x0000000087e00000, 0x0000000087e00000, 0x0000000087f00000|  0%| F|  |TAMS 0x0000000087e00000, 0x0000000087e00000| Untracked 
| 127|0x0000000087f00000, 0x0000000087f00000, 0x0000000088000000|  0%| F|  |TAMS 0x0000000087f00000, 0x0000000087f00000| Untracked 
| 128|0x0000000088000000, 0x0000000088000000, 0x0000000088100000|  0%| F|  |TAMS 0x0000000088000000, 0x0000000088000000| Untracked 
| 129|0x0000000088100000, 0x0000000088100000, 0x0000000088200000|  0%| F|  |TAMS 0x0000000088100000, 0x0000000088100000| Untracked 
| 130|0x0000000088200000, 0x0000000088200000, 0x0000000088300000|  0%| F|  |TAMS 0x0000000088200000, 0x0000000088200000| Untracked 
| 131|0x0000000088300000, 0x0000000088300000, 0x0000000088400000|  0%| F|  |TAMS 0x0000000088300000, 0x0000000088300000| Untracked 
| 132|0x0000000088400000, 0x0000000088400000, 0x0000000088500000|  0%| F|  |TAMS 0x0000000088400000, 0x0000000088400000| Untracked 
| 133|0x0000000088500000, 0x0000000088500000, 0x0000000088600000|  0%| F|  |TAMS 0x0000000088500000, 0x0000000088500000| Untracked 
| 134|0x0000000088600000, 0x0000000088600000, 0x0000000088700000|  0%| F|  |TAMS 0x0000000088600000, 0x0000000088600000| Untracked 
| 135|0x0000000088700000, 0x0000000088700000, 0x0000000088800000|  0%| F|  |TAMS 0x0000000088700000, 0x0000000088700000| Untracked 
| 136|0x0000000088800000, 0x0000000088800000, 0x0000000088900000|  0%| F|  |TAMS 0x0000000088800000, 0x0000000088800000| Untracked 
| 137|0x0000000088900000, 0x0000000088900000, 0x0000000088a00000|  0%| F|  |TAMS 0x0000000088900000, 0x0000000088900000| Untracked 
| 138|0x0000000088a00000, 0x0000000088a00000, 0x0000000088b00000|  0%| F|  |TAMS 0x0000000088a00000, 0x0000000088a00000| Untracked 
| 139|0x0000000088b00000, 0x0000000088b00000, 0x0000000088c00000|  0%| F|  |TAMS 0x0000000088b00000, 0x0000000088b00000| Untracked 
| 140|0x0000000088c00000, 0x0000000088c00000, 0x0000000088d00000|  0%| F|  |TAMS 0x0000000088c00000, 0x0000000088c00000| Untracked 
| 141|0x0000000088d00000, 0x0000000088d00000, 0x0000000088e00000|  0%| F|  |TAMS 0x0000000088d00000, 0x0000000088d00000| Untracked 
| 142|0x0000000088e00000, 0x0000000088e00000, 0x0000000088f00000|  0%| F|  |TAMS 0x0000000088e00000, 0x0000000088e00000| Untracked 
| 143|0x0000000088f00000, 0x0000000088f00000, 0x0000000089000000|  0%| F|  |TAMS 0x0000000088f00000, 0x0000000088f00000| Untracked 
| 144|0x0000000089000000, 0x0000000089000000, 0x0000000089100000|  0%| F|  |TAMS 0x0000000089000000, 0x0000000089000000| Untracked 
| 145|0x0000000089100000, 0x0000000089100000, 0x0000000089200000|  0%| F|  |TAMS 0x0000000089100000, 0x0000000089100000| Untracked 
| 146|0x0000000089200000, 0x0000000089200000, 0x0000000089300000|  0%| F|  |TAMS 0x0000000089200000, 0x0000000089200000| Untracked 
| 147|0x0000000089300000, 0x0000000089300000, 0x0000000089400000|  0%| F|  |TAMS 0x0000000089300000, 0x0000000089300000| Untracked 
| 148|0x0000000089400000, 0x0000000089400000, 0x0000000089500000|  0%| F|  |TAMS 0x0000000089400000, 0x0000000089400000| Untracked 
| 149|0x0000000089500000, 0x0000000089500000, 0x0000000089600000|  0%| F|  |TAMS 0x0000000089500000, 0x0000000089500000| Untracked 
| 150|0x0000000089600000, 0x0000000089600000, 0x0000000089700000|  0%| F|  |TAMS 0x0000000089600000, 0x0000000089600000| Untracked 
| 151|0x0000000089700000, 0x0000000089700000, 0x0000000089800000|  0%| F|  |TAMS 0x0000000089700000, 0x0000000089700000| Untracked 
| 152|0x0000000089800000, 0x0000000089800000, 0x0000000089900000|  0%| F|  |TAMS 0x0000000089800000, 0x0000000089800000| Untracked 
| 153|0x0000000089900000, 0x0000000089900000, 0x0000000089a00000|  0%| F|  |TAMS 0x0000000089900000, 0x0000000089900000| Untracked 
| 154|0x0000000089a00000, 0x0000000089a00000, 0x0000000089b00000|  0%| F|  |TAMS 0x0000000089a00000, 0x0000000089a00000| Untracked 
| 155|0x0000000089b00000, 0x0000000089b00000, 0x0000000089c00000|  0%| F|  |TAMS 0x0000000089b00000, 0x0000000089b00000| Untracked 
| 156|0x0000000089c00000, 0x0000000089c00000, 0x0000000089d00000|  0%| F|  |TAMS 0x0000000089c00000, 0x0000000089c00000| Untracked 
| 157|0x0000000089d00000, 0x0000000089d00000, 0x0000000089e00000|  0%| F|  |TAMS 0x0000000089d00000, 0x0000000089d00000| Untracked 
| 158|0x0000000089e00000, 0x0000000089e00000, 0x0000000089f00000|  0%| F|  |TAMS 0x0000000089e00000, 0x0000000089e00000| Untracked 
| 159|0x0000000089f00000, 0x0000000089f00000, 0x000000008a000000|  0%| F|  |TAMS 0x0000000089f00000, 0x0000000089f00000| Untracked 
| 160|0x000000008a000000, 0x000000008a000000, 0x000000008a100000|  0%| F|  |TAMS 0x000000008a000000, 0x000000008a000000| Untracked 
| 161|0x000000008a100000, 0x000000008a100000, 0x000000008a200000|  0%| F|  |TAMS 0x000000008a100000, 0x000000008a100000| Untracked 
| 162|0x000000008a200000, 0x000000008a200000, 0x000000008a300000|  0%| F|  |TAMS 0x000000008a200000, 0x000000008a200000| Untracked 
| 163|0x000000008a300000, 0x000000008a300000, 0x000000008a400000|  0%| F|  |TAMS 0x000000008a300000, 0x000000008a300000| Untracked 
| 164|0x000000008a400000, 0x000000008a400000, 0x000000008a500000|  0%| F|  |TAMS 0x000000008a400000, 0x000000008a400000| Untracked 
| 165|0x000000008a500000, 0x000000008a500000, 0x000000008a600000|  0%| F|  |TAMS 0x000000008a500000, 0x000000008a500000| Untracked 
| 166|0x000000008a600000, 0x000000008a600000, 0x000000008a700000|  0%| F|  |TAMS 0x000000008a600000, 0x000000008a600000| Untracked 
| 167|0x000000008a700000, 0x000000008a700000, 0x000000008a800000|  0%| F|  |TAMS 0x000000008a700000, 0x000000008a700000| Untracked 
| 168|0x000000008a800000, 0x000000008a800000, 0x000000008a900000|  0%| F|  |TAMS 0x000000008a800000, 0x000000008a800000| Untracked 
| 169|0x000000008a900000, 0x000000008a900000, 0x000000008aa00000|  0%| F|  |TAMS 0x000000008a900000, 0x000000008a900000| Untracked 
| 170|0x000000008aa00000, 0x000000008aa00000, 0x000000008ab00000|  0%| F|  |TAMS 0x000000008aa00000, 0x000000008aa00000| Untracked 
| 171|0x000000008ab00000, 0x000000008ab00000, 0x000000008ac00000|  0%| F|  |TAMS 0x000000008ab00000, 0x000000008ab00000| Untracked 
| 172|0x000000008ac00000, 0x000000008ac00000, 0x000000008ad00000|  0%| F|  |TAMS 0x000000008ac00000, 0x000000008ac00000| Untracked 
| 173|0x000000008ad00000, 0x000000008ad00000, 0x000000008ae00000|  0%| F|  |TAMS 0x000000008ad00000, 0x000000008ad00000| Untracked 
| 174|0x000000008ae00000, 0x000000008ae00000, 0x000000008af00000|  0%| F|  |TAMS 0x000000008ae00000, 0x000000008ae00000| Untracked 
| 175|0x000000008af00000, 0x000000008af00000, 0x000000008b000000|  0%| F|  |TAMS 0x000000008af00000, 0x000000008af00000| Untracked 
| 176|0x000000008b000000, 0x000000008b000000, 0x000000008b100000|  0%| F|  |TAMS 0x000000008b000000, 0x000000008b000000| Untracked 
| 177|0x000000008b100000, 0x000000008b100000, 0x000000008b200000|  0%| F|  |TAMS 0x000000008b100000, 0x000000008b100000| Untracked 
| 178|0x000000008b200000, 0x000000008b200000, 0x000000008b300000|  0%| F|  |TAMS 0x000000008b200000, 0x000000008b200000| Untracked 
| 179|0x000000008b300000, 0x000000008b300000, 0x000000008b400000|  0%| F|  |TAMS 0x000000008b300000, 0x000000008b300000| Untracked 
| 180|0x000000008b400000, 0x000000008b400000, 0x000000008b500000|  0%| F|  |TAMS 0x000000008b400000, 0x000000008b400000| Untracked 
| 181|0x000000008b500000, 0x000000008b500000, 0x000000008b600000|  0%| F|  |TAMS 0x000000008b500000, 0x000000008b500000| Untracked 
| 182|0x000000008b600000, 0x000000008b600000, 0x000000008b700000|  0%| F|  |TAMS 0x000000008b600000, 0x000000008b600000| Untracked 
| 183|0x000000008b700000, 0x000000008b700000, 0x000000008b800000|  0%| F|  |TAMS 0x000000008b700000, 0x000000008b700000| Untracked 
| 184|0x000000008b800000, 0x000000008b800000, 0x000000008b900000|  0%| F|  |TAMS 0x000000008b800000, 0x000000008b800000| Untracked 
| 185|0x000000008b900000, 0x000000008b9e2f50, 0x000000008ba00000| 88%| S|CS|TAMS 0x000000008b900000, 0x000000008b900000| Complete 
| 186|0x000000008ba00000, 0x000000008bb00000, 0x000000008bb00000|100%| S|CS|TAMS 0x000000008ba00000, 0x000000008ba00000| Complete 
| 187|0x000000008bb00000, 0x000000008bb00000, 0x000000008bc00000|  0%| F|  |TAMS 0x000000008bb00000, 0x000000008bb00000| Untracked 
| 188|0x000000008bc00000, 0x000000008bc00000, 0x000000008bd00000|  0%| F|  |TAMS 0x000000008bc00000, 0x000000008bc00000| Untracked 
| 189|0x000000008bd00000, 0x000000008bd00000, 0x000000008be00000|  0%| F|  |TAMS 0x000000008bd00000, 0x000000008bd00000| Untracked 
| 190|0x000000008be00000, 0x000000008be00000, 0x000000008bf00000|  0%| F|  |TAMS 0x000000008be00000, 0x000000008be00000| Untracked 
| 191|0x000000008bf00000, 0x000000008bf00000, 0x000000008c000000|  0%| F|  |TAMS 0x000000008bf00000, 0x000000008bf00000| Untracked 
| 192|0x000000008c000000, 0x000000008c000000, 0x000000008c100000|  0%| F|  |TAMS 0x000000008c000000, 0x000000008c000000| Untracked 
| 193|0x000000008c100000, 0x000000008c100000, 0x000000008c200000|  0%| F|  |TAMS 0x000000008c100000, 0x000000008c100000| Untracked 
| 194|0x000000008c200000, 0x000000008c200000, 0x000000008c300000|  0%| F|  |TAMS 0x000000008c200000, 0x000000008c200000| Untracked 
| 195|0x000000008c300000, 0x000000008c300000, 0x000000008c400000|  0%| F|  |TAMS 0x000000008c300000, 0x000000008c300000| Untracked 
| 196|0x000000008c400000, 0x000000008c400000, 0x000000008c500000|  0%| F|  |TAMS 0x000000008c400000, 0x000000008c400000| Untracked 
| 197|0x000000008c500000, 0x000000008c500000, 0x000000008c600000|  0%| F|  |TAMS 0x000000008c500000, 0x000000008c500000| Untracked 
| 198|0x000000008c600000, 0x000000008c600000, 0x000000008c700000|  0%| F|  |TAMS 0x000000008c600000, 0x000000008c600000| Untracked 
| 199|0x000000008c700000, 0x000000008c700000, 0x000000008c800000|  0%| F|  |TAMS 0x000000008c700000, 0x000000008c700000| Untracked 
| 200|0x000000008c800000, 0x000000008c800000, 0x000000008c900000|  0%| F|  |TAMS 0x000000008c800000, 0x000000008c800000| Untracked 
| 201|0x000000008c900000, 0x000000008c900000, 0x000000008ca00000|  0%| F|  |TAMS 0x000000008c900000, 0x000000008c900000| Untracked 
| 202|0x000000008ca00000, 0x000000008ca00000, 0x000000008cb00000|  0%| F|  |TAMS 0x000000008ca00000, 0x000000008ca00000| Untracked 
| 203|0x000000008cb00000, 0x000000008cb00000, 0x000000008cc00000|  0%| F|  |TAMS 0x000000008cb00000, 0x000000008cb00000| Untracked 
| 204|0x000000008cc00000, 0x000000008cc00000, 0x000000008cd00000|  0%| F|  |TAMS 0x000000008cc00000, 0x000000008cc00000| Untracked 
| 205|0x000000008cd00000, 0x000000008cd00000, 0x000000008ce00000|  0%| F|  |TAMS 0x000000008cd00000, 0x000000008cd00000| Untracked 
| 206|0x000000008ce00000, 0x000000008ce00000, 0x000000008cf00000|  0%| F|  |TAMS 0x000000008ce00000, 0x000000008ce00000| Untracked 
| 207|0x000000008cf00000, 0x000000008cf00000, 0x000000008d000000|  0%| F|  |TAMS 0x000000008cf00000, 0x000000008cf00000| Untracked 
| 208|0x000000008d000000, 0x000000008d000000, 0x000000008d100000|  0%| F|  |TAMS 0x000000008d000000, 0x000000008d000000| Untracked 
| 209|0x000000008d100000, 0x000000008d100000, 0x000000008d200000|  0%| F|  |TAMS 0x000000008d100000, 0x000000008d100000| Untracked 
| 210|0x000000008d200000, 0x000000008d200000, 0x000000008d300000|  0%| F|  |TAMS 0x000000008d200000, 0x000000008d200000| Untracked 
| 211|0x000000008d300000, 0x000000008d300000, 0x000000008d400000|  0%| F|  |TAMS 0x000000008d300000, 0x000000008d300000| Untracked 
| 212|0x000000008d400000, 0x000000008d400000, 0x000000008d500000|  0%| F|  |TAMS 0x000000008d400000, 0x000000008d400000| Untracked 
| 213|0x000000008d500000, 0x000000008d500000, 0x000000008d600000|  0%| F|  |TAMS 0x000000008d500000, 0x000000008d500000| Untracked 
| 214|0x000000008d600000, 0x000000008d600000, 0x000000008d700000|  0%| F|  |TAMS 0x000000008d600000, 0x000000008d600000| Untracked 
| 215|0x000000008d700000, 0x000000008d700000, 0x000000008d800000|  0%| F|  |TAMS 0x000000008d700000, 0x000000008d700000| Untracked 
| 216|0x000000008d800000, 0x000000008d800000, 0x000000008d900000|  0%| F|  |TAMS 0x000000008d800000, 0x000000008d800000| Untracked 
| 217|0x000000008d900000, 0x000000008d900000, 0x000000008da00000|  0%| F|  |TAMS 0x000000008d900000, 0x000000008d900000| Untracked 
| 218|0x000000008da00000, 0x000000008da00000, 0x000000008db00000|  0%| F|  |TAMS 0x000000008da00000, 0x000000008da00000| Untracked 
| 219|0x000000008db00000, 0x000000008db00000, 0x000000008dc00000|  0%| F|  |TAMS 0x000000008db00000, 0x000000008db00000| Untracked 
| 220|0x000000008dc00000, 0x000000008dc00000, 0x000000008dd00000|  0%| F|  |TAMS 0x000000008dc00000, 0x000000008dc00000| Untracked 
| 221|0x000000008dd00000, 0x000000008dd00000, 0x000000008de00000|  0%| F|  |TAMS 0x000000008dd00000, 0x000000008dd00000| Untracked 
| 222|0x000000008de00000, 0x000000008de00000, 0x000000008df00000|  0%| F|  |TAMS 0x000000008de00000, 0x000000008de00000| Untracked 
| 223|0x000000008df00000, 0x000000008df00000, 0x000000008e000000|  0%| F|  |TAMS 0x000000008df00000, 0x000000008df00000| Untracked 
| 224|0x000000008e000000, 0x000000008e000000, 0x000000008e100000|  0%| F|  |TAMS 0x000000008e000000, 0x000000008e000000| Untracked 
| 225|0x000000008e100000, 0x000000008e100000, 0x000000008e200000|  0%| F|  |TAMS 0x000000008e100000, 0x000000008e100000| Untracked 
| 226|0x000000008e200000, 0x000000008e200000, 0x000000008e300000|  0%| F|  |TAMS 0x000000008e200000, 0x000000008e200000| Untracked 
| 227|0x000000008e300000, 0x000000008e300000, 0x000000008e400000|  0%| F|  |TAMS 0x000000008e300000, 0x000000008e300000| Untracked 
| 228|0x000000008e400000, 0x000000008e400000, 0x000000008e500000|  0%| F|  |TAMS 0x000000008e400000, 0x000000008e400000| Untracked 
| 229|0x000000008e500000, 0x000000008e580800, 0x000000008e600000| 50%| E|  |TAMS 0x000000008e500000, 0x000000008e500000| Complete 
| 230|0x000000008e600000, 0x000000008e700000, 0x000000008e700000|100%| E|CS|TAMS 0x000000008e600000, 0x000000008e600000| Complete 
| 231|0x000000008e700000, 0x000000008e800000, 0x000000008e800000|100%| E|CS|TAMS 0x000000008e700000, 0x000000008e700000| Complete 
| 232|0x000000008e800000, 0x000000008e900000, 0x000000008e900000|100%| E|CS|TAMS 0x000000008e800000, 0x000000008e800000| Complete 
| 233|0x000000008e900000, 0x000000008ea00000, 0x000000008ea00000|100%| E|CS|TAMS 0x000000008e900000, 0x000000008e900000| Complete 
| 234|0x000000008ea00000, 0x000000008eb00000, 0x000000008eb00000|100%| E|CS|TAMS 0x000000008ea00000, 0x000000008ea00000| Complete 
| 235|0x000000008eb00000, 0x000000008ec00000, 0x000000008ec00000|100%| E|CS|TAMS 0x000000008eb00000, 0x000000008eb00000| Complete 
| 236|0x000000008ec00000, 0x000000008ed00000, 0x000000008ed00000|100%| E|CS|TAMS 0x000000008ec00000, 0x000000008ec00000| Complete 
| 237|0x000000008ed00000, 0x000000008ee00000, 0x000000008ee00000|100%| E|CS|TAMS 0x000000008ed00000, 0x000000008ed00000| Complete 
| 238|0x000000008ee00000, 0x000000008ef00000, 0x000000008ef00000|100%| E|CS|TAMS 0x000000008ee00000, 0x000000008ee00000| Complete 
| 239|0x000000008ef00000, 0x000000008f000000, 0x000000008f000000|100%| E|CS|TAMS 0x000000008ef00000, 0x000000008ef00000| Complete 
| 240|0x000000008f000000, 0x000000008f100000, 0x000000008f100000|100%| E|CS|TAMS 0x000000008f000000, 0x000000008f000000| Complete 
| 241|0x000000008f100000, 0x000000008f200000, 0x000000008f200000|100%| E|CS|TAMS 0x000000008f100000, 0x000000008f100000| Complete 
| 242|0x000000008f200000, 0x000000008f300000, 0x000000008f300000|100%| E|CS|TAMS 0x000000008f200000, 0x000000008f200000| Complete 
| 243|0x000000008f300000, 0x000000008f400000, 0x000000008f400000|100%| E|CS|TAMS 0x000000008f300000, 0x000000008f300000| Complete 
| 244|0x000000008f400000, 0x000000008f500000, 0x000000008f500000|100%| E|CS|TAMS 0x000000008f400000, 0x000000008f400000| Complete 
| 245|0x000000008f500000, 0x000000008f600000, 0x000000008f600000|100%| E|CS|TAMS 0x000000008f500000, 0x000000008f500000| Complete 
| 246|0x000000008f600000, 0x000000008f700000, 0x000000008f700000|100%| E|CS|TAMS 0x000000008f600000, 0x000000008f600000| Complete 
| 247|0x000000008f700000, 0x000000008f800000, 0x000000008f800000|100%| E|CS|TAMS 0x000000008f700000, 0x000000008f700000| Complete 
| 248|0x000000008f800000, 0x000000008f900000, 0x000000008f900000|100%| E|CS|TAMS 0x000000008f800000, 0x000000008f800000| Complete 
| 249|0x000000008f900000, 0x000000008fa00000, 0x000000008fa00000|100%| E|CS|TAMS 0x000000008f900000, 0x000000008f900000| Complete 
| 250|0x000000008fa00000, 0x000000008fb00000, 0x000000008fb00000|100%| E|CS|TAMS 0x000000008fa00000, 0x000000008fa00000| Complete 
| 251|0x000000008fb00000, 0x000000008fc00000, 0x000000008fc00000|100%| E|CS|TAMS 0x000000008fb00000, 0x000000008fb00000| Complete 
| 252|0x000000008fc00000, 0x000000008fd00000, 0x000000008fd00000|100%| E|CS|TAMS 0x000000008fc00000, 0x000000008fc00000| Complete 
| 253|0x000000008fd00000, 0x000000008fe00000, 0x000000008fe00000|100%| E|CS|TAMS 0x000000008fd00000, 0x000000008fd00000| Complete 
| 254|0x000000008fe00000, 0x000000008ff00000, 0x000000008ff00000|100%| E|CS|TAMS 0x000000008fe00000, 0x000000008fe00000| Complete 
| 255|0x000000008ff00000, 0x0000000090000000, 0x0000000090000000|100%| E|CS|TAMS 0x000000008ff00000, 0x000000008ff00000| Complete 
| 256|0x0000000090000000, 0x0000000090100000, 0x0000000090100000|100%| E|CS|TAMS 0x0000000090000000, 0x0000000090000000| Complete 
| 257|0x0000000090100000, 0x0000000090200000, 0x0000000090200000|100%| E|CS|TAMS 0x0000000090100000, 0x0000000090100000| Complete 
| 258|0x0000000090200000, 0x0000000090300000, 0x0000000090300000|100%| E|CS|TAMS 0x0000000090200000, 0x0000000090200000| Complete 
| 259|0x0000000090300000, 0x0000000090400000, 0x0000000090400000|100%| E|CS|TAMS 0x0000000090300000, 0x0000000090300000| Complete 
| 260|0x0000000090400000, 0x0000000090500000, 0x0000000090500000|100%| E|CS|TAMS 0x0000000090400000, 0x0000000090400000| Complete 
| 261|0x0000000090500000, 0x0000000090600000, 0x0000000090600000|100%| E|CS|TAMS 0x0000000090500000, 0x0000000090500000| Complete 
| 262|0x0000000090600000, 0x0000000090700000, 0x0000000090700000|100%| E|CS|TAMS 0x0000000090600000, 0x0000000090600000| Complete 
| 263|0x0000000090700000, 0x0000000090800000, 0x0000000090800000|100%| E|CS|TAMS 0x0000000090700000, 0x0000000090700000| Complete 
| 264|0x0000000090800000, 0x0000000090900000, 0x0000000090900000|100%| E|CS|TAMS 0x0000000090800000, 0x0000000090800000| Complete 
| 265|0x0000000090900000, 0x0000000090a00000, 0x0000000090a00000|100%| E|CS|TAMS 0x0000000090900000, 0x0000000090900000| Complete 
| 266|0x0000000090a00000, 0x0000000090b00000, 0x0000000090b00000|100%| E|CS|TAMS 0x0000000090a00000, 0x0000000090a00000| Complete 

Card table byte_map: [0x000001d7ac360000,0x000001d7ac760000] _byte_map_base: 0x000001d7abf60000

Marking Bits (Prev, Next): (CMBitMap*) 0x000001d7994a4020, (CMBitMap*) 0x000001d7994a3fe8
 Prev Bits: [0x000001d7aeb60000, 0x000001d7b0b60000)
 Next Bits: [0x000001d7acb60000, 0x000001d7aeb60000)

Polling page: 0x000001d797330000

Metaspace:

Usage:
  Non-class:     96.60 MB capacity,    94.74 MB ( 98%) used,     1.51 MB (  2%) free+waste,   358.38 KB ( <1%) overhead. 
      Class:     15.12 MB capacity,    14.00 MB ( 93%) used,   993.34 KB (  6%) free+waste,   159.56 KB (  1%) overhead. 
       Both:    111.72 MB capacity,   108.74 MB ( 97%) used,     2.48 MB (  2%) free+waste,   517.94 KB ( <1%) overhead. 

Virtual space:
  Non-class space:       98.00 MB reserved,      96.75 MB ( 99%) committed 
      Class space:        1.00 GB reserved,      15.13 MB (  1%) committed 
             Both:        1.10 GB reserved,     111.88 MB ( 10%) committed 

Chunk freelists:
   Non-Class:  27.00 KB
       Class:  2.00 KB
        Both:  29.00 KB

MaxMetaspaceSize: 17179869184.00 GB
CompressedClassSpaceSize: 1.00 GB
Initial GC threshold: 20.80 MB
Current GC threshold: 182.71 MB
CDS: off

CodeHeap 'non-profiled nmethods': size=120064Kb used=10284Kb max_used=10284Kb free=109779Kb
 bounds [0x000001d7a4a20000, 0x000001d7a5430000, 0x000001d7abf60000]
CodeHeap 'profiled nmethods': size=120000Kb used=38865Kb max_used=38865Kb free=81134Kb
 bounds [0x000001d79d4f0000, 0x000001d79faf0000, 0x000001d7a4a20000]
CodeHeap 'non-nmethods': size=5696Kb used=2419Kb max_used=2483Kb free=3276Kb
 bounds [0x000001d79cf60000, 0x000001d79d1f0000, 0x000001d79d4f0000]
 total_blobs=17102 nmethods=16159 adapters=853
 compilation: enabled
              stopped_count=0, restarted_count=0
 full_count=0

Compilation events (20 events):
Event: 36.497 Thread 0x000001d7b3083000 nmethod 16292 0x000001d79fabdf90 code [0x000001d79fabe140, 0x000001d79fabe338]
Event: 36.497 Thread 0x000001d7b3083000 16293       2       com.android.tools.r8.internal.jF$$Lambda$1334/0x0000000100e14040::<init> (15 bytes)
Event: 36.497 Thread 0x000001d7b3083000 nmethod 16293 0x000001d79fabe410 code [0x000001d79fabe5c0, 0x000001d79fabe758]
Event: 36.497 Thread 0x000001d7b3083000 16294       2       com.android.tools.r8.graph.Z2::a (34 bytes)
Event: 36.497 Thread 0x000001d7b3083000 nmethod 16294 0x000001d79fabe810 code [0x000001d79fabe9e0, 0x000001d79fabeb88]
Event: 36.498 Thread 0x000001d7b3083000 16295       2       com.android.tools.r8.graph.x2::a (11 bytes)
Event: 36.498 Thread 0x000001d7b3083000 nmethod 16295 0x000001d79fabec90 code [0x000001d79fabee60, 0x000001d79fabefb8]
Event: 36.498 Thread 0x000001d7b3083000 16296       2       com.android.tools.r8.graph.l::a (49 bytes)
Event: 36.498 Thread 0x000001d7b3083000 nmethod 16296 0x000001d79fabf090 code [0x000001d79fabf260, 0x000001d79fabf4c8]
Event: 36.498 Thread 0x000001d7b3083000 16299       2       com.android.tools.r8.internal.NI::a (1 bytes)
Event: 36.498 Thread 0x000001d7b3083000 nmethod 16299 0x000001d79fabf710 code [0x000001d79fabf8c0, 0x000001d79fabf9b8]
Event: 36.498 Thread 0x000001d7b3083000 16300       2       com.android.tools.r8.internal.ss::p (35 bytes)
Event: 36.499 Thread 0x000001d7b3083000 nmethod 16300 0x000001d79fabfa90 code [0x000001d79fabfc60, 0x000001d79fabfec8]
Event: 36.499 Thread 0x000001d7b3083000 16301       2       com.android.tools.r8.internal.vC::a (39 bytes)
Event: 36.499 Thread 0x000001d7b3083000 nmethod 16301 0x000001d79fabff90 code [0x000001d79fac0140, 0x000001d79fac0238]
Event: 36.499 Thread 0x000001d7b3083000 16303       2       com.android.tools.r8.graph.O::d0 (86 bytes)
Event: 36.499 Thread 0x000001d7b3083000 nmethod 16303 0x000001d79fac0310 code [0x000001d79fac04e0, 0x000001d79fac06d8]
Event: 36.499 Thread 0x000001d7b3083000 16304       2       com.android.tools.r8.internal.wI::a (7 bytes)
Event: 36.500 Thread 0x000001d7b3083000 nmethod 16304 0x000001d79fac0810 code [0x000001d79fac09c0, 0x000001d79fac0ae8]
Event: 36.500 Thread 0x000001d7b3083000 16305       2       com.android.tools.r8.graph.q0::a (124 bytes)

GC Heap History (20 events):
Event: 22.300 GC heap before
{Heap before GC invocations=22 (full 0):
 garbage-first heap   total 189440K, used 144384K [0x0000000080000000, 0x0000000100000000)
  region size 1024K, 70 young (71680K), 4 survivors (4096K)
 Metaspace       used 89366K, capacity 91438K, committed 91648K, reserved 1128448K
  class space    used 11511K, capacity 12260K, committed 12288K, reserved 1048576K
}
Event: 22.308 GC heap after
{Heap after GC invocations=23 (full 0):
 garbage-first heap   total 189440K, used 77242K [0x0000000080000000, 0x0000000100000000)
  region size 1024K, 5 young (5120K), 5 survivors (5120K)
 Metaspace       used 89366K, capacity 91438K, committed 91648K, reserved 1128448K
  class space    used 11511K, capacity 12260K, committed 12288K, reserved 1048576K
}
Event: 23.402 GC heap before
{Heap before GC invocations=23 (full 0):
 garbage-first heap   total 189440K, used 145850K [0x0000000080000000, 0x0000000100000000)
  region size 1024K, 73 young (74752K), 5 survivors (5120K)
 Metaspace       used 91427K, capacity 93708K, committed 93952K, reserved 1130496K
  class space    used 11853K, capacity 12701K, committed 12800K, reserved 1048576K
}
Event: 23.416 GC heap after
{Heap after GC invocations=24 (full 0):
 garbage-first heap   total 189440K, used 80498K [0x0000000080000000, 0x0000000100000000)
  region size 1024K, 8 young (8192K), 8 survivors (8192K)
 Metaspace       used 91427K, capacity 93708K, committed 93952K, reserved 1130496K
  class space    used 11853K, capacity 12701K, committed 12800K, reserved 1048576K
}
Event: 24.614 GC heap before
{Heap before GC invocations=24 (full 0):
 garbage-first heap   total 189440K, used 149106K [0x0000000080000000, 0x0000000100000000)
  region size 1024K, 76 young (77824K), 8 survivors (8192K)
 Metaspace       used 91981K, capacity 94273K, committed 94464K, reserved 1130496K
  class space    used 11862K, capacity 12708K, committed 12800K, reserved 1048576K
}
Event: 24.636 GC heap after
{Heap after GC invocations=25 (full 0):
 garbage-first heap   total 189440K, used 85327K [0x0000000080000000, 0x0000000100000000)
  region size 1024K, 9 young (9216K), 9 survivors (9216K)
 Metaspace       used 91981K, capacity 94273K, committed 94464K, reserved 1130496K
  class space    used 11862K, capacity 12708K, committed 12800K, reserved 1048576K
}
Event: 25.575 GC heap before
{Heap before GC invocations=25 (full 0):
 garbage-first heap   total 189440K, used 151887K [0x0000000080000000, 0x0000000100000000)
  region size 1024K, 75 young (76800K), 9 survivors (9216K)
 Metaspace       used 93233K, capacity 95612K, committed 95872K, reserved 1132544K
  class space    used 12031K, capacity 12917K, committed 12928K, reserved 1048576K
}
Event: 25.595 GC heap after
{Heap after GC invocations=26 (full 0):
 garbage-first heap   total 227328K, used 90012K [0x0000000080000000, 0x0000000100000000)
  region size 1024K, 10 young (10240K), 10 survivors (10240K)
 Metaspace       used 93233K, capacity 95612K, committed 95872K, reserved 1132544K
  class space    used 12031K, capacity 12917K, committed 12928K, reserved 1048576K
}
Event: 26.712 GC heap before
{Heap before GC invocations=26 (full 0):
 garbage-first heap   total 227328K, used 172956K [0x0000000080000000, 0x0000000100000000)
  region size 1024K, 92 young (94208K), 10 survivors (10240K)
 Metaspace       used 95941K, capacity 98405K, committed 98560K, reserved 1134592K
  class space    used 12391K, capacity 13271K, committed 13312K, reserved 1048576K
}
Event: 26.736 GC heap after
{Heap after GC invocations=27 (full 0):
 garbage-first heap   total 227328K, used 93020K [0x0000000080000000, 0x0000000100000000)
  region size 1024K, 8 young (8192K), 8 survivors (8192K)
 Metaspace       used 95941K, capacity 98405K, committed 98560K, reserved 1134592K
  class space    used 12391K, capacity 13271K, committed 13312K, reserved 1048576K
}
Event: 28.939 GC heap before
{Heap before GC invocations=27 (full 0):
 garbage-first heap   total 227328K, used 181084K [0x0000000080000000, 0x0000000100000000)
  region size 1024K, 91 young (93184K), 8 survivors (8192K)
 Metaspace       used 101340K, capacity 103933K, committed 104192K, reserved 1138688K
  class space    used 13059K, capacity 14008K, committed 14080K, reserved 1048576K
}
Event: 28.983 GC heap after
{Heap after GC invocations=28 (full 0):
 garbage-first heap   total 227328K, used 108971K [0x0000000080000000, 0x0000000100000000)
  region size 1024K, 12 young (12288K), 12 survivors (12288K)
 Metaspace       used 101340K, capacity 103933K, committed 104192K, reserved 1138688K
  class space    used 13059K, capacity 14008K, committed 14080K, reserved 1048576K
}
Event: 31.037 GC heap before
{Heap before GC invocations=28 (full 0):
 garbage-first heap   total 227328K, used 179627K [0x0000000080000000, 0x0000000100000000)
  region size 1024K, 82 young (83968K), 12 survivors (12288K)
 Metaspace       used 107490K, capacity 110335K, committed 110592K, reserved 1144832K
  class space    used 13995K, capacity 15050K, committed 15104K, reserved 1048576K
}
Event: 31.074 GC heap after
{Heap after GC invocations=29 (full 0):
 garbage-first heap   total 227328K, used 121856K [0x0000000080000000, 0x0000000100000000)
  region size 1024K, 11 young (11264K), 11 survivors (11264K)
 Metaspace       used 107490K, capacity 110335K, committed 110592K, reserved 1144832K
  class space    used 13995K, capacity 15050K, committed 15104K, reserved 1048576K
}
Event: 32.276 GC heap before
{Heap before GC invocations=29 (full 0):
 garbage-first heap   total 227328K, used 182272K [0x0000000080000000, 0x0000000100000000)
  region size 1024K, 70 young (71680K), 11 survivors (11264K)
 Metaspace       used 109048K, capacity 111926K, committed 112000K, reserved 1146880K
  class space    used 14089K, capacity 15163K, committed 15232K, reserved 1048576K
}
Event: 32.304 GC heap after
{Heap after GC invocations=30 (full 0):
 garbage-first heap   total 227328K, used 125952K [0x0000000080000000, 0x0000000100000000)
  region size 1024K, 3 young (3072K), 3 survivors (3072K)
 Metaspace       used 109048K, capacity 111926K, committed 112000K, reserved 1146880K
  class space    used 14089K, capacity 15163K, committed 15232K, reserved 1048576K
}
Event: 33.405 GC heap before
{Heap before GC invocations=31 (full 0):
 garbage-first heap   total 227328K, used 185344K [0x0000000080000000, 0x0000000100000000)
  region size 1024K, 61 young (62464K), 3 survivors (3072K)
 Metaspace       used 109639K, capacity 112530K, committed 112768K, reserved 1146880K
  class space    used 14132K, capacity 15209K, committed 15232K, reserved 1048576K
}
Event: 33.413 GC heap after
{Heap after GC invocations=32 (full 0):
 garbage-first heap   total 273408K, used 124771K [0x0000000080000000, 0x0000000100000000)
  region size 1024K, 2 young (2048K), 2 survivors (2048K)
 Metaspace       used 109639K, capacity 112530K, committed 112768K, reserved 1146880K
  class space    used 14132K, capacity 15209K, committed 15232K, reserved 1048576K
}
Event: 36.000 GC heap before
{Heap before GC invocations=32 (full 0):
 garbage-first heap   total 273408K, used 206691K [0x0000000080000000, 0x0000000100000000)
  region size 1024K, 82 young (83968K), 2 survivors (2048K)
 Metaspace       used 111260K, capacity 114266K, committed 114304K, reserved 1148928K
  class space    used 14330K, capacity 15485K, committed 15488K, reserved 1048576K
}
Event: 36.006 GC heap after
{Heap after GC invocations=33 (full 0):
 garbage-first heap   total 273408K, used 124811K [0x0000000080000000, 0x0000000100000000)
  region size 1024K, 2 young (2048K), 2 survivors (2048K)
 Metaspace       used 111260K, capacity 114266K, committed 114304K, reserved 1148928K
  class space    used 14330K, capacity 15485K, committed 15488K, reserved 1048576K
}

Deoptimization events (20 events):
Event: 36.153 Thread 0x000001d7baf83000 Uncommon trap: trap_request=0xffffff76 fr.pc=0x000001d7a5407af8 relative=0x0000000000005a38
Event: 36.153 Thread 0x000001d7baf83000 Uncommon trap: reason=loop_limit_check action=maybe_recompile pc=0x000001d7a5407af8 method=com.android.tools.r8.graph.c0.a(IILcom/android/tools/r8/internal/Ko;)V @ 308 c2
Event: 36.153 Thread 0x000001d7baf83000 DEOPT PACKING pc=0x000001d7a5407af8 sp=0x000000715f0fbd70
Event: 36.153 Thread 0x000001d7baf83000 DEOPT UNPACKING pc=0x000001d79cfaa1af sp=0x000000715f0fbd90 mode 2
Event: 36.173 Thread 0x000001d7baf83000 DEOPT PACKING pc=0x000001d79f5dc21e sp=0x000000715f0fbac0
Event: 36.173 Thread 0x000001d7baf83000 DEOPT UNPACKING pc=0x000001d79cfaa95e sp=0x000000715f0fb348 mode 0
Event: 36.248 Thread 0x000001d7baf83000 DEOPT PACKING pc=0x000001d79f6175c1 sp=0x000000715f0fc250
Event: 36.248 Thread 0x000001d7baf83000 DEOPT UNPACKING pc=0x000001d79cfaa95e sp=0x000000715f0fb948 mode 0
Event: 36.285 Thread 0x000001d7baf83000 DEOPT PACKING pc=0x000001d79f592de4 sp=0x000000715f0fb290
Event: 36.285 Thread 0x000001d7baf83000 DEOPT UNPACKING pc=0x000001d79cfaa95e sp=0x000000715f0fa828 mode 0
Event: 36.307 Thread 0x000001d7baf83000 Uncommon trap: trap_request=0xffffffde fr.pc=0x000001d7a53914c0 relative=0x00000000000042c0
Event: 36.307 Thread 0x000001d7baf83000 Uncommon trap: reason=class_check action=maybe_recompile pc=0x000001d7a53914c0 method=com.android.tools.r8.internal.Ed.a(Ljava/util/Queue;Lcom/android/tools/r8/internal/Tl;Lcom/android/tools/r8/internal/h4;)V @ 308 c2
Event: 36.307 Thread 0x000001d7baf83000 DEOPT PACKING pc=0x000001d7a53914c0 sp=0x000000715f0fc1e0
Event: 36.307 Thread 0x000001d7baf83000 DEOPT UNPACKING pc=0x000001d79cfaa1af sp=0x000000715f0fc238 mode 2
Event: 36.334 Thread 0x000001d7baf83000 DEOPT PACKING pc=0x000001d79f629e2a sp=0x000000715f0fc220
Event: 36.334 Thread 0x000001d7baf83000 DEOPT UNPACKING pc=0x000001d79cfaa95e sp=0x000000715f0fb7e0 mode 0
Event: 36.359 Thread 0x000001d7baf83000 DEOPT PACKING pc=0x000001d79f5a7b35 sp=0x000000715f0fc1b0
Event: 36.359 Thread 0x000001d7baf83000 DEOPT UNPACKING pc=0x000001d79cfaa95e sp=0x000000715f0fb7e0 mode 0
Event: 36.423 Thread 0x000001d7baf83000 DEOPT PACKING pc=0x000001d79f6eb7fb sp=0x000000715f0fc200
Event: 36.423 Thread 0x000001d7baf83000 DEOPT UNPACKING pc=0x000001d79cfaa95e sp=0x000000715f0fb7c0 mode 0

Classes redefined (0 events):
No events

Internal exceptions (20 events):
Event: 29.083 Thread 0x000001d7baf8a000 Exception <a 'java/lang/NoSuchMethodError'{0x000000008d641b48}: 'java.lang.Object java.lang.invoke.DirectMethodHandle$Holder.newInvokeSpecial(java.lang.Object, int)'> (0x000000008d641b48) thrown at [./src/hotspot/share/interpreter/linkResolver.cpp, line 773]
Event: 29.085 Thread 0x000001d7baf8a000 Exception <a 'java/lang/IncompatibleClassChangeError'{0x000000008d64d8c0}: Found class java.lang.Object, but interface was expected> (0x000000008d64d8c0) thrown at [./src/hotspot/share/interpreter/linkResolver.cpp, line 839]
Event: 29.089 Thread 0x000001d7baf8a000 Exception <a 'java/lang/IncompatibleClassChangeError'{0x000000008d654208}: Found class java.lang.Object, but interface was expected> (0x000000008d654208) thrown at [./src/hotspot/share/interpreter/linkResolver.cpp, line 839]
Event: 29.133 Thread 0x000001d7baf8a000 Exception <a 'java/lang/NoSuchMethodError'{0x000000008d396bc8}: 'void java.lang.invoke.DirectMethodHandle$Holder.invokeStatic(java.lang.Object, java.lang.Object, java.lang.Object, int)'> (0x000000008d396bc8) thrown at [./src/hotspot/share/interpreter/linkResolver.cpp, line 773]
Event: 29.133 Thread 0x000001d7baf83000 Exception <a 'java/lang/NoSuchMethodError'{0x000000008d21c930}: 'void java.lang.invoke.DirectMethodHandle$Holder.invokeStatic(java.lang.Object, java.lang.Object, java.lang.Object, int)'> (0x000000008d21c930) thrown at [./src/hotspot/share/interpreter/linkResolver.cpp, line 773]
Event: 29.136 Thread 0x000001d7baf8a000 Exception <a 'java/lang/IncompatibleClassChangeError'{0x000000008d39e968}: Found class java.lang.Object, but interface was expected> (0x000000008d39e968) thrown at [./src/hotspot/share/interpreter/linkResolver.cpp, line 839]
Event: 29.136 Thread 0x000001d7baf83000 Exception <a 'java/lang/IncompatibleClassChangeError'{0x000000008d2221e8}: Found class java.lang.Object, but interface was expected> (0x000000008d2221e8) thrown at [./src/hotspot/share/interpreter/linkResolver.cpp, line 839]
Event: 29.830 Thread 0x000001d7baf8a000 Exception <a 'java/lang/NoSuchMethodError'{0x000000008bf436a8}: 'java.lang.Object java.lang.invoke.DirectMethodHandle$Holder.invokeStatic(java.lang.Object, int, java.lang.Object, java.lang.Object)'> (0x000000008bf436a8) thrown at [./src/hotspot/share/interpreter/linkResolver.cpp, line 773]
Event: 30.360 Thread 0x000001d7baf8a000 Exception <a 'java/lang/NoSuchMethodError'{0x000000008a9d6bb0}: 'void java.lang.invoke.DirectMethodHandle$Holder.invokeSpecial(java.lang.Object, java.lang.Object, int, java.lang.Object)'> (0x000000008a9d6bb0) thrown at [./src/hotspot/share/interpreter/linkResolver.cpp, line 773]
Event: 31.143 Thread 0x000001d7baf83800 Exception <a 'java/lang/NoSuchMethodError'{0x000000008dad1678}: 'void java.lang.invoke.DirectMethodHandle$Holder.invokeStatic(java.lang.Object, long)'> (0x000000008dad1678) thrown at [./src/hotspot/share/interpreter/linkResolver.cpp, line 773]
Event: 31.145 Thread 0x000001d7baf83800 Exception <a 'java/lang/NoSuchMethodError'{0x000000008dadc568}: 'java.lang.Object java.lang.invoke.DirectMethodHandle$Holder.invokeStaticInit(java.lang.Object, java.lang.Object, long, java.lang.Object)'> (0x000000008dadc568) thrown at [./src/hotspot/share/interpreter/linkResolver.cpp, line 773]
Event: 31.145 Thread 0x000001d7baf83800 Exception <a 'java/lang/NoSuchMethodError'{0x000000008dae2700}: 'java.lang.Object java.lang.invoke.DirectMethodHandle$Holder.invokeStatic(java.lang.Object, java.lang.Object, long)'> (0x000000008dae2700) thrown at [./src/hotspot/share/interpreter/linkResolver.cpp, line 773]
Event: 31.146 Thread 0x000001d7baf83800 Exception <a 'java/lang/NoSuchMethodError'{0x000000008dae8c78}: 'java.lang.Object java.lang.invoke.Invokers$Holder.linkToTargetMethod(java.lang.Object, long, java.lang.Object)'> (0x000000008dae8c78) thrown at [./src/hotspot/share/interpreter/linkResolver.cpp, line 773]
Event: 31.416 Thread 0x000001d7baf8a000 Exception <a 'java/lang/NoSuchMethodError'{0x000000008d0b75f8}: 'java.lang.Object java.lang.invoke.DirectMethodHandle$Holder.invokeInterface(java.lang.Object, java.lang.Object, int)'> (0x000000008d0b75f8) thrown at [./src/hotspot/share/interpreter/linkResolver.cpp, line 773]
Event: 33.047 Thread 0x000001d7baf83800 Exception <a 'java/lang/NoSuchMethodError'{0x000000008b86e940}: 'int java.lang.invoke.DirectMethodHandle$Holder.invokeSpecialIFC(java.lang.Object, java.lang.Object, java.lang.Object)'> (0x000000008b86e940) thrown at [./src/hotspot/share/interpreter/linkResolver.cpp, line 773]
Event: 33.446 Thread 0x000001d7baf8a000 Exception <a 'java/lang/NoSuchMethodError'{0x00000000909eb2c8}: 'java.lang.Object java.lang.invoke.Invokers$Holder.linkToTargetMethod(java.lang.Object, int, java.lang.Object, java.lang.Object, java.lang.Object, java.lang.Object)'> (0x00000000909eb2c8) thrown at [./src/hotspot/share/interpreter/linkResolver.cpp, line 773]
Event: 33.448 Thread 0x000001d7baf8a000 Exception <a 'java/lang/NoSuchMethodError'{0x00000000909feac0}: 'java.lang.Object java.lang.invoke.Invokers$Holder.linkToTargetMethod(java.lang.Object, java.lang.Object, java.lang.Object, int, java.lang.Object, java.lang.Object, java.lang.Object)'> (0x00000000909feac0) thrown at [./src/hotspot/share/interpreter/linkResolver.cpp, line 773]
Event: 33.480 Thread 0x000001d7baf8a000 Exception <a 'java/lang/NoSuchMethodError'{0x0000000090711fd8}: 'void java.lang.invoke.DirectMethodHandle$Holder.invokeStatic(java.lang.Object, java.lang.Object, java.lang.Object, java.lang.Object, java.lang.Object, java.lang.Object, java.lang.Object, java.lang.Object)'> (0x0000000090711fd8) thrown at [./src/hotspot/share/interpreter/linkResolver.cpp, line 773]
Event: 33.624 Thread 0x000001d7baf8a000 Exception <a 'java/lang/IncompatibleClassChangeError'{0x000000008fe28e40}: Found class java.lang.Object, but interface was expected> (0x000000008fe28e40) thrown at [./src/hotspot/share/interpreter/linkResolver.cpp, line 839]
Event: 33.784 Thread 0x000001d7baf8a000 Exception <a 'java/lang/NoSuchMethodError'{0x000000008f667e68}: 'void java.lang.invoke.DirectMethodHandle$Holder.invokeSpecial(java.lang.Object, java.lang.Object, int)'> (0x000000008f667e68) thrown at [./src/hotspot/share/interpreter/linkResolver.cpp, line 773]

Events (20 events):
Event: 34.080 loading class com/android/tools/r8/internal/wF
Event: 34.080 loading class com/android/tools/r8/internal/wF done
Event: 34.614 loading class com/android/tools/r8/internal/mV
Event: 34.614 loading class com/android/tools/r8/internal/mV done
Event: 34.614 loading class com/android/tools/r8/internal/mV
Event: 34.614 loading class com/android/tools/r8/internal/mV done
Event: 34.614 loading class com/android/tools/r8/internal/lV
Event: 34.614 loading class com/android/tools/r8/internal/lV done
Event: 34.615 loading class com/android/tools/r8/code/E0
Event: 34.615 loading class com/android/tools/r8/code/E0 done
Event: 34.615 loading class com/android/tools/r8/code/E0
Event: 34.615 loading class com/android/tools/r8/code/E0 done
Event: 34.615 loading class com/android/tools/r8/code/E0
Event: 34.615 loading class com/android/tools/r8/code/E0 done
Event: 34.925 Executing VM operation: ICBufferFull
Event: 34.925 Executing VM operation: ICBufferFull done
Event: 35.902 loading class com/android/tools/r8/internal/T6
Event: 35.902 loading class com/android/tools/r8/internal/T6 done
Event: 36.000 Executing VM operation: G1CollectForAllocation
Event: 36.006 Executing VM operation: G1CollectForAllocation done


Dynamic libraries:
0x00007ff609f40000 - 0x00007ff609f4a000 	C:\Program Files\Android\Android Studio\jre\bin\java.exe
0x00007ffb13b60000 - 0x00007ffb13d50000 	C:\Windows\SYSTEM32\ntdll.dll
0x00007ffb124d0000 - 0x00007ffb12582000 	C:\Windows\System32\KERNEL32.DLL
0x00007ffb10f40000 - 0x00007ffb111e3000 	C:\Windows\System32\KERNELBASE.dll
0x00007ffb10e10000 - 0x00007ffb10f0a000 	C:\Windows\System32\ucrtbase.dll
0x00007ffb00160000 - 0x00007ffb00177000 	C:\Program Files\Android\Android Studio\jre\bin\VCRUNTIME140.dll
0x00007ffb00f90000 - 0x00007ffb00fa9000 	C:\Program Files\Android\Android Studio\jre\bin\jli.dll
0x00007ffb125d0000 - 0x00007ffb12763000 	C:\Windows\System32\USER32.dll
0x00007ffaff8e0000 - 0x00007ffaffb65000 	C:\Windows\WinSxS\amd64_microsoft.windows.common-controls_6595b64144ccf1df_6.0.18362.388_none_e6c6afa5130d5b6d\COMCTL32.dll
0x00007ffb11270000 - 0x00007ffb11291000 	C:\Windows\System32\win32u.dll
0x00007ffb12590000 - 0x00007ffb125b6000 	C:\Windows\System32\GDI32.dll
0x00007ffb127f0000 - 0x00007ffb1288e000 	C:\Windows\System32\msvcrt.dll
0x00007ffb112a0000 - 0x00007ffb11434000 	C:\Windows\System32\gdi32full.dll
0x00007ffb12e90000 - 0x00007ffb131c6000 	C:\Windows\System32\combase.dll
0x00007ffb10d70000 - 0x00007ffb10e0e000 	C:\Windows\System32\msvcp_win.dll
0x00007ffb139b0000 - 0x00007ffb13ad0000 	C:\Windows\System32\RPCRT4.dll
0x00007ffb10cf0000 - 0x00007ffb10d70000 	C:\Windows\System32\bcryptPrimitives.dll
0x00007ffb13ad0000 - 0x00007ffb13afe000 	C:\Windows\System32\IMM32.DLL
0x00007ffacbf00000 - 0x00007ffacbf9d000 	C:\Program Files\Android\Android Studio\jre\bin\msvcp140.dll
0x00007ffaaf280000 - 0x00007ffaafd65000 	C:\Program Files\Android\Android Studio\jre\bin\server\jvm.dll
0x00007ffb128a0000 - 0x00007ffb12943000 	C:\Windows\System32\ADVAPI32.dll
0x00007ffb12df0000 - 0x00007ffb12e87000 	C:\Windows\System32\sechost.dll
0x00007ffb12890000 - 0x00007ffb12898000 	C:\Windows\System32\PSAPI.DLL
0x00007ffb0e6c0000 - 0x00007ffb0e6e4000 	C:\Windows\SYSTEM32\WINMM.dll
0x00007ffb09fe0000 - 0x00007ffb09fea000 	C:\Windows\SYSTEM32\VERSION.dll
0x00007ffaf17f0000 - 0x00007ffaf17f9000 	C:\Windows\SYSTEM32\WSOCK32.dll
0x00007ffb13940000 - 0x00007ffb139af000 	C:\Windows\System32\WS2_32.dll
0x00007ffb0e660000 - 0x00007ffb0e68d000 	C:\Windows\SYSTEM32\WINMMBASE.dll
0x00007ffb11bc0000 - 0x00007ffb11c0a000 	C:\Windows\System32\cfgmgr32.dll
0x00007ffb10ad0000 - 0x00007ffb10ae1000 	C:\Windows\System32\kernel.appcore.dll
0x00007ffb0b9f0000 - 0x00007ffb0ba01000 	C:\Program Files\Android\Android Studio\jre\bin\verify.dll
0x00007ffb0f3e0000 - 0x00007ffb0f5d4000 	C:\Windows\SYSTEM32\DBGHELP.DLL
0x00007ffae6710000 - 0x00007ffae673a000 	C:\Windows\SYSTEM32\dbgcore.DLL
0x00007ffb00310000 - 0x00007ffb00339000 	C:\Program Files\Android\Android Studio\jre\bin\java.dll
0x00007ffb09030000 - 0x00007ffb0903b000 	C:\Program Files\Android\Android Studio\jre\bin\jimage.dll
0x00007ffb002f0000 - 0x00007ffb00308000 	C:\Program Files\Android\Android Studio\jre\bin\zip.dll
0x00007ffb131d0000 - 0x00007ffb138b5000 	C:\Windows\System32\SHELL32.dll
0x00007ffb12a20000 - 0x00007ffb12ac9000 	C:\Windows\System32\shcore.dll
0x00007ffb11440000 - 0x00007ffb11bbf000 	C:\Windows\System32\windows.storage.dll
0x00007ffb10a40000 - 0x00007ffb10a5f000 	C:\Windows\System32\profapi.dll
0x00007ffb10a80000 - 0x00007ffb10aca000 	C:\Windows\System32\powrprof.dll
0x00007ffb10a30000 - 0x00007ffb10a40000 	C:\Windows\System32\UMPDC.dll
0x00007ffb12ba0000 - 0x00007ffb12bf2000 	C:\Windows\System32\shlwapi.dll
0x00007ffb111f0000 - 0x00007ffb11207000 	C:\Windows\System32\cryptsp.dll
0x00007ffb002d0000 - 0x00007ffb002ea000 	C:\Program Files\Android\Android Studio\jre\bin\net.dll
0x00007ffafec30000 - 0x00007ffafed20000 	C:\Windows\SYSTEM32\WINHTTP.dll
0x00007ffb101f0000 - 0x00007ffb10257000 	C:\Windows\system32\mswsock.dll
0x00007ffaf7940000 - 0x00007ffaf7954000 	C:\Program Files\Android\Android Studio\jre\bin\nio.dll
0x00007ffad7450000 - 0x00007ffad7477000 	C:\Users\pc\.gradle\native\e1d6ef7f7dcc3fd88c89a11ec53ec762bb8ba0a96d01ffa2cd45eb1d1d8dd5c5\windows-amd64\native-platform.dll
0x00007ffac5090000 - 0x00007ffac51d4000 	C:\Users\pc\.gradle\native\0d407fdbe67a94daf76414ababcb853783967236a71b16ec16e742cd7a986fd3\windows-amd64\native-platform-file-events.dll
0x00007ffb00670000 - 0x00007ffb0067a000 	C:\Program Files\Android\Android Studio\jre\bin\management.dll
0x00007ffb00140000 - 0x00007ffb0014d000 	C:\Program Files\Android\Android Studio\jre\bin\management_ext.dll
0x00007ffb0fd70000 - 0x00007ffb0fda3000 	C:\Windows\system32\rsaenh.dll
0x00007ffb10f10000 - 0x00007ffb10f36000 	C:\Windows\System32\bcrypt.dll
0x00007ffb10920000 - 0x00007ffb10945000 	C:\Windows\SYSTEM32\USERENV.dll
0x00007ffb10370000 - 0x00007ffb1037c000 	C:\Windows\SYSTEM32\CRYPTBASE.dll
0x00007ffb0ff10000 - 0x00007ffb0ff4a000 	C:\Windows\SYSTEM32\IPHLPAPI.DLL
0x00007ffb125c0000 - 0x00007ffb125c8000 	C:\Windows\System32\NSI.dll
0x00007ffafa3a0000 - 0x00007ffafa3b6000 	C:\Windows\SYSTEM32\dhcpcsvc6.DLL
0x00007ffafa860000 - 0x00007ffafa87c000 	C:\Windows\SYSTEM32\dhcpcsvc.DLL
0x00007ffb0ff50000 - 0x00007ffb1001a000 	C:\Windows\SYSTEM32\DNSAPI.dll

dbghelp: loaded successfully - version: 4.0.5 - missing functions: none
symbol engine: initialized successfully - sym options: 0x614 - pdb path: .;C:\Program Files\Android\Android Studio\jre\bin;C:\Windows\SYSTEM32;C:\Windows\WinSxS\amd64_microsoft.windows.common-controls_6595b64144ccf1df_6.0.18362.388_none_e6c6afa5130d5b6d;C:\Program Files\Android\Android Studio\jre\bin\server;C:\Users\pc\.gradle\native\e1d6ef7f7dcc3fd88c89a11ec53ec762bb8ba0a96d01ffa2cd45eb1d1d8dd5c5\windows-amd64;C:\Users\pc\.gradle\native\0d407fdbe67a94daf76414ababcb853783967236a71b16ec16e742cd7a986fd3\windows-amd64

VM Arguments:
jvm_args: --add-opens=java.base/java.util=ALL-UNNAMED --add-opens=java.base/java.lang=ALL-UNNAMED --add-opens=java.base/java.lang.invoke=ALL-UNNAMED --add-opens=java.base/java.util=ALL-UNNAMED --add-opens=java.prefs/java.util.prefs=ALL-UNNAMED --add-opens=java.prefs/java.util.prefs=ALL-UNNAMED --add-opens=java.base/java.nio.charset=ALL-UNNAMED --add-opens=java.base/java.net=ALL-UNNAMED --add-opens=java.base/java.util.concurrent.atomic=ALL-UNNAMED -Xmx2048m -Dfile.encoding=UTF-8 -Duser.country=US -Duser.language=en -Duser.variant 
java_command: org.gradle.launcher.daemon.bootstrap.GradleDaemon 7.4
java_class_path (initial): C:\Users\pc\.gradle\wrapper\dists\gradle-7.4-bin\c0gwcg53nkjbqw7r0h0umtfvt\gradle-7.4\lib\gradle-launcher-7.4.jar
Launcher Type: SUN_STANDARD

[Global flags]
     intx CICompilerCount                          = 3                                         {product} {ergonomic}
     uint ConcGCThreads                            = 1                                         {product} {ergonomic}
     uint G1ConcRefinementThreads                  = 4                                         {product} {ergonomic}
   size_t G1HeapRegionSize                         = 1048576                                   {product} {ergonomic}
    uintx GCDrainStackTargetSize                   = 64                                        {product} {ergonomic}
   size_t InitialHeapSize                          = 134217728                                 {product} {ergonomic}
   size_t MarkStackSize                            = 4194304                                   {product} {ergonomic}
   size_t MaxHeapSize                              = 2147483648                                {product} {command line}
   size_t MaxNewSize                               = 1287651328                                {product} {ergonomic}
   size_t MinHeapDeltaBytes                        = 1048576                                   {product} {ergonomic}
    uintx NonNMethodCodeHeapSize                   = 5830732                                {pd product} {ergonomic}
    uintx NonProfiledCodeHeapSize                  = 122913754                              {pd product} {ergonomic}
    uintx ProfiledCodeHeapSize                     = 122913754                              {pd product} {ergonomic}
    uintx ReservedCodeCacheSize                    = 251658240                              {pd product} {ergonomic}
     bool SegmentedCodeCache                       = true                                      {product} {ergonomic}
     bool UseCompressedClassPointers               = true                                 {lp64_product} {ergonomic}
     bool UseCompressedOops                        = true                                 {lp64_product} {ergonomic}
     bool UseG1GC                                  = true                                      {product} {ergonomic}
     bool UseLargePagesIndividualAllocation        = false                                  {pd product} {ergonomic}

Logging:
Log output configuration:
 #0: stdout all=warning uptime,level,tags
 #1: stderr all=off uptime,level,tags

Environment Variables:
JAVA_HOME=C:\Program Files\Java\jdk-17.0.4.1
PATH=C:\Python311\Scripts\;C:\Python311\;C:\Program Files\Java\jdk-17.0.4.1\bin;C:\Program Files\Java\jdk1.8.0_241\bin;C:\Program Files\Common Files\Oracle\Java\javapath;C:\Program Files (x86)\Common Files\Oracle\Java\javapath;C:\Program Files\Microsoft MPI\Bin\;C:\Windows\system32;C:\Windows;C:\Windows\System32\Wbem;C:\Windows\System32\WindowsPowerShell\v1.0\;C:\Windows\System32\OpenSSH\;C:\Program Files (x86)\Microsoft SQL Server\150\Tools\Binn\;C:\Program Files\Microsoft SQL Server\150\Tools\Binn\;C:\Program Files\Microsoft SQL Server\150\DTS\Binn\;C:\Program Files\Microsoft SQL Server\Client SDK\ODBC\170\Tools\Binn\;C:\Program Files\Microsoft SQL Server\Client SDK\ODBC\110\Tools\Binn\;C:\Program Files\Microsoft SQL Server\120\DTS\Binn\;C:\Program Files (x86)\Microsoft SQL Server\120\Tools\Binn\;C:\Program Files\Microsoft SQL Server\120\Tools\Binn\;C:\Program Files (x86)\Microsoft SQL Server\120\Tools\Binn\ManagementStudio\;C:\Program Files (x86)\Microsoft SQL Server\120\DTS\Binn\;C:\Program Files\Git\cmd;C:\src\flutter\bin;C:\Program Files\Microsoft SQL Server\130\Tools\Binn\;C:\Program Files\dotnet\;C:\Program Files (x86)\nodejs\;C:\ProgramData\chocolatey\bin;C:\ProgramData\ComposerSetup\bin;C:\Program Files (x86)\dotnet\;C:\Users\pc\anaconda3;C:\Users\pc\anaconda3\Library\mingw-w64\bin;C:\Users\pc\anaconda3\Library\usr\bin;C:\Users\pc\anaconda3\Library\bin;C:\Users\pc\anaconda3\Scripts;C:\Users\pc\AppData\Local\Programs\Python\Python310\Scripts\;C:\Users\pc\AppData\Local\Programs\Python\Python310\;C:\Users\pc\AppData\Local\Microsoft\WindowsApps;C:\Users\pc\AppData\Local\Programs\Microsoft VS Code\bin;C:\src\dart\bin;C:\src\flutter\bin;C:\Program Files\Java\jdk-17.0.4.1\bin;C:\Program Files\Java\jdk1.8.0_241\bin;C:\Program Files\JetBrains\IntelliJ IDEA Community Edition 2022.3.1\bin;C:\Users\pc\.dotnet\tools;C:\xampp\php;C:\Users\pc\AppData\Roaming\npm;C:\Users\pc\AppData\Local\GitHubDesktop\bin;C:\Users\pc\AppData\Roaming\Composer\vendor\bin;C:\Program Files\JetB
USERNAME=pc
OS=Windows_NT
PROCESSOR_IDENTIFIER=Intel64 Family 6 Model 78 Stepping 3, GenuineIntel



---------------  S Y S T E M  ---------------

OS: Windows 10 , 64 bit Build 18362 (10.0.18362.329)
OS uptime: 15 days 5:35 hours
Hyper-V role detected

CPU:total 4 (initial active 4) (2 cores per cpu, 2 threads per core) family 6 model 78 stepping 3 microcode 0xc6, cmov, cx8, fxsr, mmx, sse, sse2, sse3, ssse3, sse4.1, sse4.2, popcnt, avx, avx2, aes, clmul, erms, rtm, 3dnowpref, lzcnt, ht, tsc, tscinvbit, bmi1, bmi2, adx, fma

Memory: 4k page, system-wide physical 8072M (583M free)
TotalPageFile size 13072M (AvailPageFile size 7M)
current process WorkingSet (physical memory assigned to process): 626M, peak: 629M
current process commit charge ("private bytes"): 660M, peak: 665M

vm_info: OpenJDK 64-Bit Server VM (11.0.12+7-b1504.28-7817840) for windows-amd64 JRE (11.0.12+7-b1504.28-7817840), built on Oct 13 2021 22:12:33 by "builder" with MS VC++ 14.0 (VS2015)

END.
